[5.355s] DEBUG:colcon:Command line arguments: ['/usr/bin/colcon', 'build', '--packages-select', 'lunabotics']
[5.356s] DEBUG:colcon:Parsed command line arguments: Namespace(log_base=None, log_level=None, verb_name='build', build_base='build', install_base='install', merge_install=False, symlink_install=False, test_result_base=None, continue_on_error=False, executor='parallel', parallel_workers=4, event_handlers=None, ignore_user_meta=False, metas=['./colcon.meta'], base_paths=['.'], packages_ignore=None, packages_ignore_regex=None, paths=None, packages_up_to=None, packages_up_to_regex=None, packages_above=None, packages_above_and_dependencies=None, packages_above_depth=None, packages_select_by_dep=None, packages_skip_by_dep=None, packages_skip_up_to=None, packages_select_build_failed=False, packages_skip_build_finished=False, packages_select_test_failures=False, packages_skip_test_passed=False, packages_select=['lunabotics'], packages_skip=None, packages_select_regex=None, packages_skip_regex=None, packages_start=None, packages_end=None, allow_overriding=[], cmake_args=None, cmake_target=None, cmake_target_skip_unavailable=False, cmake_clean_cache=False, cmake_clean_first=False, cmake_force_configure=False, ament_cmake_args=None, catkin_cmake_args=None, catkin_skip_building_tests=False, verb_parser=<colcon_defaults.argument_parser.defaults.DefaultArgumentsDecorator object at 0xffff9d6e4bb0>, verb_extension=<colcon_core.verb.build.BuildVerb object at 0xffff9db379a0>, main=<bound method BuildVerb.main of <colcon_core.verb.build.BuildVerb object at 0xffff9db379a0>>)
[5.590s] Level 1:colcon.colcon_core.package_discovery:discover_packages(colcon_meta) check parameters
[5.590s] Level 1:colcon.colcon_core.package_discovery:discover_packages(recursive) check parameters
[5.590s] Level 1:colcon.colcon_core.package_discovery:discover_packages(ignore) check parameters
[5.590s] Level 1:colcon.colcon_core.package_discovery:discover_packages(path) check parameters
[5.590s] Level 1:colcon.colcon_core.package_discovery:discover_packages(colcon_meta) discover
[5.591s] Level 1:colcon.colcon_core.package_discovery:discover_packages(recursive) discover
[5.591s] INFO:colcon.colcon_core.package_discovery:Crawling recursively for packages in '/home/lunabotics/ros_lunabotics'
[5.591s] Level 1:colcon.colcon_core.package_identification:_identify(.) by extensions ['ignore', 'ignore_ament_install']
[5.592s] Level 1:colcon.colcon_core.package_identification:_identify(.) by extension 'ignore'
[5.592s] Level 1:colcon.colcon_core.package_identification:_identify(.) by extension 'ignore_ament_install'
[5.592s] Level 1:colcon.colcon_core.package_identification:_identify(.) by extensions ['colcon_pkg']
[5.592s] Level 1:colcon.colcon_core.package_identification:_identify(.) by extension 'colcon_pkg'
[5.593s] Level 1:colcon.colcon_core.package_identification:_identify(.) by extensions ['colcon_meta']
[5.593s] Level 1:colcon.colcon_core.package_identification:_identify(.) by extension 'colcon_meta'
[5.593s] Level 1:colcon.colcon_core.package_identification:_identify(.) by extensions ['ros']
[5.593s] Level 1:colcon.colcon_core.package_identification:_identify(.) by extension 'ros'
[5.640s] Level 1:colcon.colcon_core.package_identification:_identify(.) by extensions ['cmake', 'python']
[5.640s] Level 1:colcon.colcon_core.package_identification:_identify(.) by extension 'cmake'
[5.640s] Level 1:colcon.colcon_core.package_identification:_identify(.) by extension 'python'
[5.640s] Level 1:colcon.colcon_core.package_identification:_identify(.) by extensions ['python_setup_py']
[5.640s] Level 1:colcon.colcon_core.package_identification:_identify(.) by extension 'python_setup_py'
[5.641s] Level 1:colcon.colcon_core.package_identification:_identify(build) by extensions ['ignore', 'ignore_ament_install']
[5.641s] Level 1:colcon.colcon_core.package_identification:_identify(build) by extension 'ignore'
[5.641s] Level 1:colcon.colcon_core.package_identification:_identify(build) ignored
[5.642s] Level 1:colcon.colcon_core.package_identification:_identify(install) by extensions ['ignore', 'ignore_ament_install']
[5.642s] Level 1:colcon.colcon_core.package_identification:_identify(install) by extension 'ignore'
[5.642s] Level 1:colcon.colcon_core.package_identification:_identify(install) ignored
[5.643s] Level 1:colcon.colcon_core.package_identification:_identify(log) by extensions ['ignore', 'ignore_ament_install']
[5.643s] Level 1:colcon.colcon_core.package_identification:_identify(log) by extension 'ignore'
[5.643s] Level 1:colcon.colcon_core.package_identification:_identify(log) ignored
[5.644s] Level 1:colcon.colcon_core.package_identification:_identify(src) by extensions ['ignore', 'ignore_ament_install']
[5.644s] Level 1:colcon.colcon_core.package_identification:_identify(src) by extension 'ignore'
[5.644s] Level 1:colcon.colcon_core.package_identification:_identify(src) by extension 'ignore_ament_install'
[5.644s] Level 1:colcon.colcon_core.package_identification:_identify(src) by extensions ['colcon_pkg']
[5.645s] Level 1:colcon.colcon_core.package_identification:_identify(src) by extension 'colcon_pkg'
[5.645s] Level 1:colcon.colcon_core.package_identification:_identify(src) by extensions ['colcon_meta']
[5.645s] Level 1:colcon.colcon_core.package_identification:_identify(src) by extension 'colcon_meta'
[5.645s] Level 1:colcon.colcon_core.package_identification:_identify(src) by extensions ['ros']
[5.645s] Level 1:colcon.colcon_core.package_identification:_identify(src) by extension 'ros'
[5.645s] Level 1:colcon.colcon_core.package_identification:_identify(src) by extensions ['cmake', 'python']
[5.646s] Level 1:colcon.colcon_core.package_identification:_identify(src) by extension 'cmake'
[5.646s] Level 1:colcon.colcon_core.package_identification:_identify(src) by extension 'python'
[5.646s] Level 1:colcon.colcon_core.package_identification:_identify(src) by extensions ['python_setup_py']
[5.646s] Level 1:colcon.colcon_core.package_identification:_identify(src) by extension 'python_setup_py'
[5.646s] Level 1:colcon.colcon_core.package_identification:_identify(src/lidar) by extensions ['ignore', 'ignore_ament_install']
[5.647s] Level 1:colcon.colcon_core.package_identification:_identify(src/lidar) by extension 'ignore'
[5.647s] Level 1:colcon.colcon_core.package_identification:_identify(src/lidar) by extension 'ignore_ament_install'
[5.647s] Level 1:colcon.colcon_core.package_identification:_identify(src/lidar) by extensions ['colcon_pkg']
[5.647s] Level 1:colcon.colcon_core.package_identification:_identify(src/lidar) by extension 'colcon_pkg'
[5.647s] Level 1:colcon.colcon_core.package_identification:_identify(src/lidar) by extensions ['colcon_meta']
[5.647s] Level 1:colcon.colcon_core.package_identification:_identify(src/lidar) by extension 'colcon_meta'
[5.648s] Level 1:colcon.colcon_core.package_identification:_identify(src/lidar) by extensions ['ros']
[5.648s] Level 1:colcon.colcon_core.package_identification:_identify(src/lidar) by extension 'ros'
[5.648s] Level 1:colcon.colcon_core.package_identification:_identify(src/lidar) by extensions ['cmake', 'python']
[5.648s] Level 1:colcon.colcon_core.package_identification:_identify(src/lidar) by extension 'cmake'
[5.648s] Level 1:colcon.colcon_core.package_identification:_identify(src/lidar) by extension 'python'
[5.649s] Level 1:colcon.colcon_core.package_identification:_identify(src/lidar) by extensions ['python_setup_py']
[5.649s] Level 1:colcon.colcon_core.package_identification:_identify(src/lidar) by extension 'python_setup_py'
[5.649s] Level 1:colcon.colcon_core.package_identification:_identify(src/lidar/rplidar_ros2) by extensions ['ignore', 'ignore_ament_install']
[5.650s] Level 1:colcon.colcon_core.package_identification:_identify(src/lidar/rplidar_ros2) by extension 'ignore'
[5.650s] Level 1:colcon.colcon_core.package_identification:_identify(src/lidar/rplidar_ros2) by extension 'ignore_ament_install'
[5.650s] Level 1:colcon.colcon_core.package_identification:_identify(src/lidar/rplidar_ros2) by extensions ['colcon_pkg']
[5.650s] Level 1:colcon.colcon_core.package_identification:_identify(src/lidar/rplidar_ros2) by extension 'colcon_pkg'
[5.650s] Level 1:colcon.colcon_core.package_identification:_identify(src/lidar/rplidar_ros2) by extensions ['colcon_meta']
[5.650s] Level 1:colcon.colcon_core.package_identification:_identify(src/lidar/rplidar_ros2) by extension 'colcon_meta'
[5.651s] Level 1:colcon.colcon_core.package_identification:_identify(src/lidar/rplidar_ros2) by extensions ['ros']
[5.651s] Level 1:colcon.colcon_core.package_identification:_identify(src/lidar/rplidar_ros2) by extension 'ros'
[5.659s] DEBUG:colcon.colcon_core.package_identification:Package 'src/lidar/rplidar_ros2' with type 'ros.ament_cmake' and name 'rplidar_ros'
[5.660s] Level 1:colcon.colcon_core.package_identification:_identify(src/lunabotics) by extensions ['ignore', 'ignore_ament_install']
[5.661s] Level 1:colcon.colcon_core.package_identification:_identify(src/lunabotics) by extension 'ignore'
[5.661s] Level 1:colcon.colcon_core.package_identification:_identify(src/lunabotics) by extension 'ignore_ament_install'
[5.661s] Level 1:colcon.colcon_core.package_identification:_identify(src/lunabotics) by extensions ['colcon_pkg']
[5.661s] Level 1:colcon.colcon_core.package_identification:_identify(src/lunabotics) by extension 'colcon_pkg'
[5.661s] Level 1:colcon.colcon_core.package_identification:_identify(src/lunabotics) by extensions ['colcon_meta']
[5.661s] Level 1:colcon.colcon_core.package_identification:_identify(src/lunabotics) by extension 'colcon_meta'
[5.662s] Level 1:colcon.colcon_core.package_identification:_identify(src/lunabotics) by extensions ['ros']
[5.662s] Level 1:colcon.colcon_core.package_identification:_identify(src/lunabotics) by extension 'ros'
[5.664s] DEBUG:colcon.colcon_core.package_identification:Package 'src/lunabotics' with type 'ros.ament_python' and name 'lunabotics'
[5.664s] Level 1:colcon.colcon_core.package_discovery:discover_packages(recursive) using defaults
[5.664s] Level 1:colcon.colcon_core.package_discovery:discover_packages(ignore) discover
[5.664s] Level 1:colcon.colcon_core.package_discovery:discover_packages(ignore) using defaults
[5.665s] Level 1:colcon.colcon_core.package_discovery:discover_packages(path) discover
[5.665s] Level 1:colcon.colcon_core.package_discovery:discover_packages(path) using defaults
[5.968s] INFO:colcon.colcon_core.package_selection:Skipping not selected package 'rplidar_ros' in 'src/lidar/rplidar_ros2'
[6.120s] Level 1:colcon.colcon_core.package_discovery:discover_packages(prefix_path) check parameters
[6.120s] Level 1:colcon.colcon_core.package_discovery:discover_packages(prefix_path) discover
[6.285s] DEBUG:colcon.colcon_installed_package_information.package_discovery:Found 270 installed packages in /opt/ros/humble
[6.327s] Level 1:colcon.colcon_core.package_discovery:discover_packages(prefix_path) using defaults
[6.744s] Level 5:colcon.colcon_core.verb:set package 'lunabotics' build argument 'cmake_args' from command line to 'None'
[6.744s] Level 5:colcon.colcon_core.verb:set package 'lunabotics' build argument 'cmake_target' from command line to 'None'
[6.744s] Level 5:colcon.colcon_core.verb:set package 'lunabotics' build argument 'cmake_target_skip_unavailable' from command line to 'False'
[6.744s] Level 5:colcon.colcon_core.verb:set package 'lunabotics' build argument 'cmake_clean_cache' from command line to 'False'
[6.744s] Level 5:colcon.colcon_core.verb:set package 'lunabotics' build argument 'cmake_clean_first' from command line to 'False'
[6.744s] Level 5:colcon.colcon_core.verb:set package 'lunabotics' build argument 'cmake_force_configure' from command line to 'False'
[6.744s] Level 5:colcon.colcon_core.verb:set package 'lunabotics' build argument 'ament_cmake_args' from command line to 'None'
[6.744s] Level 5:colcon.colcon_core.verb:set package 'lunabotics' build argument 'catkin_cmake_args' from command line to 'None'
[6.745s] Level 5:colcon.colcon_core.verb:set package 'lunabotics' build argument 'catkin_skip_building_tests' from command line to 'False'
[6.745s] DEBUG:colcon.colcon_core.verb:Building package 'lunabotics' with the following arguments: {'ament_cmake_args': None, 'build_base': '/home/lunabotics/ros_lunabotics/build/lunabotics', 'catkin_cmake_args': None, 'catkin_skip_building_tests': False, 'cmake_args': None, 'cmake_clean_cache': False, 'cmake_clean_first': False, 'cmake_force_configure': False, 'cmake_target': None, 'cmake_target_skip_unavailable': False, 'install_base': '/home/lunabotics/ros_lunabotics/install/lunabotics', 'merge_install': False, 'path': '/home/lunabotics/ros_lunabotics/src/lunabotics', 'symlink_install': False, 'test_result_base': None}
[6.821s] INFO:colcon.colcon_core.executor:Executing jobs using 'parallel' executor
[6.901s] DEBUG:colcon.colcon_parallel_executor.executor.parallel:run_until_complete
[6.902s] INFO:colcon.colcon_ros.task.ament_python.build:Building ROS package in '/home/lunabotics/ros_lunabotics/src/lunabotics' with build type 'ament_python'
[6.903s] Level 1:colcon.colcon_core.shell:create_environment_hook('lunabotics', 'ament_prefix_path')
[6.989s] INFO:colcon.colcon_core.plugin_system:Skipping extension 'colcon_core.shell.bat': Not used on non-Windows systems
[6.990s] INFO:colcon.colcon_core.shell:Creating environment hook '/home/lunabotics/ros_lunabotics/install/lunabotics/share/lunabotics/hook/ament_prefix_path.ps1'
[6.993s] INFO:colcon.colcon_core.shell:Creating environment descriptor '/home/lunabotics/ros_lunabotics/install/lunabotics/share/lunabotics/hook/ament_prefix_path.dsv'
[6.994s] INFO:colcon.colcon_core.shell:Creating environment hook '/home/lunabotics/ros_lunabotics/install/lunabotics/share/lunabotics/hook/ament_prefix_path.sh'
[7.077s] INFO:colcon.colcon_core.shell:Skip shell extension 'powershell' for command environment: Not usable outside of PowerShell
[7.077s] DEBUG:colcon.colcon_core.shell:Skip shell extension 'dsv' for command environment
[8.618s] INFO:colcon.colcon_core.task.python.build:Building Python package in '/home/lunabotics/ros_lunabotics/src/lunabotics'
[8.698s] INFO:colcon.colcon_core.shell:Skip shell extension 'powershell' for command environment: Not usable outside of PowerShell
[8.698s] DEBUG:colcon.colcon_core.shell:Skip shell extension 'dsv' for command environment
[10.627s] DEBUG:colcon.colcon_core.event_handler.log_command:Invoking command in '/home/lunabotics/ros_lunabotics/src/lunabotics': PYTHONPATH=/home/lunabotics/ros_lunabotics/build/lunabotics/prefix_override:/home/lunabotics/ros_lunabotics/install/lunabotics/lib/python3.10/site-packages:${PYTHONPATH} /usr/bin/python3 setup.py egg_info --egg-base ../../build/lunabotics build --build-base /home/lunabotics/ros_lunabotics/build/lunabotics/build install --record /home/lunabotics/ros_lunabotics/build/lunabotics/install.log --single-version-externally-managed
[12.156s] DEBUG:colcon.colcon_core.event_handler.log_command:Invoked command in '/home/lunabotics/ros_lunabotics/src/lunabotics' returned '0': PYTHONPATH=/home/lunabotics/ros_lunabotics/build/lunabotics/prefix_override:/home/lunabotics/ros_lunabotics/install/lunabotics/lib/python3.10/site-packages:${PYTHONPATH} /usr/bin/python3 setup.py egg_info --egg-base ../../build/lunabotics build --build-base /home/lunabotics/ros_lunabotics/build/lunabotics/build install --record /home/lunabotics/ros_lunabotics/build/lunabotics/install.log --single-version-externally-managed
[12.245s] Level 1:colcon.colcon_core.environment:checking '/home/lunabotics/ros_lunabotics/install/lunabotics' for CMake module files
[12.247s] Level 1:colcon.colcon_core.environment:checking '/home/lunabotics/ros_lunabotics/install/lunabotics' for CMake config files
[12.251s] Level 1:colcon.colcon_core.environment:checking '/home/lunabotics/ros_lunabotics/install/lunabotics/lib'
[12.252s] Level 1:colcon.colcon_core.environment:checking '/home/lunabotics/ros_lunabotics/install/lunabotics/bin'
[12.252s] Level 1:colcon.colcon_core.environment:checking '/home/lunabotics/ros_lunabotics/install/lunabotics/lib/pkgconfig/lunabotics.pc'
[12.253s] Level 1:colcon.colcon_core.environment:checking '/home/lunabotics/ros_lunabotics/install/lunabotics/lib/python3.10/site-packages'
[12.253s] Level 1:colcon.colcon_core.shell:create_environment_hook('lunabotics', 'pythonpath')
[12.331s] INFO:colcon.colcon_core.shell:Creating environment hook '/home/lunabotics/ros_lunabotics/install/lunabotics/share/lunabotics/hook/pythonpath.ps1'
[12.333s] INFO:colcon.colcon_core.shell:Creating environment descriptor '/home/lunabotics/ros_lunabotics/install/lunabotics/share/lunabotics/hook/pythonpath.dsv'
[12.335s] INFO:colcon.colcon_core.shell:Creating environment hook '/home/lunabotics/ros_lunabotics/install/lunabotics/share/lunabotics/hook/pythonpath.sh'
[12.337s] Level 1:colcon.colcon_core.environment:checking '/home/lunabotics/ros_lunabotics/install/lunabotics/bin'
[12.337s] Level 1:colcon.colcon_core.environment:create_environment_scripts_only(lunabotics)
[12.416s] INFO:colcon.colcon_core.shell:Creating package script '/home/lunabotics/ros_lunabotics/install/lunabotics/share/lunabotics/package.ps1'
[12.419s] INFO:colcon.colcon_core.shell:Creating package descriptor '/home/lunabotics/ros_lunabotics/install/lunabotics/share/lunabotics/package.dsv'
[12.422s] INFO:colcon.colcon_core.shell:Creating package script '/home/lunabotics/ros_lunabotics/install/lunabotics/share/lunabotics/package.sh'
[12.425s] INFO:colcon.colcon_core.shell:Creating package script '/home/lunabotics/ros_lunabotics/install/lunabotics/share/lunabotics/package.bash'
[12.428s] INFO:colcon.colcon_core.shell:Creating package script '/home/lunabotics/ros_lunabotics/install/lunabotics/share/lunabotics/package.zsh'
[12.431s] Level 1:colcon.colcon_core.environment:create_file_with_runtime_dependencies(/home/lunabotics/ros_lunabotics/install/lunabotics/share/colcon-core/packages/lunabotics)
[12.432s] DEBUG:colcon.colcon_parallel_executor.executor.parallel:closing loop
[12.433s] DEBUG:colcon.colcon_parallel_executor.executor.parallel:loop closed
[12.434s] DEBUG:colcon.colcon_parallel_executor.executor.parallel:run_until_complete finished with '0'
[12.434s] DEBUG:colcon.colcon_core.event_reactor:joining thread
[12.532s] INFO:colcon.colcon_core.plugin_system:Skipping extension 'colcon_notification.desktop_notification.terminal_notifier': Not used on non-Darwin systems
[12.532s] INFO:colcon.colcon_core.plugin_system:Skipping extension 'colcon_notification.desktop_notification.win32': Not used on non-Windows systems
[12.532s] INFO:colcon.colcon_notification.desktop_notification:Sending desktop notification using 'notify2'
[12.585s] DEBUG:colcon.colcon_core.event_reactor:joined thread
[12.674s] INFO:colcon.colcon_core.shell:Creating prefix script '/home/lunabotics/ros_lunabotics/install/local_setup.ps1'
[12.678s] INFO:colcon.colcon_core.shell:Creating prefix util module '/home/lunabotics/ros_lunabotics/install/_local_setup_util_ps1.py'
[12.683s] INFO:colcon.colcon_core.shell:Creating prefix chain script '/home/lunabotics/ros_lunabotics/install/setup.ps1'
[12.764s] INFO:colcon.colcon_core.shell:Creating prefix script '/home/lunabotics/ros_lunabotics/install/local_setup.sh'
[12.767s] INFO:colcon.colcon_core.shell:Creating prefix util module '/home/lunabotics/ros_lunabotics/install/_local_setup_util_sh.py'
[12.769s] INFO:colcon.colcon_core.shell:Creating prefix chain script '/home/lunabotics/ros_lunabotics/install/setup.sh'
[12.852s] INFO:colcon.colcon_core.shell:Creating prefix script '/home/lunabotics/ros_lunabotics/install/local_setup.bash'
[12.854s] INFO:colcon.colcon_core.shell:Creating prefix chain script '/home/lunabotics/ros_lunabotics/install/setup.bash'
[12.935s] INFO:colcon.colcon_core.shell:Creating prefix script '/home/lunabotics/ros_lunabotics/install/local_setup.zsh'
[12.937s] INFO:colcon.colcon_core.shell:Creating prefix chain script '/home/lunabotics/ros_lunabotics/install/setup.zsh'
