[5.980s] DEBUG:colcon:Command line arguments: ['/usr/bin/colcon', 'build', '--symlink-install']
[5.980s] DEBUG:colcon:Parsed command line arguments: Namespace(log_base=None, log_level=None, verb_name='build', build_base='build', install_base='install', merge_install=False, symlink_install=True, test_result_base=None, continue_on_error=False, executor='parallel', parallel_workers=4, event_handlers=None, ignore_user_meta=False, metas=['./colcon.meta'], base_paths=['.'], packages_ignore=None, packages_ignore_regex=None, paths=None, packages_up_to=None, packages_up_to_regex=None, packages_above=None, packages_above_and_dependencies=None, packages_above_depth=None, packages_select_by_dep=None, packages_skip_by_dep=None, packages_skip_up_to=None, packages_select_build_failed=False, packages_skip_build_finished=False, packages_select_test_failures=False, packages_skip_test_passed=False, packages_select=None, packages_skip=None, packages_select_regex=None, packages_skip_regex=None, packages_start=None, packages_end=None, allow_overriding=[], cmake_args=None, cmake_target=None, cmake_target_skip_unavailable=False, cmake_clean_cache=False, cmake_clean_first=False, cmake_force_configure=False, ament_cmake_args=None, catkin_cmake_args=None, catkin_skip_building_tests=False, verb_parser=<colcon_defaults.argument_parser.defaults.DefaultArgumentsDecorator object at 0xffff989b0040>, verb_extension=<colcon_core.verb.build.BuildVerb object at 0xffff98e07dc0>, main=<bound method BuildVerb.main of <colcon_core.verb.build.BuildVerb object at 0xffff98e07dc0>>)
[6.302s] Level 1:colcon.colcon_core.package_discovery:discover_packages(colcon_meta) check parameters
[6.303s] Level 1:colcon.colcon_core.package_discovery:discover_packages(recursive) check parameters
[6.303s] Level 1:colcon.colcon_core.package_discovery:discover_packages(ignore) check parameters
[6.304s] Level 1:colcon.colcon_core.package_discovery:discover_packages(path) check parameters
[6.304s] Level 1:colcon.colcon_core.package_discovery:discover_packages(colcon_meta) discover
[6.304s] Level 1:colcon.colcon_core.package_discovery:discover_packages(recursive) discover
[6.304s] INFO:colcon.colcon_core.package_discovery:Crawling recursively for packages in '/home/lunabotics/ros_lunabotics'
[6.304s] Level 1:colcon.colcon_core.package_identification:_identify(.) by extensions ['ignore', 'ignore_ament_install']
[6.305s] Level 1:colcon.colcon_core.package_identification:_identify(.) by extension 'ignore'
[6.305s] Level 1:colcon.colcon_core.package_identification:_identify(.) by extension 'ignore_ament_install'
[6.305s] Level 1:colcon.colcon_core.package_identification:_identify(.) by extensions ['colcon_pkg']
[6.305s] Level 1:colcon.colcon_core.package_identification:_identify(.) by extension 'colcon_pkg'
[6.306s] Level 1:colcon.colcon_core.package_identification:_identify(.) by extensions ['colcon_meta']
[6.306s] Level 1:colcon.colcon_core.package_identification:_identify(.) by extension 'colcon_meta'
[6.306s] Level 1:colcon.colcon_core.package_identification:_identify(.) by extensions ['ros']
[6.306s] Level 1:colcon.colcon_core.package_identification:_identify(.) by extension 'ros'
[6.375s] Level 1:colcon.colcon_core.package_identification:_identify(.) by extensions ['cmake', 'python']
[6.375s] Level 1:colcon.colcon_core.package_identification:_identify(.) by extension 'cmake'
[6.376s] Level 1:colcon.colcon_core.package_identification:_identify(.) by extension 'python'
[6.376s] Level 1:colcon.colcon_core.package_identification:_identify(.) by extensions ['python_setup_py']
[6.376s] Level 1:colcon.colcon_core.package_identification:_identify(.) by extension 'python_setup_py'
[6.376s] Level 1:colcon.colcon_core.package_identification:_identify(build) by extensions ['ignore', 'ignore_ament_install']
[6.377s] Level 1:colcon.colcon_core.package_identification:_identify(build) by extension 'ignore'
[6.377s] Level 1:colcon.colcon_core.package_identification:_identify(build) ignored
[6.377s] Level 1:colcon.colcon_core.package_identification:_identify(install) by extensions ['ignore', 'ignore_ament_install']
[6.378s] Level 1:colcon.colcon_core.package_identification:_identify(install) by extension 'ignore'
[6.378s] Level 1:colcon.colcon_core.package_identification:_identify(install) ignored
[6.378s] Level 1:colcon.colcon_core.package_identification:_identify(log) by extensions ['ignore', 'ignore_ament_install']
[6.379s] Level 1:colcon.colcon_core.package_identification:_identify(log) by extension 'ignore'
[6.379s] Level 1:colcon.colcon_core.package_identification:_identify(log) ignored
[6.379s] Level 1:colcon.colcon_core.package_identification:_identify(src) by extensions ['ignore', 'ignore_ament_install']
[6.380s] Level 1:colcon.colcon_core.package_identification:_identify(src) by extension 'ignore'
[6.380s] Level 1:colcon.colcon_core.package_identification:_identify(src) by extension 'ignore_ament_install'
[6.380s] Level 1:colcon.colcon_core.package_identification:_identify(src) by extensions ['colcon_pkg']
[6.380s] Level 1:colcon.colcon_core.package_identification:_identify(src) by extension 'colcon_pkg'
[6.380s] Level 1:colcon.colcon_core.package_identification:_identify(src) by extensions ['colcon_meta']
[6.380s] Level 1:colcon.colcon_core.package_identification:_identify(src) by extension 'colcon_meta'
[6.381s] Level 1:colcon.colcon_core.package_identification:_identify(src) by extensions ['ros']
[6.381s] Level 1:colcon.colcon_core.package_identification:_identify(src) by extension 'ros'
[6.381s] Level 1:colcon.colcon_core.package_identification:_identify(src) by extensions ['cmake', 'python']
[6.381s] Level 1:colcon.colcon_core.package_identification:_identify(src) by extension 'cmake'
[6.381s] Level 1:colcon.colcon_core.package_identification:_identify(src) by extension 'python'
[6.381s] Level 1:colcon.colcon_core.package_identification:_identify(src) by extensions ['python_setup_py']
[6.382s] Level 1:colcon.colcon_core.package_identification:_identify(src) by extension 'python_setup_py'
[6.382s] Level 1:colcon.colcon_core.package_identification:_identify(src/lidar) by extensions ['ignore', 'ignore_ament_install']
[6.382s] Level 1:colcon.colcon_core.package_identification:_identify(src/lidar) by extension 'ignore'
[6.382s] Level 1:colcon.colcon_core.package_identification:_identify(src/lidar) by extension 'ignore_ament_install'
[6.383s] Level 1:colcon.colcon_core.package_identification:_identify(src/lidar) by extensions ['colcon_pkg']
[6.383s] Level 1:colcon.colcon_core.package_identification:_identify(src/lidar) by extension 'colcon_pkg'
[6.383s] Level 1:colcon.colcon_core.package_identification:_identify(src/lidar) by extensions ['colcon_meta']
[6.383s] Level 1:colcon.colcon_core.package_identification:_identify(src/lidar) by extension 'colcon_meta'
[6.383s] Level 1:colcon.colcon_core.package_identification:_identify(src/lidar) by extensions ['ros']
[6.383s] Level 1:colcon.colcon_core.package_identification:_identify(src/lidar) by extension 'ros'
[6.384s] Level 1:colcon.colcon_core.package_identification:_identify(src/lidar) by extensions ['cmake', 'python']
[6.384s] Level 1:colcon.colcon_core.package_identification:_identify(src/lidar) by extension 'cmake'
[6.384s] Level 1:colcon.colcon_core.package_identification:_identify(src/lidar) by extension 'python'
[6.384s] Level 1:colcon.colcon_core.package_identification:_identify(src/lidar) by extensions ['python_setup_py']
[6.384s] Level 1:colcon.colcon_core.package_identification:_identify(src/lidar) by extension 'python_setup_py'
[6.385s] Level 1:colcon.colcon_core.package_identification:_identify(src/lidar/rplidar_ros2) by extensions ['ignore', 'ignore_ament_install']
[6.385s] Level 1:colcon.colcon_core.package_identification:_identify(src/lidar/rplidar_ros2) by extension 'ignore'
[6.385s] Level 1:colcon.colcon_core.package_identification:_identify(src/lidar/rplidar_ros2) by extension 'ignore_ament_install'
[6.386s] Level 1:colcon.colcon_core.package_identification:_identify(src/lidar/rplidar_ros2) by extensions ['colcon_pkg']
[6.386s] Level 1:colcon.colcon_core.package_identification:_identify(src/lidar/rplidar_ros2) by extension 'colcon_pkg'
[6.386s] Level 1:colcon.colcon_core.package_identification:_identify(src/lidar/rplidar_ros2) by extensions ['colcon_meta']
[6.386s] Level 1:colcon.colcon_core.package_identification:_identify(src/lidar/rplidar_ros2) by extension 'colcon_meta'
[6.386s] Level 1:colcon.colcon_core.package_identification:_identify(src/lidar/rplidar_ros2) by extensions ['ros']
[6.386s] Level 1:colcon.colcon_core.package_identification:_identify(src/lidar/rplidar_ros2) by extension 'ros'
[6.399s] DEBUG:colcon.colcon_core.package_identification:Package 'src/lidar/rplidar_ros2' with type 'ros.ament_cmake' and name 'rplidar_ros'
[6.400s] Level 1:colcon.colcon_core.package_identification:_identify(src/lunabotics) by extensions ['ignore', 'ignore_ament_install']
[6.400s] Level 1:colcon.colcon_core.package_identification:_identify(src/lunabotics) by extension 'ignore'
[6.401s] Level 1:colcon.colcon_core.package_identification:_identify(src/lunabotics) by extension 'ignore_ament_install'
[6.401s] Level 1:colcon.colcon_core.package_identification:_identify(src/lunabotics) by extensions ['colcon_pkg']
[6.401s] Level 1:colcon.colcon_core.package_identification:_identify(src/lunabotics) by extension 'colcon_pkg'
[6.401s] Level 1:colcon.colcon_core.package_identification:_identify(src/lunabotics) by extensions ['colcon_meta']
[6.401s] Level 1:colcon.colcon_core.package_identification:_identify(src/lunabotics) by extension 'colcon_meta'
[6.402s] Level 1:colcon.colcon_core.package_identification:_identify(src/lunabotics) by extensions ['ros']
[6.402s] Level 1:colcon.colcon_core.package_identification:_identify(src/lunabotics) by extension 'ros'
[6.405s] DEBUG:colcon.colcon_core.package_identification:Package 'src/lunabotics' with type 'ros.ament_python' and name 'lunabotics'
[6.405s] Level 1:colcon.colcon_core.package_discovery:discover_packages(recursive) using defaults
[6.405s] Level 1:colcon.colcon_core.package_discovery:discover_packages(ignore) discover
[6.406s] Level 1:colcon.colcon_core.package_discovery:discover_packages(ignore) using defaults
[6.406s] Level 1:colcon.colcon_core.package_discovery:discover_packages(path) discover
[6.406s] Level 1:colcon.colcon_core.package_discovery:discover_packages(path) using defaults
[6.890s] Level 1:colcon.colcon_core.package_discovery:discover_packages(prefix_path) check parameters
[6.890s] Level 1:colcon.colcon_core.package_discovery:discover_packages(prefix_path) discover
[7.063s] DEBUG:colcon.colcon_installed_package_information.package_discovery:Found 270 installed packages in /opt/ros/humble
[7.107s] Level 1:colcon.colcon_core.package_discovery:discover_packages(prefix_path) using defaults
[7.528s] Level 5:colcon.colcon_core.verb:set package 'lunabotics' build argument 'cmake_args' from command line to 'None'
[7.529s] Level 5:colcon.colcon_core.verb:set package 'lunabotics' build argument 'cmake_target' from command line to 'None'
[7.529s] Level 5:colcon.colcon_core.verb:set package 'lunabotics' build argument 'cmake_target_skip_unavailable' from command line to 'False'
[7.529s] Level 5:colcon.colcon_core.verb:set package 'lunabotics' build argument 'cmake_clean_cache' from command line to 'False'
[7.529s] Level 5:colcon.colcon_core.verb:set package 'lunabotics' build argument 'cmake_clean_first' from command line to 'False'
[7.529s] Level 5:colcon.colcon_core.verb:set package 'lunabotics' build argument 'cmake_force_configure' from command line to 'False'
[7.529s] Level 5:colcon.colcon_core.verb:set package 'lunabotics' build argument 'ament_cmake_args' from command line to 'None'
[7.529s] Level 5:colcon.colcon_core.verb:set package 'lunabotics' build argument 'catkin_cmake_args' from command line to 'None'
[7.530s] Level 5:colcon.colcon_core.verb:set package 'lunabotics' build argument 'catkin_skip_building_tests' from command line to 'False'
[7.530s] DEBUG:colcon.colcon_core.verb:Building package 'lunabotics' with the following arguments: {'ament_cmake_args': None, 'build_base': '/home/lunabotics/ros_lunabotics/build/lunabotics', 'catkin_cmake_args': None, 'catkin_skip_building_tests': False, 'cmake_args': None, 'cmake_clean_cache': False, 'cmake_clean_first': False, 'cmake_force_configure': False, 'cmake_target': None, 'cmake_target_skip_unavailable': False, 'install_base': '/home/lunabotics/ros_lunabotics/install/lunabotics', 'merge_install': False, 'path': '/home/lunabotics/ros_lunabotics/src/lunabotics', 'symlink_install': True, 'test_result_base': None}
[7.607s] Level 5:colcon.colcon_core.verb:set package 'rplidar_ros' build argument 'cmake_args' from command line to 'None'
[7.607s] Level 5:colcon.colcon_core.verb:set package 'rplidar_ros' build argument 'cmake_target' from command line to 'None'
[7.607s] Level 5:colcon.colcon_core.verb:set package 'rplidar_ros' build argument 'cmake_target_skip_unavailable' from command line to 'False'
[7.608s] Level 5:colcon.colcon_core.verb:set package 'rplidar_ros' build argument 'cmake_clean_cache' from command line to 'False'
[7.608s] Level 5:colcon.colcon_core.verb:set package 'rplidar_ros' build argument 'cmake_clean_first' from command line to 'False'
[7.608s] Level 5:colcon.colcon_core.verb:set package 'rplidar_ros' build argument 'cmake_force_configure' from command line to 'False'
[7.608s] Level 5:colcon.colcon_core.verb:set package 'rplidar_ros' build argument 'ament_cmake_args' from command line to 'None'
[7.608s] Level 5:colcon.colcon_core.verb:set package 'rplidar_ros' build argument 'catkin_cmake_args' from command line to 'None'
[7.608s] Level 5:colcon.colcon_core.verb:set package 'rplidar_ros' build argument 'catkin_skip_building_tests' from command line to 'False'
[7.608s] DEBUG:colcon.colcon_core.verb:Building package 'rplidar_ros' with the following arguments: {'ament_cmake_args': None, 'build_base': '/home/lunabotics/ros_lunabotics/build/rplidar_ros', 'catkin_cmake_args': None, 'catkin_skip_building_tests': False, 'cmake_args': None, 'cmake_clean_cache': False, 'cmake_clean_first': False, 'cmake_force_configure': False, 'cmake_target': None, 'cmake_target_skip_unavailable': False, 'install_base': '/home/lunabotics/ros_lunabotics/install/rplidar_ros', 'merge_install': False, 'path': '/home/lunabotics/ros_lunabotics/src/lidar/rplidar_ros2', 'symlink_install': True, 'test_result_base': None}
[7.684s] INFO:colcon.colcon_core.executor:Executing jobs using 'parallel' executor
[7.763s] DEBUG:colcon.colcon_parallel_executor.executor.parallel:run_until_complete
[7.764s] INFO:colcon.colcon_ros.task.ament_python.build:Building ROS package in '/home/lunabotics/ros_lunabotics/src/lunabotics' with build type 'ament_python'
[7.765s] Level 1:colcon.colcon_core.shell:create_environment_hook('lunabotics', 'ament_prefix_path')
[7.872s] INFO:colcon.colcon_core.plugin_system:Skipping extension 'colcon_core.shell.bat': Not used on non-Windows systems
[7.874s] INFO:colcon.colcon_core.shell:Creating environment hook '/home/lunabotics/ros_lunabotics/install/lunabotics/share/lunabotics/hook/ament_prefix_path.ps1'
[7.882s] INFO:colcon.colcon_core.shell:Creating environment descriptor '/home/lunabotics/ros_lunabotics/install/lunabotics/share/lunabotics/hook/ament_prefix_path.dsv'
[7.885s] INFO:colcon.colcon_core.shell:Creating environment hook '/home/lunabotics/ros_lunabotics/install/lunabotics/share/lunabotics/hook/ament_prefix_path.sh'
[7.978s] INFO:colcon.colcon_core.shell:Skip shell extension 'powershell' for command environment: Not usable outside of PowerShell
[7.978s] DEBUG:colcon.colcon_core.shell:Skip shell extension 'dsv' for command environment
[8.161s] INFO:colcon.colcon_ros.task.ament_cmake.build:Building ROS package in '/home/lunabotics/ros_lunabotics/src/lidar/rplidar_ros2' with build type 'ament_cmake'
[8.162s] INFO:colcon.colcon_cmake.task.cmake.build:Building CMake package in '/home/lunabotics/ros_lunabotics/src/lidar/rplidar_ros2'
[8.257s] INFO:colcon.colcon_core.shell:Skip shell extension 'powershell' for command environment: Not usable outside of PowerShell
[8.257s] DEBUG:colcon.colcon_core.shell:Skip shell extension 'dsv' for command environment
[9.914s] INFO:colcon.colcon_core.task.python.build:Building Python package in '/home/lunabotics/ros_lunabotics/src/lunabotics'
[10.002s] INFO:colcon.colcon_core.shell:Skip shell extension 'powershell' for command environment: Not usable outside of PowerShell
[10.002s] DEBUG:colcon.colcon_core.shell:Skip shell extension 'dsv' for command environment
[10.192s] DEBUG:colcon.colcon_core.event_handler.log_command:Invoking command in '/home/lunabotics/ros_lunabotics/build/rplidar_ros': CMAKE_PREFIX_PATH=/opt/ros/humble /usr/bin/cmake /home/lunabotics/ros_lunabotics/src/lidar/rplidar_ros2 -DAMENT_CMAKE_SYMLINK_INSTALL=1 -DCMAKE_INSTALL_PREFIX=/home/lunabotics/ros_lunabotics/install/rplidar_ros
[12.694s] DEBUG:colcon.colcon_core.task.python.build:While undoing a previous installation files outside the Python library path are being ignored: /home/lunabotics/ros_lunabotics/install/lunabotics/share/ament_index/resource_index/packages/lunabotics
[12.694s] DEBUG:colcon.colcon_core.task.python.build:While undoing a previous installation files outside the Python library path are being ignored: /home/lunabotics/ros_lunabotics/install/lunabotics/share/lunabotics/package.xml
[12.709s] DEBUG:colcon.colcon_core.event_handler.log_command:Invoking command in '/home/lunabotics/ros_lunabotics/build/lunabotics': PYTHONPATH=/home/lunabotics/ros_lunabotics/build/lunabotics/prefix_override:/home/lunabotics/ros_lunabotics/install/lunabotics/lib/python3.10/site-packages:${PYTHONPATH} /usr/bin/python3 setup.py develop --editable --build-directory /home/lunabotics/ros_lunabotics/build/lunabotics/build --no-deps install_data
[16.008s] Level 1:colcon.colcon_core.shell:create_environment_hook('lunabotics', 'pythonpath_develop')
[16.010s] DEBUG:colcon.colcon_core.event_handler.log_command:Invoked command in '/home/lunabotics/ros_lunabotics/build/lunabotics' returned '0': PYTHONPATH=/home/lunabotics/ros_lunabotics/build/lunabotics/prefix_override:/home/lunabotics/ros_lunabotics/install/lunabotics/lib/python3.10/site-packages:${PYTHONPATH} /usr/bin/python3 setup.py develop --editable --build-directory /home/lunabotics/ros_lunabotics/build/lunabotics/build --no-deps install_data
[16.107s] INFO:colcon.colcon_core.shell:Creating environment hook '/home/lunabotics/ros_lunabotics/build/lunabotics/share/lunabotics/hook/pythonpath_develop.ps1'
[16.109s] INFO:colcon.colcon_core.shell:Creating environment descriptor '/home/lunabotics/ros_lunabotics/build/lunabotics/share/lunabotics/hook/pythonpath_develop.dsv'
[16.110s] INFO:colcon.colcon_core.shell:Creating environment hook '/home/lunabotics/ros_lunabotics/build/lunabotics/share/lunabotics/hook/pythonpath_develop.sh'
[16.231s] Level 1:colcon.colcon_core.environment:checking '/home/lunabotics/ros_lunabotics/install/lunabotics' for CMake module files
[16.234s] Level 1:colcon.colcon_core.environment:checking '/home/lunabotics/ros_lunabotics/install/lunabotics' for CMake config files
[16.239s] Level 1:colcon.colcon_core.environment:checking '/home/lunabotics/ros_lunabotics/install/lunabotics/lib'
[16.240s] Level 1:colcon.colcon_core.environment:checking '/home/lunabotics/ros_lunabotics/install/lunabotics/bin'
[16.241s] Level 1:colcon.colcon_core.environment:checking '/home/lunabotics/ros_lunabotics/install/lunabotics/lib/pkgconfig/lunabotics.pc'
[16.242s] Level 1:colcon.colcon_core.environment:checking '/home/lunabotics/ros_lunabotics/install/lunabotics/lib/python3.10/site-packages'
[16.242s] Level 1:colcon.colcon_core.shell:create_environment_hook('lunabotics', 'pythonpath')
[16.340s] INFO:colcon.colcon_core.shell:Creating environment hook '/home/lunabotics/ros_lunabotics/install/lunabotics/share/lunabotics/hook/pythonpath.ps1'
[16.343s] INFO:colcon.colcon_core.shell:Creating environment descriptor '/home/lunabotics/ros_lunabotics/install/lunabotics/share/lunabotics/hook/pythonpath.dsv'
[16.345s] INFO:colcon.colcon_core.shell:Creating environment hook '/home/lunabotics/ros_lunabotics/install/lunabotics/share/lunabotics/hook/pythonpath.sh'
[16.348s] Level 1:colcon.colcon_core.environment:checking '/home/lunabotics/ros_lunabotics/install/lunabotics/bin'
[16.348s] Level 1:colcon.colcon_core.environment:create_environment_scripts_only(lunabotics)
[16.446s] INFO:colcon.colcon_core.shell:Creating package script '/home/lunabotics/ros_lunabotics/install/lunabotics/share/lunabotics/package.ps1'
[16.451s] INFO:colcon.colcon_core.shell:Creating package descriptor '/home/lunabotics/ros_lunabotics/install/lunabotics/share/lunabotics/package.dsv'
[16.455s] INFO:colcon.colcon_core.shell:Creating package script '/home/lunabotics/ros_lunabotics/install/lunabotics/share/lunabotics/package.sh'
[16.459s] INFO:colcon.colcon_core.shell:Creating package script '/home/lunabotics/ros_lunabotics/install/lunabotics/share/lunabotics/package.bash'
[16.465s] INFO:colcon.colcon_core.shell:Creating package script '/home/lunabotics/ros_lunabotics/install/lunabotics/share/lunabotics/package.zsh'
[16.470s] Level 1:colcon.colcon_core.environment:create_file_with_runtime_dependencies(/home/lunabotics/ros_lunabotics/install/lunabotics/share/colcon-core/packages/lunabotics)
[20.790s] DEBUG:colcon.colcon_core.event_handler.log_command:Invoked command in '/home/lunabotics/ros_lunabotics/build/rplidar_ros' returned '0': CMAKE_PREFIX_PATH=/opt/ros/humble /usr/bin/cmake /home/lunabotics/ros_lunabotics/src/lidar/rplidar_ros2 -DAMENT_CMAKE_SYMLINK_INSTALL=1 -DCMAKE_INSTALL_PREFIX=/home/lunabotics/ros_lunabotics/install/rplidar_ros
[20.801s] DEBUG:colcon.colcon_core.event_handler.log_command:Invoking command in '/home/lunabotics/ros_lunabotics/build/rplidar_ros': CMAKE_PREFIX_PATH=/opt/ros/humble /usr/bin/cmake --build /home/lunabotics/ros_lunabotics/build/rplidar_ros -- -j4 -l4
[62.389s] DEBUG:colcon.colcon_core.event_handler.log_command:Invoked command in '/home/lunabotics/ros_lunabotics/build/rplidar_ros' returned '0': CMAKE_PREFIX_PATH=/opt/ros/humble /usr/bin/cmake --build /home/lunabotics/ros_lunabotics/build/rplidar_ros -- -j4 -l4
[62.638s] DEBUG:colcon.colcon_core.event_handler.log_command:Invoking command in '/home/lunabotics/ros_lunabotics/build/rplidar_ros': CMAKE_PREFIX_PATH=/opt/ros/humble /usr/bin/cmake --install /home/lunabotics/ros_lunabotics/build/rplidar_ros
[63.766s] Level 1:colcon.colcon_core.environment:create_environment_scripts_only(rplidar_ros)
[63.769s] DEBUG:colcon.colcon_core.event_handler.log_command:Invoked command in '/home/lunabotics/ros_lunabotics/build/rplidar_ros' returned '0': CMAKE_PREFIX_PATH=/opt/ros/humble /usr/bin/cmake --install /home/lunabotics/ros_lunabotics/build/rplidar_ros
[63.858s] Level 1:colcon.colcon_core.environment:checking '/home/lunabotics/ros_lunabotics/install/rplidar_ros' for CMake module files
[63.861s] Level 1:colcon.colcon_core.environment:checking '/home/lunabotics/ros_lunabotics/install/rplidar_ros' for CMake config files
[63.864s] Level 1:colcon.colcon_core.shell:create_environment_hook('rplidar_ros', 'cmake_prefix_path')
[63.952s] INFO:colcon.colcon_core.shell:Creating environment hook '/home/lunabotics/ros_lunabotics/install/rplidar_ros/share/rplidar_ros/hook/cmake_prefix_path.ps1'
[63.954s] INFO:colcon.colcon_core.shell:Creating environment descriptor '/home/lunabotics/ros_lunabotics/install/rplidar_ros/share/rplidar_ros/hook/cmake_prefix_path.dsv'
[63.956s] INFO:colcon.colcon_core.shell:Creating environment hook '/home/lunabotics/ros_lunabotics/install/rplidar_ros/share/rplidar_ros/hook/cmake_prefix_path.sh'
[63.959s] Level 1:colcon.colcon_core.environment:checking '/home/lunabotics/ros_lunabotics/install/rplidar_ros/lib'
[63.959s] Level 1:colcon.colcon_core.shell:create_environment_hook('rplidar_ros', 'ld_library_path_lib')
[64.045s] INFO:colcon.colcon_core.shell:Creating environment hook '/home/lunabotics/ros_lunabotics/install/rplidar_ros/share/rplidar_ros/hook/ld_library_path_lib.ps1'
[64.047s] INFO:colcon.colcon_core.shell:Creating environment descriptor '/home/lunabotics/ros_lunabotics/install/rplidar_ros/share/rplidar_ros/hook/ld_library_path_lib.dsv'
[64.049s] INFO:colcon.colcon_core.shell:Creating environment hook '/home/lunabotics/ros_lunabotics/install/rplidar_ros/share/rplidar_ros/hook/ld_library_path_lib.sh'
[64.051s] Level 1:colcon.colcon_core.environment:checking '/home/lunabotics/ros_lunabotics/install/rplidar_ros/bin'
[64.051s] Level 1:colcon.colcon_core.environment:checking '/home/lunabotics/ros_lunabotics/install/rplidar_ros/lib/pkgconfig/rplidar_ros.pc'
[64.052s] Level 1:colcon.colcon_core.environment:checking '/home/lunabotics/ros_lunabotics/install/rplidar_ros/lib/python3.10/site-packages'
[64.053s] Level 1:colcon.colcon_core.environment:checking '/home/lunabotics/ros_lunabotics/install/rplidar_ros/bin'
[64.138s] INFO:colcon.colcon_core.shell:Creating package script '/home/lunabotics/ros_lunabotics/install/rplidar_ros/share/rplidar_ros/package.ps1'
[64.140s] INFO:colcon.colcon_core.shell:Creating package descriptor '/home/lunabotics/ros_lunabotics/install/rplidar_ros/share/rplidar_ros/package.dsv'
[64.142s] INFO:colcon.colcon_core.shell:Creating package script '/home/lunabotics/ros_lunabotics/install/rplidar_ros/share/rplidar_ros/package.sh'
[64.144s] INFO:colcon.colcon_core.shell:Creating package script '/home/lunabotics/ros_lunabotics/install/rplidar_ros/share/rplidar_ros/package.bash'
[64.145s] INFO:colcon.colcon_core.shell:Creating package script '/home/lunabotics/ros_lunabotics/install/rplidar_ros/share/rplidar_ros/package.zsh'
[64.146s] Level 1:colcon.colcon_core.environment:create_file_with_runtime_dependencies(/home/lunabotics/ros_lunabotics/install/rplidar_ros/share/colcon-core/packages/rplidar_ros)
[64.437s] Level 1:colcon.colcon_core.environment:create_environment_scripts_only(rplidar_ros)
[64.521s] Level 1:colcon.colcon_core.environment:checking '/home/lunabotics/ros_lunabotics/install/rplidar_ros' for CMake module files
[64.525s] Level 1:colcon.colcon_core.environment:checking '/home/lunabotics/ros_lunabotics/install/rplidar_ros' for CMake config files
[64.528s] Level 1:colcon.colcon_core.shell:create_environment_hook('rplidar_ros', 'cmake_prefix_path')
[64.611s] INFO:colcon.colcon_core.shell:Creating environment hook '/home/lunabotics/ros_lunabotics/install/rplidar_ros/share/rplidar_ros/hook/cmake_prefix_path.ps1'
[64.613s] INFO:colcon.colcon_core.shell:Creating environment descriptor '/home/lunabotics/ros_lunabotics/install/rplidar_ros/share/rplidar_ros/hook/cmake_prefix_path.dsv'
[64.615s] INFO:colcon.colcon_core.shell:Creating environment hook '/home/lunabotics/ros_lunabotics/install/rplidar_ros/share/rplidar_ros/hook/cmake_prefix_path.sh'
[64.617s] Level 1:colcon.colcon_core.environment:checking '/home/lunabotics/ros_lunabotics/install/rplidar_ros/lib'
[64.618s] Level 1:colcon.colcon_core.shell:create_environment_hook('rplidar_ros', 'ld_library_path_lib')
[64.701s] INFO:colcon.colcon_core.shell:Creating environment hook '/home/lunabotics/ros_lunabotics/install/rplidar_ros/share/rplidar_ros/hook/ld_library_path_lib.ps1'
[64.703s] INFO:colcon.colcon_core.shell:Creating environment descriptor '/home/lunabotics/ros_lunabotics/install/rplidar_ros/share/rplidar_ros/hook/ld_library_path_lib.dsv'
[64.705s] INFO:colcon.colcon_core.shell:Creating environment hook '/home/lunabotics/ros_lunabotics/install/rplidar_ros/share/rplidar_ros/hook/ld_library_path_lib.sh'
[64.707s] Level 1:colcon.colcon_core.environment:checking '/home/lunabotics/ros_lunabotics/install/rplidar_ros/bin'
[64.708s] Level 1:colcon.colcon_core.environment:checking '/home/lunabotics/ros_lunabotics/install/rplidar_ros/lib/pkgconfig/rplidar_ros.pc'
[64.709s] Level 1:colcon.colcon_core.environment:checking '/home/lunabotics/ros_lunabotics/install/rplidar_ros/lib/python3.10/site-packages'
[64.709s] Level 1:colcon.colcon_core.environment:checking '/home/lunabotics/ros_lunabotics/install/rplidar_ros/bin'
[64.793s] INFO:colcon.colcon_core.shell:Creating package script '/home/lunabotics/ros_lunabotics/install/rplidar_ros/share/rplidar_ros/package.ps1'
[64.796s] INFO:colcon.colcon_core.shell:Creating package descriptor '/home/lunabotics/ros_lunabotics/install/rplidar_ros/share/rplidar_ros/package.dsv'
[64.798s] INFO:colcon.colcon_core.shell:Creating package script '/home/lunabotics/ros_lunabotics/install/rplidar_ros/share/rplidar_ros/package.sh'
[64.802s] INFO:colcon.colcon_core.shell:Creating package script '/home/lunabotics/ros_lunabotics/install/rplidar_ros/share/rplidar_ros/package.bash'
[64.804s] INFO:colcon.colcon_core.shell:Creating package script '/home/lunabotics/ros_lunabotics/install/rplidar_ros/share/rplidar_ros/package.zsh'
[64.806s] Level 1:colcon.colcon_core.environment:create_file_with_runtime_dependencies(/home/lunabotics/ros_lunabotics/install/rplidar_ros/share/colcon-core/packages/rplidar_ros)
[64.808s] DEBUG:colcon.colcon_parallel_executor.executor.parallel:closing loop
[64.810s] DEBUG:colcon.colcon_parallel_executor.executor.parallel:loop closed
[64.810s] DEBUG:colcon.colcon_parallel_executor.executor.parallel:run_until_complete finished with '0'
[64.810s] DEBUG:colcon.colcon_core.event_reactor:joining thread
[64.968s] INFO:colcon.colcon_core.plugin_system:Skipping extension 'colcon_notification.desktop_notification.terminal_notifier': Not used on non-Darwin systems
[64.968s] INFO:colcon.colcon_core.plugin_system:Skipping extension 'colcon_notification.desktop_notification.win32': Not used on non-Windows systems
[64.968s] INFO:colcon.colcon_notification.desktop_notification:Sending desktop notification using 'notify2'
[65.066s] DEBUG:colcon.colcon_core.event_reactor:joined thread
[65.235s] INFO:colcon.colcon_core.shell:Creating prefix script '/home/lunabotics/ros_lunabotics/install/local_setup.ps1'
[65.241s] INFO:colcon.colcon_core.shell:Creating prefix util module '/home/lunabotics/ros_lunabotics/install/_local_setup_util_ps1.py'
[65.249s] INFO:colcon.colcon_core.shell:Creating prefix chain script '/home/lunabotics/ros_lunabotics/install/setup.ps1'
[65.342s] INFO:colcon.colcon_core.shell:Creating prefix script '/home/lunabotics/ros_lunabotics/install/local_setup.sh'
[65.346s] INFO:colcon.colcon_core.shell:Creating prefix util module '/home/lunabotics/ros_lunabotics/install/_local_setup_util_sh.py'
[65.348s] INFO:colcon.colcon_core.shell:Creating prefix chain script '/home/lunabotics/ros_lunabotics/install/setup.sh'
[65.435s] INFO:colcon.colcon_core.shell:Creating prefix script '/home/lunabotics/ros_lunabotics/install/local_setup.bash'
[65.439s] INFO:colcon.colcon_core.shell:Creating prefix chain script '/home/lunabotics/ros_lunabotics/install/setup.bash'
[65.523s] INFO:colcon.colcon_core.shell:Creating prefix script '/home/lunabotics/ros_lunabotics/install/local_setup.zsh'
[65.527s] INFO:colcon.colcon_core.shell:Creating prefix chain script '/home/lunabotics/ros_lunabotics/install/setup.zsh'
