[5.340s] DEBUG:colcon:Command line arguments: ['/usr/bin/colcon', 'build']
[5.340s] DEBUG:colcon:Parsed command line arguments: Namespace(log_base=None, log_level=None, verb_name='build', build_base='build', install_base='install', merge_install=False, symlink_install=False, test_result_base=None, continue_on_error=False, executor='parallel', parallel_workers=4, event_handlers=None, ignore_user_meta=False, metas=['./colcon.meta'], base_paths=['.'], packages_ignore=None, packages_ignore_regex=None, paths=None, packages_up_to=None, packages_up_to_regex=None, packages_above=None, packages_above_and_dependencies=None, packages_above_depth=None, packages_select_by_dep=None, packages_skip_by_dep=None, packages_skip_up_to=None, packages_select_build_failed=False, packages_skip_build_finished=False, packages_select_test_failures=False, packages_skip_test_passed=False, packages_select=None, packages_skip=None, packages_select_regex=None, packages_skip_regex=None, packages_start=None, packages_end=None, allow_overriding=[], cmake_args=None, cmake_target=None, cmake_target_skip_unavailable=False, cmake_clean_cache=False, cmake_clean_first=False, cmake_force_configure=False, ament_cmake_args=None, catkin_cmake_args=None, catkin_skip_building_tests=False, verb_parser=<colcon_defaults.argument_parser.defaults.DefaultArgumentsDecorator object at 0xffffab1c4c10>, verb_extension=<colcon_core.verb.build.BuildVerb object at 0xffffab613970>, main=<bound method BuildVerb.main of <colcon_core.verb.build.BuildVerb object at 0xffffab613970>>)
[5.571s] Level 1:colcon.colcon_core.package_discovery:discover_packages(colcon_meta) check parameters
[5.571s] Level 1:colcon.colcon_core.package_discovery:discover_packages(recursive) check parameters
[5.571s] Level 1:colcon.colcon_core.package_discovery:discover_packages(ignore) check parameters
[5.572s] Level 1:colcon.colcon_core.package_discovery:discover_packages(path) check parameters
[5.572s] Level 1:colcon.colcon_core.package_discovery:discover_packages(colcon_meta) discover
[5.572s] Level 1:colcon.colcon_core.package_discovery:discover_packages(recursive) discover
[5.572s] INFO:colcon.colcon_core.package_discovery:Crawling recursively for packages in '/home/lunabotics/ros_lunabotics'
[5.572s] Level 1:colcon.colcon_core.package_identification:_identify(.) by extensions ['ignore', 'ignore_ament_install']
[5.573s] Level 1:colcon.colcon_core.package_identification:_identify(.) by extension 'ignore'
[5.573s] Level 1:colcon.colcon_core.package_identification:_identify(.) by extension 'ignore_ament_install'
[5.573s] Level 1:colcon.colcon_core.package_identification:_identify(.) by extensions ['colcon_pkg']
[5.573s] Level 1:colcon.colcon_core.package_identification:_identify(.) by extension 'colcon_pkg'
[5.574s] Level 1:colcon.colcon_core.package_identification:_identify(.) by extensions ['colcon_meta']
[5.574s] Level 1:colcon.colcon_core.package_identification:_identify(.) by extension 'colcon_meta'
[5.574s] Level 1:colcon.colcon_core.package_identification:_identify(.) by extensions ['ros']
[5.574s] Level 1:colcon.colcon_core.package_identification:_identify(.) by extension 'ros'
[5.620s] Level 1:colcon.colcon_core.package_identification:_identify(.) by extensions ['cmake', 'python']
[5.620s] Level 1:colcon.colcon_core.package_identification:_identify(.) by extension 'cmake'
[5.621s] Level 1:colcon.colcon_core.package_identification:_identify(.) by extension 'python'
[5.621s] Level 1:colcon.colcon_core.package_identification:_identify(.) by extensions ['python_setup_py']
[5.621s] Level 1:colcon.colcon_core.package_identification:_identify(.) by extension 'python_setup_py'
[5.621s] Level 1:colcon.colcon_core.package_identification:_identify(build) by extensions ['ignore', 'ignore_ament_install']
[5.622s] Level 1:colcon.colcon_core.package_identification:_identify(build) by extension 'ignore'
[5.622s] Level 1:colcon.colcon_core.package_identification:_identify(build) ignored
[5.622s] Level 1:colcon.colcon_core.package_identification:_identify(install) by extensions ['ignore', 'ignore_ament_install']
[5.623s] Level 1:colcon.colcon_core.package_identification:_identify(install) by extension 'ignore'
[5.623s] Level 1:colcon.colcon_core.package_identification:_identify(install) ignored
[5.623s] Level 1:colcon.colcon_core.package_identification:_identify(log) by extensions ['ignore', 'ignore_ament_install']
[5.624s] Level 1:colcon.colcon_core.package_identification:_identify(log) by extension 'ignore'
[5.624s] Level 1:colcon.colcon_core.package_identification:_identify(log) ignored
[5.624s] Level 1:colcon.colcon_core.package_identification:_identify(src) by extensions ['ignore', 'ignore_ament_install']
[5.624s] Level 1:colcon.colcon_core.package_identification:_identify(src) by extension 'ignore'
[5.625s] Level 1:colcon.colcon_core.package_identification:_identify(src) by extension 'ignore_ament_install'
[5.625s] Level 1:colcon.colcon_core.package_identification:_identify(src) by extensions ['colcon_pkg']
[5.625s] Level 1:colcon.colcon_core.package_identification:_identify(src) by extension 'colcon_pkg'
[5.625s] Level 1:colcon.colcon_core.package_identification:_identify(src) by extensions ['colcon_meta']
[5.625s] Level 1:colcon.colcon_core.package_identification:_identify(src) by extension 'colcon_meta'
[5.626s] Level 1:colcon.colcon_core.package_identification:_identify(src) by extensions ['ros']
[5.626s] Level 1:colcon.colcon_core.package_identification:_identify(src) by extension 'ros'
[5.626s] Level 1:colcon.colcon_core.package_identification:_identify(src) by extensions ['cmake', 'python']
[5.626s] Level 1:colcon.colcon_core.package_identification:_identify(src) by extension 'cmake'
[5.626s] Level 1:colcon.colcon_core.package_identification:_identify(src) by extension 'python'
[5.626s] Level 1:colcon.colcon_core.package_identification:_identify(src) by extensions ['python_setup_py']
[5.626s] Level 1:colcon.colcon_core.package_identification:_identify(src) by extension 'python_setup_py'
[5.627s] Level 1:colcon.colcon_core.package_identification:_identify(src/lunabotics) by extensions ['ignore', 'ignore_ament_install']
[5.627s] Level 1:colcon.colcon_core.package_identification:_identify(src/lunabotics) by extension 'ignore'
[5.627s] Level 1:colcon.colcon_core.package_identification:_identify(src/lunabotics) by extension 'ignore_ament_install'
[5.628s] Level 1:colcon.colcon_core.package_identification:_identify(src/lunabotics) by extensions ['colcon_pkg']
[5.628s] Level 1:colcon.colcon_core.package_identification:_identify(src/lunabotics) by extension 'colcon_pkg'
[5.628s] Level 1:colcon.colcon_core.package_identification:_identify(src/lunabotics) by extensions ['colcon_meta']
[5.628s] Level 1:colcon.colcon_core.package_identification:_identify(src/lunabotics) by extension 'colcon_meta'
[5.628s] Level 1:colcon.colcon_core.package_identification:_identify(src/lunabotics) by extensions ['ros']
[5.628s] Level 1:colcon.colcon_core.package_identification:_identify(src/lunabotics) by extension 'ros'
[5.637s] DEBUG:colcon.colcon_core.package_identification:Package 'src/lunabotics' with type 'ros.ament_python' and name 'lunabotics'
[5.637s] Level 1:colcon.colcon_core.package_discovery:discover_packages(recursive) using defaults
[5.638s] Level 1:colcon.colcon_core.package_discovery:discover_packages(ignore) discover
[5.638s] Level 1:colcon.colcon_core.package_discovery:discover_packages(ignore) using defaults
[5.638s] Level 1:colcon.colcon_core.package_discovery:discover_packages(path) discover
[5.638s] Level 1:colcon.colcon_core.package_discovery:discover_packages(path) using defaults
[6.091s] Level 1:colcon.colcon_core.package_discovery:discover_packages(prefix_path) check parameters
[6.092s] Level 1:colcon.colcon_core.package_discovery:discover_packages(prefix_path) discover
[6.256s] DEBUG:colcon.colcon_installed_package_information.package_discovery:Found 270 installed packages in /opt/ros/humble
[6.298s] Level 1:colcon.colcon_core.package_discovery:discover_packages(prefix_path) using defaults
[6.714s] Level 5:colcon.colcon_core.verb:set package 'lunabotics' build argument 'cmake_args' from command line to 'None'
[6.715s] Level 5:colcon.colcon_core.verb:set package 'lunabotics' build argument 'cmake_target' from command line to 'None'
[6.715s] Level 5:colcon.colcon_core.verb:set package 'lunabotics' build argument 'cmake_target_skip_unavailable' from command line to 'False'
[6.715s] Level 5:colcon.colcon_core.verb:set package 'lunabotics' build argument 'cmake_clean_cache' from command line to 'False'
[6.715s] Level 5:colcon.colcon_core.verb:set package 'lunabotics' build argument 'cmake_clean_first' from command line to 'False'
[6.715s] Level 5:colcon.colcon_core.verb:set package 'lunabotics' build argument 'cmake_force_configure' from command line to 'False'
[6.715s] Level 5:colcon.colcon_core.verb:set package 'lunabotics' build argument 'ament_cmake_args' from command line to 'None'
[6.715s] Level 5:colcon.colcon_core.verb:set package 'lunabotics' build argument 'catkin_cmake_args' from command line to 'None'
[6.715s] Level 5:colcon.colcon_core.verb:set package 'lunabotics' build argument 'catkin_skip_building_tests' from command line to 'False'
[6.716s] DEBUG:colcon.colcon_core.verb:Building package 'lunabotics' with the following arguments: {'ament_cmake_args': None, 'build_base': '/home/lunabotics/ros_lunabotics/build/lunabotics', 'catkin_cmake_args': None, 'catkin_skip_building_tests': False, 'cmake_args': None, 'cmake_clean_cache': False, 'cmake_clean_first': False, 'cmake_force_configure': False, 'cmake_target': None, 'cmake_target_skip_unavailable': False, 'install_base': '/home/lunabotics/ros_lunabotics/install/lunabotics', 'merge_install': False, 'path': '/home/lunabotics/ros_lunabotics/src/lunabotics', 'symlink_install': False, 'test_result_base': None}
[6.792s] INFO:colcon.colcon_core.executor:Executing jobs using 'parallel' executor
[6.871s] DEBUG:colcon.colcon_parallel_executor.executor.parallel:run_until_complete
[6.872s] INFO:colcon.colcon_ros.task.ament_python.build:Building ROS package in '/home/lunabotics/ros_lunabotics/src/lunabotics' with build type 'ament_python'
[6.873s] Level 1:colcon.colcon_core.shell:create_environment_hook('lunabotics', 'ament_prefix_path')
[6.959s] INFO:colcon.colcon_core.plugin_system:Skipping extension 'colcon_core.shell.bat': Not used on non-Windows systems
[6.960s] INFO:colcon.colcon_core.shell:Creating environment hook '/home/lunabotics/ros_lunabotics/install/lunabotics/share/lunabotics/hook/ament_prefix_path.ps1'
[6.962s] INFO:colcon.colcon_core.shell:Creating environment descriptor '/home/lunabotics/ros_lunabotics/install/lunabotics/share/lunabotics/hook/ament_prefix_path.dsv'
[6.964s] INFO:colcon.colcon_core.shell:Creating environment hook '/home/lunabotics/ros_lunabotics/install/lunabotics/share/lunabotics/hook/ament_prefix_path.sh'
[7.046s] INFO:colcon.colcon_core.shell:Skip shell extension 'powershell' for command environment: Not usable outside of PowerShell
[7.047s] DEBUG:colcon.colcon_core.shell:Skip shell extension 'dsv' for command environment
[8.584s] INFO:colcon.colcon_core.task.python.build:Building Python package in '/home/lunabotics/ros_lunabotics/src/lunabotics'
[8.663s] INFO:colcon.colcon_core.shell:Skip shell extension 'powershell' for command environment: Not usable outside of PowerShell
[8.663s] DEBUG:colcon.colcon_core.shell:Skip shell extension 'dsv' for command environment
[10.573s] DEBUG:colcon.colcon_core.event_handler.log_command:Invoking command in '/home/lunabotics/ros_lunabotics/src/lunabotics': PYTHONPATH=/home/lunabotics/ros_lunabotics/build/lunabotics/prefix_override:/home/lunabotics/ros_lunabotics/install/lunabotics/lib/python3.10/site-packages:${PYTHONPATH} /usr/bin/python3 setup.py egg_info --egg-base ../../build/lunabotics build --build-base /home/lunabotics/ros_lunabotics/build/lunabotics/build install --record /home/lunabotics/ros_lunabotics/build/lunabotics/install.log --single-version-externally-managed
[12.083s] DEBUG:colcon.colcon_core.event_handler.log_command:Invoked command in '/home/lunabotics/ros_lunabotics/src/lunabotics' returned '0': PYTHONPATH=/home/lunabotics/ros_lunabotics/build/lunabotics/prefix_override:/home/lunabotics/ros_lunabotics/install/lunabotics/lib/python3.10/site-packages:${PYTHONPATH} /usr/bin/python3 setup.py egg_info --egg-base ../../build/lunabotics build --build-base /home/lunabotics/ros_lunabotics/build/lunabotics/build install --record /home/lunabotics/ros_lunabotics/build/lunabotics/install.log --single-version-externally-managed
[12.173s] Level 1:colcon.colcon_core.environment:checking '/home/lunabotics/ros_lunabotics/install/lunabotics' for CMake module files
[12.175s] Level 1:colcon.colcon_core.environment:checking '/home/lunabotics/ros_lunabotics/install/lunabotics' for CMake config files
[12.179s] Level 1:colcon.colcon_core.environment:checking '/home/lunabotics/ros_lunabotics/install/lunabotics/lib'
[12.179s] Level 1:colcon.colcon_core.environment:checking '/home/lunabotics/ros_lunabotics/install/lunabotics/bin'
[12.180s] Level 1:colcon.colcon_core.environment:checking '/home/lunabotics/ros_lunabotics/install/lunabotics/lib/pkgconfig/lunabotics.pc'
[12.181s] Level 1:colcon.colcon_core.environment:checking '/home/lunabotics/ros_lunabotics/install/lunabotics/lib/python3.10/site-packages'
[12.181s] Level 1:colcon.colcon_core.shell:create_environment_hook('lunabotics', 'pythonpath')
[12.259s] INFO:colcon.colcon_core.shell:Creating environment hook '/home/lunabotics/ros_lunabotics/install/lunabotics/share/lunabotics/hook/pythonpath.ps1'
[12.261s] INFO:colcon.colcon_core.shell:Creating environment descriptor '/home/lunabotics/ros_lunabotics/install/lunabotics/share/lunabotics/hook/pythonpath.dsv'
[12.263s] INFO:colcon.colcon_core.shell:Creating environment hook '/home/lunabotics/ros_lunabotics/install/lunabotics/share/lunabotics/hook/pythonpath.sh'
[12.265s] Level 1:colcon.colcon_core.environment:checking '/home/lunabotics/ros_lunabotics/install/lunabotics/bin'
[12.266s] Level 1:colcon.colcon_core.environment:create_environment_scripts_only(lunabotics)
[12.344s] INFO:colcon.colcon_core.shell:Creating package script '/home/lunabotics/ros_lunabotics/install/lunabotics/share/lunabotics/package.ps1'
[12.348s] INFO:colcon.colcon_core.shell:Creating package descriptor '/home/lunabotics/ros_lunabotics/install/lunabotics/share/lunabotics/package.dsv'
[12.350s] INFO:colcon.colcon_core.shell:Creating package script '/home/lunabotics/ros_lunabotics/install/lunabotics/share/lunabotics/package.sh'
[12.353s] INFO:colcon.colcon_core.shell:Creating package script '/home/lunabotics/ros_lunabotics/install/lunabotics/share/lunabotics/package.bash'
[12.356s] INFO:colcon.colcon_core.shell:Creating package script '/home/lunabotics/ros_lunabotics/install/lunabotics/share/lunabotics/package.zsh'
[12.359s] Level 1:colcon.colcon_core.environment:create_file_with_runtime_dependencies(/home/lunabotics/ros_lunabotics/install/lunabotics/share/colcon-core/packages/lunabotics)
[12.361s] DEBUG:colcon.colcon_parallel_executor.executor.parallel:closing loop
[12.362s] DEBUG:colcon.colcon_parallel_executor.executor.parallel:loop closed
[12.362s] DEBUG:colcon.colcon_parallel_executor.executor.parallel:run_until_complete finished with '0'
[12.362s] DEBUG:colcon.colcon_core.event_reactor:joining thread
[12.462s] INFO:colcon.colcon_core.plugin_system:Skipping extension 'colcon_notification.desktop_notification.terminal_notifier': Not used on non-Darwin systems
[12.462s] INFO:colcon.colcon_core.plugin_system:Skipping extension 'colcon_notification.desktop_notification.win32': Not used on non-Windows systems
[12.463s] INFO:colcon.colcon_notification.desktop_notification:Sending desktop notification using 'notify2'
[12.503s] DEBUG:colcon.colcon_core.event_reactor:joined thread
[12.584s] INFO:colcon.colcon_core.shell:Creating prefix script '/home/lunabotics/ros_lunabotics/install/local_setup.ps1'
[12.587s] INFO:colcon.colcon_core.shell:Creating prefix util module '/home/lunabotics/ros_lunabotics/install/_local_setup_util_ps1.py'
[12.592s] INFO:colcon.colcon_core.shell:Creating prefix chain script '/home/lunabotics/ros_lunabotics/install/setup.ps1'
[12.671s] INFO:colcon.colcon_core.shell:Creating prefix script '/home/lunabotics/ros_lunabotics/install/local_setup.sh'
[12.674s] INFO:colcon.colcon_core.shell:Creating prefix util module '/home/lunabotics/ros_lunabotics/install/_local_setup_util_sh.py'
[12.676s] INFO:colcon.colcon_core.shell:Creating prefix chain script '/home/lunabotics/ros_lunabotics/install/setup.sh'
[12.758s] INFO:colcon.colcon_core.shell:Creating prefix script '/home/lunabotics/ros_lunabotics/install/local_setup.bash'
[12.760s] INFO:colcon.colcon_core.shell:Creating prefix chain script '/home/lunabotics/ros_lunabotics/install/setup.bash'
[12.839s] INFO:colcon.colcon_core.shell:Creating prefix script '/home/lunabotics/ros_lunabotics/install/local_setup.zsh'
[12.842s] INFO:colcon.colcon_core.shell:Creating prefix chain script '/home/lunabotics/ros_lunabotics/install/setup.zsh'
