[4.798s] Invoking command in '/home/lunabotics/ros_lunabotics/build/lunabotics': PYTHONPATH=/home/lunabotics/ros_lunabotics/build/lunabotics/prefix_override:/home/lunabotics/ros_lunabotics/install/lunabotics/lib/python3.10/site-packages:${PYTHONPATH} /usr/bin/python3 setup.py develop --uninstall --editable --build-directory /home/lunabotics/ros_lunabotics/build/lunabotics/build
[6.280s] running develop
[7.476s] Removing /home/lunabotics/ros_lunabotics/install/lunabotics/lib/python3.10/site-packages/lunabotics.egg-link (link to .)
[7.652s] Invoked command in '/home/lunabotics/ros_lunabotics/build/lunabotics' returned '0': PYTHONPATH=/home/lunabotics/ros_lunabotics/build/lunabotics/prefix_override:/home/lunabotics/ros_lunabotics/install/lunabotics/lib/python3.10/site-packages:${PYTHONPATH} /usr/bin/python3 setup.py develop --uninstall --editable --build-directory /home/lunabotics/ros_lunabotics/build/lunabotics/build
[7.662s] Invoking command in '/home/lunabotics/ros_lunabotics/src/lunabotics': PYTHONPATH=/home/lunabotics/ros_lunabotics/build/lunabotics/prefix_override:/home/lunabotics/ros_lunabotics/install/lunabotics/lib/python3.10/site-packages:${PYTHONPATH} /usr/bin/python3 setup.py egg_info --egg-base ../../build/lunabotics build --build-base /home/lunabotics/ros_lunabotics/build/lunabotics/build install --record /home/lunabotics/ros_lunabotics/build/lunabotics/install.log --single-version-externally-managed
[9.360s] running egg_info
[9.365s] writing ../../build/lunabotics/lunabotics.egg-info/PKG-INFO
[9.367s] writing dependency_links to ../../build/lunabotics/lunabotics.egg-info/dependency_links.txt
[9.369s] writing entry points to ../../build/lunabotics/lunabotics.egg-info/entry_points.txt
[9.371s] writing requirements to ../../build/lunabotics/lunabotics.egg-info/requires.txt
[9.373s] writing top-level names to ../../build/lunabotics/lunabotics.egg-info/top_level.txt
[9.383s] reading manifest file '../../build/lunabotics/lunabotics.egg-info/SOURCES.txt'
[9.398s] writing manifest file '../../build/lunabotics/lunabotics.egg-info/SOURCES.txt'
[9.400s] running build
[9.401s] running build_py
[9.409s] copying lunabotics/sub.py -> /home/lunabotics/ros_lunabotics/build/lunabotics/build/lib/lunabotics
[9.411s] running install
[9.414s] running install_lib
[9.418s] creating /home/lunabotics/ros_lunabotics/install/lunabotics/lib/python3.10/site-packages/lunabotics
[9.419s] copying /home/lunabotics/ros_lunabotics/build/lunabotics/build/lib/lunabotics/__init__.py -> /home/lunabotics/ros_lunabotics/install/lunabotics/lib/python3.10/site-packages/lunabotics
[9.421s] copying /home/lunabotics/ros_lunabotics/build/lunabotics/build/lib/lunabotics/sub.py -> /home/lunabotics/ros_lunabotics/install/lunabotics/lib/python3.10/site-packages/lunabotics
[9.424s] byte-compiling /home/lunabotics/ros_lunabotics/install/lunabotics/lib/python3.10/site-packages/lunabotics/__init__.py to __init__.cpython-310.pyc
[9.427s] byte-compiling /home/lunabotics/ros_lunabotics/install/lunabotics/lib/python3.10/site-packages/lunabotics/sub.py to sub.cpython-310.pyc
[9.430s] running install_data
[9.446s] copying package.xml -> /home/lunabotics/ros_lunabotics/install/lunabotics/share/lunabotics
[9.447s] running install_egg_info
[9.455s] Copying ../../build/lunabotics/lunabotics.egg-info to /home/lunabotics/ros_lunabotics/install/lunabotics/lib/python3.10/site-packages/lunabotics-0.0.0-py3.10.egg-info
[9.471s] running install_scripts
[9.573s] writing list of installed files to '/home/lunabotics/ros_lunabotics/build/lunabotics/install.log'
[9.738s] Invoked command in '/home/lunabotics/ros_lunabotics/src/lunabotics' returned '0': PYTHONPATH=/home/lunabotics/ros_lunabotics/build/lunabotics/prefix_override:/home/lunabotics/ros_lunabotics/install/lunabotics/lib/python3.10/site-packages:${PYTHONPATH} /usr/bin/python3 setup.py egg_info --egg-base ../../build/lunabotics build --build-base /home/lunabotics/ros_lunabotics/build/lunabotics/build install --record /home/lunabotics/ros_lunabotics/build/lunabotics/install.log --single-version-externally-managed
