[1.930s] Invoking command in '/home/lunabotics/ros_lunabotics/build/rplidar_ros': CMAKE_PREFIX_PATH=/opt/ros/humble /usr/bin/cmake --build /home/lunabotics/ros_lunabotics/build/rplidar_ros -- -j4 -l4
[2.182s] [ 77%] Built target rplidar_composition_node
[2.293s] [100%] Built target rplidar_composition
[2.337s] Invoked command in '/home/lunabotics/ros_lunabotics/build/rplidar_ros' returned '0': CMAKE_PREFIX_PATH=/opt/ros/humble /usr/bin/cmake --build /home/lunabotics/ros_lunabotics/build/rplidar_ros -- -j4 -l4
[2.565s] Invoking command in '/home/lunabotics/ros_lunabotics/build/rplidar_ros': CMAKE_PREFIX_PATH=/opt/ros/humble /usr/bin/cmake --install /home/lunabotics/ros_lunabotics/build/rplidar_ros
[2.591s] -- Install configuration: ""
[2.593s] -- Execute custom install script
[2.595s] -- Up-to-date symlink: /home/lunabotics/ros_lunabotics/install/rplidar_ros/lib/rplidar_ros/rplidar_composition
[2.597s] -- Up-to-date symlink: /home/lunabotics/ros_lunabotics/install/rplidar_ros/share/rplidar_ros/launch/rplidar.launch.py
[2.598s] -- Up-to-date symlink: /home/lunabotics/ros_lunabotics/install/rplidar_ros/share/rplidar_ros/launch/rplidar_a3.launch.py
[2.599s] -- Up-to-date symlink: /home/lunabotics/ros_lunabotics/install/rplidar_ros/share/rplidar_ros/launch/rplidar_s1.launch.py
[2.600s] -- Up-to-date symlink: /home/lunabotics/ros_lunabotics/install/rplidar_ros/share/rplidar_ros/launch/rplidar_s1_tcp.launch.py
[2.601s] -- Up-to-date symlink: /home/lunabotics/ros_lunabotics/install/rplidar_ros/share/rplidar_ros/launch/test_rplidar_a3.launch.py
[2.601s] -- Up-to-date symlink: /home/lunabotics/ros_lunabotics/install/rplidar_ros/share/rplidar_ros/launch/view_rplidar.launch.py
[2.602s] -- Up-to-date symlink: /home/lunabotics/ros_lunabotics/install/rplidar_ros/share/rplidar_ros/launch/view_rplidar_a3.launch.py
[2.603s] -- Up-to-date symlink: /home/lunabotics/ros_lunabotics/install/rplidar_ros/share/rplidar_ros/launch/view_rplidar_s1.launch.py
[2.604s] -- Up-to-date symlink: /home/lunabotics/ros_lunabotics/install/rplidar_ros/share/rplidar_ros/launch/view_rplidar_s1_tcp.launch.py
[2.606s] -- Up-to-date symlink: /home/lunabotics/ros_lunabotics/install/rplidar_ros/share/rplidar_ros/rviz/rplidar.rviz
[2.607s] -- Up-to-date symlink: /home/lunabotics/ros_lunabotics/install/rplidar_ros/lib/librplidar_composition_node.so
[2.609s] -- Up-to-date symlink: /home/lunabotics/ros_lunabotics/install/rplidar_ros/include/rplidar_node.hpp
[2.610s] -- Up-to-date symlink: /home/lunabotics/ros_lunabotics/install/rplidar_ros/include/visibility.h
[2.612s] -- Up-to-date symlink: /home/lunabotics/ros_lunabotics/install/rplidar_ros/lib/rplidar_ros/rplidar_composition
[2.613s] -- Up-to-date symlink: /home/lunabotics/ros_lunabotics/install/rplidar_ros/share/ament_index/resource_index/package_run_dependencies/rplidar_ros
[2.614s] -- Up-to-date symlink: /home/lunabotics/ros_lunabotics/install/rplidar_ros/share/ament_index/resource_index/parent_prefix_path/rplidar_ros
[2.615s] -- Up-to-date symlink: /home/lunabotics/ros_lunabotics/install/rplidar_ros/share/rplidar_ros/environment/ament_prefix_path.sh
[2.616s] -- Up-to-date symlink: /home/lunabotics/ros_lunabotics/install/rplidar_ros/share/rplidar_ros/environment/ament_prefix_path.dsv
[2.617s] -- Up-to-date symlink: /home/lunabotics/ros_lunabotics/install/rplidar_ros/share/rplidar_ros/environment/path.sh
[2.618s] -- Up-to-date symlink: /home/lunabotics/ros_lunabotics/install/rplidar_ros/share/rplidar_ros/environment/path.dsv
[2.620s] -- Up-to-date symlink: /home/lunabotics/ros_lunabotics/install/rplidar_ros/share/rplidar_ros/local_setup.bash
[2.621s] -- Up-to-date symlink: /home/lunabotics/ros_lunabotics/install/rplidar_ros/share/rplidar_ros/local_setup.sh
[2.621s] -- Up-to-date symlink: /home/lunabotics/ros_lunabotics/install/rplidar_ros/share/rplidar_ros/local_setup.zsh
[2.622s] -- Up-to-date symlink: /home/lunabotics/ros_lunabotics/install/rplidar_ros/share/rplidar_ros/local_setup.dsv
[2.623s] -- Symlinking: /home/lunabotics/ros_lunabotics/install/rplidar_ros/share/rplidar_ros/package.dsv
[2.657s] -- Up-to-date symlink: /home/lunabotics/ros_lunabotics/install/rplidar_ros/share/ament_index/resource_index/packages/rplidar_ros
[2.658s] -- Up-to-date symlink: /home/lunabotics/ros_lunabotics/install/rplidar_ros/share/ament_index/resource_index/rclcpp_components/rplidar_ros
[2.659s] -- Up-to-date symlink: /home/lunabotics/ros_lunabotics/install/rplidar_ros/share/rplidar_ros/cmake/ament_cmake_export_dependencies-extras.cmake
[2.660s] -- Up-to-date symlink: /home/lunabotics/ros_lunabotics/install/rplidar_ros/share/rplidar_ros/cmake/ament_cmake_export_include_directories-extras.cmake
[2.661s] -- Up-to-date symlink: /home/lunabotics/ros_lunabotics/install/rplidar_ros/share/rplidar_ros/cmake/rplidar_rosConfig.cmake
[2.662s] -- Up-to-date symlink: /home/lunabotics/ros_lunabotics/install/rplidar_ros/share/rplidar_ros/cmake/rplidar_rosConfig-version.cmake
[2.664s] -- Up-to-date symlink: /home/lunabotics/ros_lunabotics/install/rplidar_ros/share/rplidar_ros/package.xml
[2.670s] Invoked command in '/home/lunabotics/ros_lunabotics/build/rplidar_ros' returned '0': CMAKE_PREFIX_PATH=/opt/ros/humble /usr/bin/cmake --install /home/lunabotics/ros_lunabotics/build/rplidar_ros
