running egg_info
writing ../../build/lunabotics/lunabotics.egg-info/PKG-INFO
writing dependency_links to ../../build/lunabotics/lunabotics.egg-info/dependency_links.txt
writing entry points to ../../build/lunabotics/lunabotics.egg-info/entry_points.txt
writing requirements to ../../build/lunabotics/lunabotics.egg-info/requires.txt
writing top-level names to ../../build/lunabotics/lunabotics.egg-info/top_level.txt
reading manifest file '../../build/lunabotics/lunabotics.egg-info/SOURCES.txt'
writing manifest file '../../build/lunabotics/lunabotics.egg-info/SOURCES.txt'
running build
running build_py
running install
running install_lib
running install_data
copying package.xml -> /home/lunabotics/ros_lunabotics/install/lunabotics/share/lunabotics
running install_egg_info
removing '/home/lunabotics/ros_lunabotics/install/lunabotics/lib/python3.10/site-packages/lunabotics-0.0.0-py3.10.egg-info' (and everything under it)
Copying ../../build/lunabotics/lunabotics.egg-info to /home/lunabotics/ros_lunabotics/install/lunabotics/lib/python3.10/site-packages/lunabotics-0.0.0-py3.10.egg-info
running install_scripts
Installing listener script to /home/lunabotics/ros_lunabotics/install/lunabotics/lib/lunabotics
writing list of installed files to '/home/lunabotics/ros_lunabotics/build/lunabotics/install.log'
