[0.456s] DEBUG:colcon:Command line arguments: ['/usr/bin/colcon', 'build', '--symlink-install']
[0.456s] DEBUG:colcon:Parsed command line arguments: Namespace(log_base=None, log_level=None, verb_name='build', build_base='build', install_base='install', merge_install=False, symlink_install=True, test_result_base=None, continue_on_error=False, executor='parallel', parallel_workers=4, event_handlers=None, ignore_user_meta=False, metas=['./colcon.meta'], base_paths=['.'], packages_ignore=None, packages_ignore_regex=None, paths=None, packages_up_to=None, packages_up_to_regex=None, packages_above=None, packages_above_and_dependencies=None, packages_above_depth=None, packages_select_by_dep=None, packages_skip_by_dep=None, packages_skip_up_to=None, packages_select_build_failed=False, packages_skip_build_finished=False, packages_select_test_failures=False, packages_skip_test_passed=False, packages_select=None, packages_skip=None, packages_select_regex=None, packages_skip_regex=None, packages_start=None, packages_end=None, allow_overriding=[], cmake_args=None, cmake_target=None, cmake_target_skip_unavailable=False, cmake_clean_cache=False, cmake_clean_first=False, cmake_force_configure=False, ament_cmake_args=None, catkin_cmake_args=None, catkin_skip_building_tests=False, verb_parser=<colcon_defaults.argument_parser.defaults.DefaultArgumentsDecorator object at 0xffffb5990d00>, verb_extension=<colcon_core.verb.build.BuildVerb object at 0xffffb5ad18d0>, main=<bound method BuildVerb.main of <colcon_core.verb.build.BuildVerb object at 0xffffb5ad18d0>>)
[1.491s] Level 1:colcon.colcon_core.package_discovery:discover_packages(colcon_meta) check parameters
[1.491s] Level 1:colcon.colcon_core.package_discovery:discover_packages(recursive) check parameters
[1.491s] Level 1:colcon.colcon_core.package_discovery:discover_packages(ignore) check parameters
[1.491s] Level 1:colcon.colcon_core.package_discovery:discover_packages(path) check parameters
[1.492s] Level 1:colcon.colcon_core.package_discovery:discover_packages(colcon_meta) discover
[1.492s] Level 1:colcon.colcon_core.package_discovery:discover_packages(recursive) discover
[1.492s] INFO:colcon.colcon_core.package_discovery:Crawling recursively for packages in '/home/lunabotics/lunabotics2024/CSU-Lunabotics-2024/lunabotics'
[1.492s] Level 1:colcon.colcon_core.package_identification:_identify(.) by extensions ['ignore', 'ignore_ament_install']
[1.493s] Level 1:colcon.colcon_core.package_identification:_identify(.) by extension 'ignore'
[1.493s] Level 1:colcon.colcon_core.package_identification:_identify(.) by extension 'ignore_ament_install'
[1.493s] Level 1:colcon.colcon_core.package_identification:_identify(.) by extensions ['colcon_pkg']
[1.493s] Level 1:colcon.colcon_core.package_identification:_identify(.) by extension 'colcon_pkg'
[1.493s] Level 1:colcon.colcon_core.package_identification:_identify(.) by extensions ['colcon_meta']
[1.494s] Level 1:colcon.colcon_core.package_identification:_identify(.) by extension 'colcon_meta'
[1.494s] Level 1:colcon.colcon_core.package_identification:_identify(.) by extensions ['ros']
[1.494s] Level 1:colcon.colcon_core.package_identification:_identify(.) by extension 'ros'
[1.577s] Level 1:colcon.colcon_core.package_identification:_identify(.) by extensions ['cmake', 'python']
[1.577s] Level 1:colcon.colcon_core.package_identification:_identify(.) by extension 'cmake'
[1.577s] Level 1:colcon.colcon_core.package_identification:_identify(.) by extension 'python'
[1.578s] Level 1:colcon.colcon_core.package_identification:_identify(.) by extensions ['python_setup_py']
[1.578s] Level 1:colcon.colcon_core.package_identification:_identify(.) by extension 'python_setup_py'
[1.578s] Level 1:colcon.colcon_core.package_identification:_identify(build) by extensions ['ignore', 'ignore_ament_install']
[1.578s] Level 1:colcon.colcon_core.package_identification:_identify(build) by extension 'ignore'
[1.579s] Level 1:colcon.colcon_core.package_identification:_identify(build) ignored
[1.579s] Level 1:colcon.colcon_core.package_identification:_identify(install) by extensions ['ignore', 'ignore_ament_install']
[1.580s] Level 1:colcon.colcon_core.package_identification:_identify(install) by extension 'ignore'
[1.580s] Level 1:colcon.colcon_core.package_identification:_identify(install) ignored
[1.580s] Level 1:colcon.colcon_core.package_identification:_identify(log) by extensions ['ignore', 'ignore_ament_install']
[1.581s] Level 1:colcon.colcon_core.package_identification:_identify(log) by extension 'ignore'
[1.581s] Level 1:colcon.colcon_core.package_identification:_identify(log) ignored
[1.581s] Level 1:colcon.colcon_core.package_identification:_identify(src) by extensions ['ignore', 'ignore_ament_install']
[1.581s] Level 1:colcon.colcon_core.package_identification:_identify(src) by extension 'ignore'
[1.582s] Level 1:colcon.colcon_core.package_identification:_identify(src) by extension 'ignore_ament_install'
[1.582s] Level 1:colcon.colcon_core.package_identification:_identify(src) by extensions ['colcon_pkg']
[1.582s] Level 1:colcon.colcon_core.package_identification:_identify(src) by extension 'colcon_pkg'
[1.582s] Level 1:colcon.colcon_core.package_identification:_identify(src) by extensions ['colcon_meta']
[1.582s] Level 1:colcon.colcon_core.package_identification:_identify(src) by extension 'colcon_meta'
[1.582s] Level 1:colcon.colcon_core.package_identification:_identify(src) by extensions ['ros']
[1.582s] Level 1:colcon.colcon_core.package_identification:_identify(src) by extension 'ros'
[1.583s] Level 1:colcon.colcon_core.package_identification:_identify(src) by extensions ['cmake', 'python']
[1.583s] Level 1:colcon.colcon_core.package_identification:_identify(src) by extension 'cmake'
[1.583s] Level 1:colcon.colcon_core.package_identification:_identify(src) by extension 'python'
[1.583s] Level 1:colcon.colcon_core.package_identification:_identify(src) by extensions ['python_setup_py']
[1.583s] Level 1:colcon.colcon_core.package_identification:_identify(src) by extension 'python_setup_py'
[1.584s] Level 1:colcon.colcon_core.package_identification:_identify(src/rplidar_ros2) by extensions ['ignore', 'ignore_ament_install']
[1.584s] Level 1:colcon.colcon_core.package_identification:_identify(src/rplidar_ros2) by extension 'ignore'
[1.585s] Level 1:colcon.colcon_core.package_identification:_identify(src/rplidar_ros2) by extension 'ignore_ament_install'
[1.585s] Level 1:colcon.colcon_core.package_identification:_identify(src/rplidar_ros2) by extensions ['colcon_pkg']
[1.585s] Level 1:colcon.colcon_core.package_identification:_identify(src/rplidar_ros2) by extension 'colcon_pkg'
[1.585s] Level 1:colcon.colcon_core.package_identification:_identify(src/rplidar_ros2) by extensions ['colcon_meta']
[1.585s] Level 1:colcon.colcon_core.package_identification:_identify(src/rplidar_ros2) by extension 'colcon_meta'
[1.585s] Level 1:colcon.colcon_core.package_identification:_identify(src/rplidar_ros2) by extensions ['ros']
[1.585s] Level 1:colcon.colcon_core.package_identification:_identify(src/rplidar_ros2) by extension 'ros'
[1.595s] DEBUG:colcon.colcon_core.package_identification:Package 'src/rplidar_ros2' with type 'ros.ament_cmake' and name 'rplidar_ros'
[1.595s] Level 1:colcon.colcon_core.package_identification:_identify(src/testing) by extensions ['ignore', 'ignore_ament_install']
[1.596s] Level 1:colcon.colcon_core.package_identification:_identify(src/testing) by extension 'ignore'
[1.596s] Level 1:colcon.colcon_core.package_identification:_identify(src/testing) by extension 'ignore_ament_install'
[1.596s] Level 1:colcon.colcon_core.package_identification:_identify(src/testing) by extensions ['colcon_pkg']
[1.596s] Level 1:colcon.colcon_core.package_identification:_identify(src/testing) by extension 'colcon_pkg'
[1.596s] Level 1:colcon.colcon_core.package_identification:_identify(src/testing) by extensions ['colcon_meta']
[1.597s] Level 1:colcon.colcon_core.package_identification:_identify(src/testing) by extension 'colcon_meta'
[1.597s] Level 1:colcon.colcon_core.package_identification:_identify(src/testing) by extensions ['ros']
[1.597s] Level 1:colcon.colcon_core.package_identification:_identify(src/testing) by extension 'ros'
[1.600s] DEBUG:colcon.colcon_core.package_identification:Package 'src/testing' with type 'ros.ament_python' and name 'testing'
[1.601s] Level 1:colcon.colcon_core.package_discovery:discover_packages(recursive) using defaults
[1.601s] Level 1:colcon.colcon_core.package_discovery:discover_packages(ignore) discover
[1.601s] Level 1:colcon.colcon_core.package_discovery:discover_packages(ignore) using defaults
[1.601s] Level 1:colcon.colcon_core.package_discovery:discover_packages(path) discover
[1.601s] Level 1:colcon.colcon_core.package_discovery:discover_packages(path) using defaults
[1.678s] Level 1:colcon.colcon_core.package_discovery:discover_packages(prefix_path) check parameters
[1.678s] Level 1:colcon.colcon_core.package_discovery:discover_packages(prefix_path) discover
[1.685s] DEBUG:colcon.colcon_installed_package_information.package_discovery:Found 1 installed packages in /home/lunabotics/lidar/install
[1.688s] DEBUG:colcon.colcon_installed_package_information.package_discovery:Found 0 installed packages in /home/lunabotics/lunabotics2024/CSU-Lunabotics-2024/lunabotics/install
[1.696s] DEBUG:colcon.colcon_installed_package_information.package_discovery:Found 270 installed packages in /opt/ros/humble
[1.707s] Level 1:colcon.colcon_core.package_discovery:discover_packages(prefix_path) using defaults
[1.864s] Level 5:colcon.colcon_core.verb:set package 'rplidar_ros' build argument 'cmake_args' from command line to 'None'
[1.864s] Level 5:colcon.colcon_core.verb:set package 'rplidar_ros' build argument 'cmake_target' from command line to 'None'
[1.864s] Level 5:colcon.colcon_core.verb:set package 'rplidar_ros' build argument 'cmake_target_skip_unavailable' from command line to 'False'
[1.864s] Level 5:colcon.colcon_core.verb:set package 'rplidar_ros' build argument 'cmake_clean_cache' from command line to 'False'
[1.865s] Level 5:colcon.colcon_core.verb:set package 'rplidar_ros' build argument 'cmake_clean_first' from command line to 'False'
[1.865s] Level 5:colcon.colcon_core.verb:set package 'rplidar_ros' build argument 'cmake_force_configure' from command line to 'False'
[1.865s] Level 5:colcon.colcon_core.verb:set package 'rplidar_ros' build argument 'ament_cmake_args' from command line to 'None'
[1.865s] Level 5:colcon.colcon_core.verb:set package 'rplidar_ros' build argument 'catkin_cmake_args' from command line to 'None'
[1.865s] Level 5:colcon.colcon_core.verb:set package 'rplidar_ros' build argument 'catkin_skip_building_tests' from command line to 'False'
[1.865s] DEBUG:colcon.colcon_core.verb:Building package 'rplidar_ros' with the following arguments: {'ament_cmake_args': None, 'build_base': '/home/lunabotics/lunabotics2024/CSU-Lunabotics-2024/lunabotics/build/rplidar_ros', 'catkin_cmake_args': None, 'catkin_skip_building_tests': False, 'cmake_args': None, 'cmake_clean_cache': False, 'cmake_clean_first': False, 'cmake_force_configure': False, 'cmake_target': None, 'cmake_target_skip_unavailable': False, 'install_base': '/home/lunabotics/lunabotics2024/CSU-Lunabotics-2024/lunabotics/install/rplidar_ros', 'merge_install': False, 'path': '/home/lunabotics/lunabotics2024/CSU-Lunabotics-2024/lunabotics/src/rplidar_ros2', 'symlink_install': True, 'test_result_base': None}
[1.866s] Level 5:colcon.colcon_core.verb:set package 'testing' build argument 'cmake_args' from command line to 'None'
[1.867s] Level 5:colcon.colcon_core.verb:set package 'testing' build argument 'cmake_target' from command line to 'None'
[1.867s] Level 5:colcon.colcon_core.verb:set package 'testing' build argument 'cmake_target_skip_unavailable' from command line to 'False'
[1.867s] Level 5:colcon.colcon_core.verb:set package 'testing' build argument 'cmake_clean_cache' from command line to 'False'
[1.867s] Level 5:colcon.colcon_core.verb:set package 'testing' build argument 'cmake_clean_first' from command line to 'False'
[1.867s] Level 5:colcon.colcon_core.verb:set package 'testing' build argument 'cmake_force_configure' from command line to 'False'
[1.867s] Level 5:colcon.colcon_core.verb:set package 'testing' build argument 'ament_cmake_args' from command line to 'None'
[1.867s] Level 5:colcon.colcon_core.verb:set package 'testing' build argument 'catkin_cmake_args' from command line to 'None'
[1.867s] Level 5:colcon.colcon_core.verb:set package 'testing' build argument 'catkin_skip_building_tests' from command line to 'False'
[1.868s] DEBUG:colcon.colcon_core.verb:Building package 'testing' with the following arguments: {'ament_cmake_args': None, 'build_base': '/home/lunabotics/lunabotics2024/CSU-Lunabotics-2024/lunabotics/build/testing', 'catkin_cmake_args': None, 'catkin_skip_building_tests': False, 'cmake_args': None, 'cmake_clean_cache': False, 'cmake_clean_first': False, 'cmake_force_configure': False, 'cmake_target': None, 'cmake_target_skip_unavailable': False, 'install_base': '/home/lunabotics/lunabotics2024/CSU-Lunabotics-2024/lunabotics/install/testing', 'merge_install': False, 'path': '/home/lunabotics/lunabotics2024/CSU-Lunabotics-2024/lunabotics/src/testing', 'symlink_install': True, 'test_result_base': None}
[1.868s] INFO:colcon.colcon_core.executor:Executing jobs using 'parallel' executor
[1.871s] DEBUG:colcon.colcon_parallel_executor.executor.parallel:run_until_complete
[1.872s] INFO:colcon.colcon_ros.task.ament_cmake.build:Building ROS package in '/home/lunabotics/lunabotics2024/CSU-Lunabotics-2024/lunabotics/src/rplidar_ros2' with build type 'ament_cmake'
[1.873s] INFO:colcon.colcon_cmake.task.cmake.build:Building CMake package in '/home/lunabotics/lunabotics2024/CSU-Lunabotics-2024/lunabotics/src/rplidar_ros2'
[1.882s] INFO:colcon.colcon_core.plugin_system:Skipping extension 'colcon_core.shell.bat': Not used on non-Windows systems
[1.883s] INFO:colcon.colcon_core.shell:Skip shell extension 'powershell' for command environment: Not usable outside of PowerShell
[1.883s] DEBUG:colcon.colcon_core.shell:Skip shell extension 'dsv' for command environment
[1.907s] INFO:colcon.colcon_ros.task.ament_python.build:Building ROS package in '/home/lunabotics/lunabotics2024/CSU-Lunabotics-2024/lunabotics/src/testing' with build type 'ament_python'
[1.907s] Level 1:colcon.colcon_core.shell:create_environment_hook('testing', 'ament_prefix_path')
[1.909s] INFO:colcon.colcon_core.shell:Creating environment hook '/home/lunabotics/lunabotics2024/CSU-Lunabotics-2024/lunabotics/install/testing/share/testing/hook/ament_prefix_path.ps1'
[1.913s] INFO:colcon.colcon_core.shell:Creating environment descriptor '/home/lunabotics/lunabotics2024/CSU-Lunabotics-2024/lunabotics/install/testing/share/testing/hook/ament_prefix_path.dsv'
[1.918s] INFO:colcon.colcon_core.shell:Creating environment hook '/home/lunabotics/lunabotics2024/CSU-Lunabotics-2024/lunabotics/install/testing/share/testing/hook/ament_prefix_path.sh'
[1.922s] INFO:colcon.colcon_core.shell:Skip shell extension 'powershell' for command environment: Not usable outside of PowerShell
[1.923s] DEBUG:colcon.colcon_core.shell:Skip shell extension 'dsv' for command environment
[1.965s] DEBUG:colcon.colcon_core.event_handler.log_command:Invoking command in '/home/lunabotics/lunabotics2024/CSU-Lunabotics-2024/lunabotics/build/rplidar_ros': CMAKE_PREFIX_PATH=${CMAKE_PREFIX_PATH}:/opt/ros/humble /usr/bin/cmake /home/lunabotics/lunabotics2024/CSU-Lunabotics-2024/lunabotics/src/rplidar_ros2 -DAMENT_CMAKE_SYMLINK_INSTALL=1 -DCMAKE_INSTALL_PREFIX=/home/lunabotics/lunabotics2024/CSU-Lunabotics-2024/lunabotics/install/rplidar_ros
[3.903s] INFO:colcon.colcon_core.task.python.build:Building Python package in '/home/lunabotics/lunabotics2024/CSU-Lunabotics-2024/lunabotics/src/testing'
[3.904s] INFO:colcon.colcon_core.shell:Skip shell extension 'powershell' for command environment: Not usable outside of PowerShell
[3.904s] DEBUG:colcon.colcon_core.shell:Skip shell extension 'dsv' for command environment
[6.390s] DEBUG:colcon.colcon_core.event_handler.log_command:Invoking command in '/home/lunabotics/lunabotics2024/CSU-Lunabotics-2024/lunabotics/build/testing': PYTHONPATH=/home/lunabotics/lunabotics2024/CSU-Lunabotics-2024/lunabotics/build/testing/prefix_override:/home/lunabotics/lunabotics2024/CSU-Lunabotics-2024/lunabotics/install/testing/lib/python3.10/site-packages:${PYTHONPATH} /usr/bin/python3 -W ignore:setup.py install is deprecated setup.py develop --editable --build-directory /home/lunabotics/lunabotics2024/CSU-Lunabotics-2024/lunabotics/build/testing/build --no-deps symlink_data
[9.658s] Level 1:colcon.colcon_core.shell:create_environment_hook('testing', 'pythonpath_develop')
[9.660s] INFO:colcon.colcon_core.shell:Creating environment hook '/home/lunabotics/lunabotics2024/CSU-Lunabotics-2024/lunabotics/build/testing/share/testing/hook/pythonpath_develop.ps1'
[9.661s] DEBUG:colcon.colcon_core.event_handler.log_command:Invoked command in '/home/lunabotics/lunabotics2024/CSU-Lunabotics-2024/lunabotics/build/testing' returned '0': PYTHONPATH=/home/lunabotics/lunabotics2024/CSU-Lunabotics-2024/lunabotics/build/testing/prefix_override:/home/lunabotics/lunabotics2024/CSU-Lunabotics-2024/lunabotics/install/testing/lib/python3.10/site-packages:${PYTHONPATH} /usr/bin/python3 -W ignore:setup.py install is deprecated setup.py develop --editable --build-directory /home/lunabotics/lunabotics2024/CSU-Lunabotics-2024/lunabotics/build/testing/build --no-deps symlink_data
[9.664s] INFO:colcon.colcon_core.shell:Creating environment descriptor '/home/lunabotics/lunabotics2024/CSU-Lunabotics-2024/lunabotics/build/testing/share/testing/hook/pythonpath_develop.dsv'
[9.668s] INFO:colcon.colcon_core.shell:Creating environment hook '/home/lunabotics/lunabotics2024/CSU-Lunabotics-2024/lunabotics/build/testing/share/testing/hook/pythonpath_develop.sh'
[9.682s] Level 1:colcon.colcon_core.environment:checking '/home/lunabotics/lunabotics2024/CSU-Lunabotics-2024/lunabotics/install/testing' for CMake module files
[9.685s] Level 1:colcon.colcon_core.environment:checking '/home/lunabotics/lunabotics2024/CSU-Lunabotics-2024/lunabotics/install/testing' for CMake config files
[9.688s] Level 1:colcon.colcon_core.environment:checking '/home/lunabotics/lunabotics2024/CSU-Lunabotics-2024/lunabotics/install/testing/lib'
[9.689s] Level 1:colcon.colcon_core.environment:checking '/home/lunabotics/lunabotics2024/CSU-Lunabotics-2024/lunabotics/install/testing/bin'
[9.689s] Level 1:colcon.colcon_core.environment:checking '/home/lunabotics/lunabotics2024/CSU-Lunabotics-2024/lunabotics/install/testing/lib/pkgconfig/testing.pc'
[9.690s] Level 1:colcon.colcon_core.environment:checking '/home/lunabotics/lunabotics2024/CSU-Lunabotics-2024/lunabotics/install/testing/lib/python3.10/site-packages'
[9.691s] Level 1:colcon.colcon_core.shell:create_environment_hook('testing', 'pythonpath')
[9.692s] INFO:colcon.colcon_core.shell:Creating environment hook '/home/lunabotics/lunabotics2024/CSU-Lunabotics-2024/lunabotics/install/testing/share/testing/hook/pythonpath.ps1'
[9.694s] INFO:colcon.colcon_core.shell:Creating environment descriptor '/home/lunabotics/lunabotics2024/CSU-Lunabotics-2024/lunabotics/install/testing/share/testing/hook/pythonpath.dsv'
[9.695s] INFO:colcon.colcon_core.shell:Creating environment hook '/home/lunabotics/lunabotics2024/CSU-Lunabotics-2024/lunabotics/install/testing/share/testing/hook/pythonpath.sh'
[9.698s] Level 1:colcon.colcon_core.environment:checking '/home/lunabotics/lunabotics2024/CSU-Lunabotics-2024/lunabotics/install/testing/bin'
[9.699s] Level 1:colcon.colcon_core.environment:create_environment_scripts_only(testing)
[9.700s] INFO:colcon.colcon_core.shell:Creating package script '/home/lunabotics/lunabotics2024/CSU-Lunabotics-2024/lunabotics/install/testing/share/testing/package.ps1'
[9.704s] INFO:colcon.colcon_core.shell:Creating package descriptor '/home/lunabotics/lunabotics2024/CSU-Lunabotics-2024/lunabotics/install/testing/share/testing/package.dsv'
[9.706s] INFO:colcon.colcon_core.shell:Creating package script '/home/lunabotics/lunabotics2024/CSU-Lunabotics-2024/lunabotics/install/testing/share/testing/package.sh'
[9.710s] INFO:colcon.colcon_core.shell:Creating package script '/home/lunabotics/lunabotics2024/CSU-Lunabotics-2024/lunabotics/install/testing/share/testing/package.bash'
[9.713s] INFO:colcon.colcon_core.shell:Creating package script '/home/lunabotics/lunabotics2024/CSU-Lunabotics-2024/lunabotics/install/testing/share/testing/package.zsh'
[9.716s] Level 1:colcon.colcon_core.environment:create_file_with_runtime_dependencies(/home/lunabotics/lunabotics2024/CSU-Lunabotics-2024/lunabotics/install/testing/share/colcon-core/packages/testing)
[10.702s] DEBUG:colcon.colcon_core.event_handler.log_command:Invoked command in '/home/lunabotics/lunabotics2024/CSU-Lunabotics-2024/lunabotics/build/rplidar_ros' returned '0': CMAKE_PREFIX_PATH=${CMAKE_PREFIX_PATH}:/opt/ros/humble /usr/bin/cmake /home/lunabotics/lunabotics2024/CSU-Lunabotics-2024/lunabotics/src/rplidar_ros2 -DAMENT_CMAKE_SYMLINK_INSTALL=1 -DCMAKE_INSTALL_PREFIX=/home/lunabotics/lunabotics2024/CSU-Lunabotics-2024/lunabotics/install/rplidar_ros
[10.711s] DEBUG:colcon.colcon_core.event_handler.log_command:Invoking command in '/home/lunabotics/lunabotics2024/CSU-Lunabotics-2024/lunabotics/build/rplidar_ros': CMAKE_PREFIX_PATH=${CMAKE_PREFIX_PATH}:/opt/ros/humble /usr/bin/cmake --build /home/lunabotics/lunabotics2024/CSU-Lunabotics-2024/lunabotics/build/rplidar_ros -- -j4 -l4
[52.285s] DEBUG:colcon.colcon_core.event_handler.log_command:Invoked command in '/home/lunabotics/lunabotics2024/CSU-Lunabotics-2024/lunabotics/build/rplidar_ros' returned '0': CMAKE_PREFIX_PATH=${CMAKE_PREFIX_PATH}:/opt/ros/humble /usr/bin/cmake --build /home/lunabotics/lunabotics2024/CSU-Lunabotics-2024/lunabotics/build/rplidar_ros -- -j4 -l4
[52.558s] DEBUG:colcon.colcon_core.event_handler.log_command:Invoking command in '/home/lunabotics/lunabotics2024/CSU-Lunabotics-2024/lunabotics/build/rplidar_ros': CMAKE_PREFIX_PATH=${CMAKE_PREFIX_PATH}:/opt/ros/humble /usr/bin/cmake --install /home/lunabotics/lunabotics2024/CSU-Lunabotics-2024/lunabotics/build/rplidar_ros
[53.737s] Level 1:colcon.colcon_core.environment:create_environment_scripts_only(rplidar_ros)
[53.738s] Level 1:colcon.colcon_core.environment:checking '/home/lunabotics/lunabotics2024/CSU-Lunabotics-2024/lunabotics/install/rplidar_ros' for CMake module files
[53.740s] DEBUG:colcon.colcon_core.event_handler.log_command:Invoked command in '/home/lunabotics/lunabotics2024/CSU-Lunabotics-2024/lunabotics/build/rplidar_ros' returned '0': CMAKE_PREFIX_PATH=${CMAKE_PREFIX_PATH}:/opt/ros/humble /usr/bin/cmake --install /home/lunabotics/lunabotics2024/CSU-Lunabotics-2024/lunabotics/build/rplidar_ros
[53.742s] Level 1:colcon.colcon_core.environment:checking '/home/lunabotics/lunabotics2024/CSU-Lunabotics-2024/lunabotics/install/rplidar_ros' for CMake config files
[53.747s] Level 1:colcon.colcon_core.shell:create_environment_hook('rplidar_ros', 'cmake_prefix_path')
[53.749s] INFO:colcon.colcon_core.shell:Creating environment hook '/home/lunabotics/lunabotics2024/CSU-Lunabotics-2024/lunabotics/install/rplidar_ros/share/rplidar_ros/hook/cmake_prefix_path.ps1'
[53.751s] INFO:colcon.colcon_core.shell:Creating environment descriptor '/home/lunabotics/lunabotics2024/CSU-Lunabotics-2024/lunabotics/install/rplidar_ros/share/rplidar_ros/hook/cmake_prefix_path.dsv'
[53.753s] INFO:colcon.colcon_core.shell:Creating environment hook '/home/lunabotics/lunabotics2024/CSU-Lunabotics-2024/lunabotics/install/rplidar_ros/share/rplidar_ros/hook/cmake_prefix_path.sh'
[53.756s] Level 1:colcon.colcon_core.environment:checking '/home/lunabotics/lunabotics2024/CSU-Lunabotics-2024/lunabotics/install/rplidar_ros/lib'
[53.756s] Level 1:colcon.colcon_core.shell:create_environment_hook('rplidar_ros', 'ld_library_path_lib')
[53.757s] INFO:colcon.colcon_core.shell:Creating environment hook '/home/lunabotics/lunabotics2024/CSU-Lunabotics-2024/lunabotics/install/rplidar_ros/share/rplidar_ros/hook/ld_library_path_lib.ps1'
[53.759s] INFO:colcon.colcon_core.shell:Creating environment descriptor '/home/lunabotics/lunabotics2024/CSU-Lunabotics-2024/lunabotics/install/rplidar_ros/share/rplidar_ros/hook/ld_library_path_lib.dsv'
[53.760s] INFO:colcon.colcon_core.shell:Creating environment hook '/home/lunabotics/lunabotics2024/CSU-Lunabotics-2024/lunabotics/install/rplidar_ros/share/rplidar_ros/hook/ld_library_path_lib.sh'
[53.761s] Level 1:colcon.colcon_core.environment:checking '/home/lunabotics/lunabotics2024/CSU-Lunabotics-2024/lunabotics/install/rplidar_ros/bin'
[53.762s] Level 1:colcon.colcon_core.environment:checking '/home/lunabotics/lunabotics2024/CSU-Lunabotics-2024/lunabotics/install/rplidar_ros/lib/pkgconfig/rplidar_ros.pc'
[53.763s] Level 1:colcon.colcon_core.environment:checking '/home/lunabotics/lunabotics2024/CSU-Lunabotics-2024/lunabotics/install/rplidar_ros/lib/python3.10/site-packages'
[53.764s] Level 1:colcon.colcon_core.environment:checking '/home/lunabotics/lunabotics2024/CSU-Lunabotics-2024/lunabotics/install/rplidar_ros/bin'
[53.765s] INFO:colcon.colcon_core.shell:Creating package script '/home/lunabotics/lunabotics2024/CSU-Lunabotics-2024/lunabotics/install/rplidar_ros/share/rplidar_ros/package.ps1'
[53.767s] INFO:colcon.colcon_core.shell:Creating package descriptor '/home/lunabotics/lunabotics2024/CSU-Lunabotics-2024/lunabotics/install/rplidar_ros/share/rplidar_ros/package.dsv'
[53.769s] INFO:colcon.colcon_core.shell:Creating package script '/home/lunabotics/lunabotics2024/CSU-Lunabotics-2024/lunabotics/install/rplidar_ros/share/rplidar_ros/package.sh'
[53.771s] INFO:colcon.colcon_core.shell:Creating package script '/home/lunabotics/lunabotics2024/CSU-Lunabotics-2024/lunabotics/install/rplidar_ros/share/rplidar_ros/package.bash'
[53.772s] INFO:colcon.colcon_core.shell:Creating package script '/home/lunabotics/lunabotics2024/CSU-Lunabotics-2024/lunabotics/install/rplidar_ros/share/rplidar_ros/package.zsh'
[53.773s] Level 1:colcon.colcon_core.environment:create_file_with_runtime_dependencies(/home/lunabotics/lunabotics2024/CSU-Lunabotics-2024/lunabotics/install/rplidar_ros/share/colcon-core/packages/rplidar_ros)
[53.994s] Level 1:colcon.colcon_core.environment:create_environment_scripts_only(rplidar_ros)
[53.995s] Level 1:colcon.colcon_core.environment:checking '/home/lunabotics/lunabotics2024/CSU-Lunabotics-2024/lunabotics/install/rplidar_ros' for CMake module files
[54.001s] Level 1:colcon.colcon_core.environment:checking '/home/lunabotics/lunabotics2024/CSU-Lunabotics-2024/lunabotics/install/rplidar_ros' for CMake config files
[54.007s] Level 1:colcon.colcon_core.shell:create_environment_hook('rplidar_ros', 'cmake_prefix_path')
[54.008s] INFO:colcon.colcon_core.shell:Creating environment hook '/home/lunabotics/lunabotics2024/CSU-Lunabotics-2024/lunabotics/install/rplidar_ros/share/rplidar_ros/hook/cmake_prefix_path.ps1'
[54.010s] INFO:colcon.colcon_core.shell:Creating environment descriptor '/home/lunabotics/lunabotics2024/CSU-Lunabotics-2024/lunabotics/install/rplidar_ros/share/rplidar_ros/hook/cmake_prefix_path.dsv'
[54.011s] INFO:colcon.colcon_core.shell:Creating environment hook '/home/lunabotics/lunabotics2024/CSU-Lunabotics-2024/lunabotics/install/rplidar_ros/share/rplidar_ros/hook/cmake_prefix_path.sh'
[54.014s] Level 1:colcon.colcon_core.environment:checking '/home/lunabotics/lunabotics2024/CSU-Lunabotics-2024/lunabotics/install/rplidar_ros/lib'
[54.014s] Level 1:colcon.colcon_core.shell:create_environment_hook('rplidar_ros', 'ld_library_path_lib')
[54.015s] INFO:colcon.colcon_core.shell:Creating environment hook '/home/lunabotics/lunabotics2024/CSU-Lunabotics-2024/lunabotics/install/rplidar_ros/share/rplidar_ros/hook/ld_library_path_lib.ps1'
[54.029s] INFO:colcon.colcon_core.shell:Creating environment descriptor '/home/lunabotics/lunabotics2024/CSU-Lunabotics-2024/lunabotics/install/rplidar_ros/share/rplidar_ros/hook/ld_library_path_lib.dsv'
[54.032s] INFO:colcon.colcon_core.shell:Creating environment hook '/home/lunabotics/lunabotics2024/CSU-Lunabotics-2024/lunabotics/install/rplidar_ros/share/rplidar_ros/hook/ld_library_path_lib.sh'
[54.034s] Level 1:colcon.colcon_core.environment:checking '/home/lunabotics/lunabotics2024/CSU-Lunabotics-2024/lunabotics/install/rplidar_ros/bin'
[54.035s] Level 1:colcon.colcon_core.environment:checking '/home/lunabotics/lunabotics2024/CSU-Lunabotics-2024/lunabotics/install/rplidar_ros/lib/pkgconfig/rplidar_ros.pc'
[54.036s] Level 1:colcon.colcon_core.environment:checking '/home/lunabotics/lunabotics2024/CSU-Lunabotics-2024/lunabotics/install/rplidar_ros/lib/python3.10/site-packages'
[54.037s] Level 1:colcon.colcon_core.environment:checking '/home/lunabotics/lunabotics2024/CSU-Lunabotics-2024/lunabotics/install/rplidar_ros/bin'
[54.038s] INFO:colcon.colcon_core.shell:Creating package script '/home/lunabotics/lunabotics2024/CSU-Lunabotics-2024/lunabotics/install/rplidar_ros/share/rplidar_ros/package.ps1'
[54.041s] INFO:colcon.colcon_core.shell:Creating package descriptor '/home/lunabotics/lunabotics2024/CSU-Lunabotics-2024/lunabotics/install/rplidar_ros/share/rplidar_ros/package.dsv'
[54.043s] INFO:colcon.colcon_core.shell:Creating package script '/home/lunabotics/lunabotics2024/CSU-Lunabotics-2024/lunabotics/install/rplidar_ros/share/rplidar_ros/package.sh'
[54.046s] INFO:colcon.colcon_core.shell:Creating package script '/home/lunabotics/lunabotics2024/CSU-Lunabotics-2024/lunabotics/install/rplidar_ros/share/rplidar_ros/package.bash'
[54.048s] INFO:colcon.colcon_core.shell:Creating package script '/home/lunabotics/lunabotics2024/CSU-Lunabotics-2024/lunabotics/install/rplidar_ros/share/rplidar_ros/package.zsh'
[54.050s] Level 1:colcon.colcon_core.environment:create_file_with_runtime_dependencies(/home/lunabotics/lunabotics2024/CSU-Lunabotics-2024/lunabotics/install/rplidar_ros/share/colcon-core/packages/rplidar_ros)
[54.051s] DEBUG:colcon.colcon_parallel_executor.executor.parallel:closing loop
[54.053s] DEBUG:colcon.colcon_parallel_executor.executor.parallel:loop closed
[54.053s] DEBUG:colcon.colcon_parallel_executor.executor.parallel:run_until_complete finished with '0'
[54.054s] DEBUG:colcon.colcon_core.event_reactor:joining thread
[54.115s] INFO:colcon.colcon_core.plugin_system:Skipping extension 'colcon_notification.desktop_notification.terminal_notifier': Not used on non-Darwin systems
[54.115s] INFO:colcon.colcon_core.plugin_system:Skipping extension 'colcon_notification.desktop_notification.win32': Not used on non-Windows systems
[54.116s] INFO:colcon.colcon_notification.desktop_notification:Sending desktop notification using 'notify2'
[54.168s] DEBUG:colcon.colcon_core.event_reactor:joined thread
[54.169s] INFO:colcon.colcon_core.shell:Creating prefix script '/home/lunabotics/lunabotics2024/CSU-Lunabotics-2024/lunabotics/install/local_setup.ps1'
[54.173s] INFO:colcon.colcon_core.shell:Creating prefix util module '/home/lunabotics/lunabotics2024/CSU-Lunabotics-2024/lunabotics/install/_local_setup_util_ps1.py'
[54.180s] INFO:colcon.colcon_core.shell:Creating prefix chain script '/home/lunabotics/lunabotics2024/CSU-Lunabotics-2024/lunabotics/install/setup.ps1'
[54.186s] INFO:colcon.colcon_core.shell:Creating prefix script '/home/lunabotics/lunabotics2024/CSU-Lunabotics-2024/lunabotics/install/local_setup.sh'
[54.189s] INFO:colcon.colcon_core.shell:Creating prefix util module '/home/lunabotics/lunabotics2024/CSU-Lunabotics-2024/lunabotics/install/_local_setup_util_sh.py'
[54.192s] INFO:colcon.colcon_core.shell:Creating prefix chain script '/home/lunabotics/lunabotics2024/CSU-Lunabotics-2024/lunabotics/install/setup.sh'
[54.198s] INFO:colcon.colcon_core.shell:Creating prefix script '/home/lunabotics/lunabotics2024/CSU-Lunabotics-2024/lunabotics/install/local_setup.bash'
[54.201s] INFO:colcon.colcon_core.shell:Creating prefix chain script '/home/lunabotics/lunabotics2024/CSU-Lunabotics-2024/lunabotics/install/setup.bash'
[54.206s] INFO:colcon.colcon_core.shell:Creating prefix script '/home/lunabotics/lunabotics2024/CSU-Lunabotics-2024/lunabotics/install/local_setup.zsh'
[54.210s] INFO:colcon.colcon_core.shell:Creating prefix chain script '/home/lunabotics/lunabotics2024/CSU-Lunabotics-2024/lunabotics/install/setup.zsh'
