[0.728s] DEBUG:colcon:Command line arguments: ['/usr/bin/colcon', 'build', '--symlink-install']
[0.728s] DEBUG:colcon:Parsed command line arguments: Namespace(log_base=None, log_level=None, verb_name='build', build_base='build', install_base='install', merge_install=False, symlink_install=True, test_result_base=None, continue_on_error=False, executor='parallel', parallel_workers=4, event_handlers=None, ignore_user_meta=False, metas=['./colcon.meta'], base_paths=['.'], packages_ignore=None, packages_ignore_regex=None, paths=None, packages_up_to=None, packages_up_to_regex=None, packages_above=None, packages_above_and_dependencies=None, packages_above_depth=None, packages_select_by_dep=None, packages_skip_by_dep=None, packages_skip_up_to=None, packages_select_build_failed=False, packages_skip_build_finished=False, packages_select_test_failures=False, packages_skip_test_passed=False, packages_select=None, packages_skip=None, packages_select_regex=None, packages_skip_regex=None, packages_start=None, packages_end=None, allow_overriding=[], cmake_args=None, cmake_target=None, cmake_target_skip_unavailable=False, cmake_clean_cache=False, cmake_clean_first=False, cmake_force_configure=False, ament_cmake_args=None, catkin_cmake_args=None, catkin_skip_building_tests=False, verb_parser=<colcon_defaults.argument_parser.defaults.DefaultArgumentsDecorator object at 0xffffb472ce50>, verb_extension=<colcon_core.verb.build.BuildVerb object at 0xffffb490da20>, main=<bound method BuildVerb.main of <colcon_core.verb.build.BuildVerb object at 0xffffb490da20>>)
[2.301s] Level 1:colcon.colcon_core.package_discovery:discover_packages(colcon_meta) check parameters
[2.301s] Level 1:colcon.colcon_core.package_discovery:discover_packages(recursive) check parameters
[2.301s] Level 1:colcon.colcon_core.package_discovery:discover_packages(ignore) check parameters
[2.301s] Level 1:colcon.colcon_core.package_discovery:discover_packages(path) check parameters
[2.302s] Level 1:colcon.colcon_core.package_discovery:discover_packages(colcon_meta) discover
[2.302s] Level 1:colcon.colcon_core.package_discovery:discover_packages(recursive) discover
[2.302s] INFO:colcon.colcon_core.package_discovery:Crawling recursively for packages in '/home/lunabotics/lunabotics2024/CSU-Lunabotics-2024/lunabotics'
[2.303s] Level 1:colcon.colcon_core.package_identification:_identify(.) by extensions ['ignore', 'ignore_ament_install']
[2.303s] Level 1:colcon.colcon_core.package_identification:_identify(.) by extension 'ignore'
[2.303s] Level 1:colcon.colcon_core.package_identification:_identify(.) by extension 'ignore_ament_install'
[2.304s] Level 1:colcon.colcon_core.package_identification:_identify(.) by extensions ['colcon_pkg']
[2.304s] Level 1:colcon.colcon_core.package_identification:_identify(.) by extension 'colcon_pkg'
[2.304s] Level 1:colcon.colcon_core.package_identification:_identify(.) by extensions ['colcon_meta']
[2.304s] Level 1:colcon.colcon_core.package_identification:_identify(.) by extension 'colcon_meta'
[2.304s] Level 1:colcon.colcon_core.package_identification:_identify(.) by extensions ['ros']
[2.305s] Level 1:colcon.colcon_core.package_identification:_identify(.) by extension 'ros'
[2.407s] Level 1:colcon.colcon_core.package_identification:_identify(.) by extensions ['cmake', 'python']
[2.408s] Level 1:colcon.colcon_core.package_identification:_identify(.) by extension 'cmake'
[2.408s] Level 1:colcon.colcon_core.package_identification:_identify(.) by extension 'python'
[2.408s] Level 1:colcon.colcon_core.package_identification:_identify(.) by extensions ['python_setup_py']
[2.408s] Level 1:colcon.colcon_core.package_identification:_identify(.) by extension 'python_setup_py'
[2.409s] Level 1:colcon.colcon_core.package_identification:_identify(build) by extensions ['ignore', 'ignore_ament_install']
[2.409s] Level 1:colcon.colcon_core.package_identification:_identify(build) by extension 'ignore'
[2.409s] Level 1:colcon.colcon_core.package_identification:_identify(build) ignored
[2.410s] Level 1:colcon.colcon_core.package_identification:_identify(install) by extensions ['ignore', 'ignore_ament_install']
[2.410s] Level 1:colcon.colcon_core.package_identification:_identify(install) by extension 'ignore'
[2.410s] Level 1:colcon.colcon_core.package_identification:_identify(install) ignored
[2.411s] Level 1:colcon.colcon_core.package_identification:_identify(log) by extensions ['ignore', 'ignore_ament_install']
[2.411s] Level 1:colcon.colcon_core.package_identification:_identify(log) by extension 'ignore'
[2.411s] Level 1:colcon.colcon_core.package_identification:_identify(log) ignored
[2.412s] Level 1:colcon.colcon_core.package_identification:_identify(src) by extensions ['ignore', 'ignore_ament_install']
[2.412s] Level 1:colcon.colcon_core.package_identification:_identify(src) by extension 'ignore'
[2.412s] Level 1:colcon.colcon_core.package_identification:_identify(src) by extension 'ignore_ament_install'
[2.413s] Level 1:colcon.colcon_core.package_identification:_identify(src) by extensions ['colcon_pkg']
[2.413s] Level 1:colcon.colcon_core.package_identification:_identify(src) by extension 'colcon_pkg'
[2.413s] Level 1:colcon.colcon_core.package_identification:_identify(src) by extensions ['colcon_meta']
[2.413s] Level 1:colcon.colcon_core.package_identification:_identify(src) by extension 'colcon_meta'
[2.413s] Level 1:colcon.colcon_core.package_identification:_identify(src) by extensions ['ros']
[2.413s] Level 1:colcon.colcon_core.package_identification:_identify(src) by extension 'ros'
[2.414s] Level 1:colcon.colcon_core.package_identification:_identify(src) by extensions ['cmake', 'python']
[2.414s] Level 1:colcon.colcon_core.package_identification:_identify(src) by extension 'cmake'
[2.414s] Level 1:colcon.colcon_core.package_identification:_identify(src) by extension 'python'
[2.414s] Level 1:colcon.colcon_core.package_identification:_identify(src) by extensions ['python_setup_py']
[2.414s] Level 1:colcon.colcon_core.package_identification:_identify(src) by extension 'python_setup_py'
[2.415s] Level 1:colcon.colcon_core.package_identification:_identify(src/rplidar_ros2) by extensions ['ignore', 'ignore_ament_install']
[2.415s] Level 1:colcon.colcon_core.package_identification:_identify(src/rplidar_ros2) by extension 'ignore'
[2.415s] Level 1:colcon.colcon_core.package_identification:_identify(src/rplidar_ros2) by extension 'ignore_ament_install'
[2.415s] Level 1:colcon.colcon_core.package_identification:_identify(src/rplidar_ros2) by extensions ['colcon_pkg']
[2.416s] Level 1:colcon.colcon_core.package_identification:_identify(src/rplidar_ros2) by extension 'colcon_pkg'
[2.416s] Level 1:colcon.colcon_core.package_identification:_identify(src/rplidar_ros2) by extensions ['colcon_meta']
[2.416s] Level 1:colcon.colcon_core.package_identification:_identify(src/rplidar_ros2) by extension 'colcon_meta'
[2.416s] Level 1:colcon.colcon_core.package_identification:_identify(src/rplidar_ros2) by extensions ['ros']
[2.416s] Level 1:colcon.colcon_core.package_identification:_identify(src/rplidar_ros2) by extension 'ros'
[2.429s] DEBUG:colcon.colcon_core.package_identification:Package 'src/rplidar_ros2' with type 'ros.ament_cmake' and name 'rplidar_ros'
[2.430s] Level 1:colcon.colcon_core.package_identification:_identify(src/testing) by extensions ['ignore', 'ignore_ament_install']
[2.431s] Level 1:colcon.colcon_core.package_identification:_identify(src/testing) by extension 'ignore'
[2.431s] Level 1:colcon.colcon_core.package_identification:_identify(src/testing) by extension 'ignore_ament_install'
[2.431s] Level 1:colcon.colcon_core.package_identification:_identify(src/testing) by extensions ['colcon_pkg']
[2.432s] Level 1:colcon.colcon_core.package_identification:_identify(src/testing) by extension 'colcon_pkg'
[2.432s] Level 1:colcon.colcon_core.package_identification:_identify(src/testing) by extensions ['colcon_meta']
[2.432s] Level 1:colcon.colcon_core.package_identification:_identify(src/testing) by extension 'colcon_meta'
[2.432s] Level 1:colcon.colcon_core.package_identification:_identify(src/testing) by extensions ['ros']
[2.432s] Level 1:colcon.colcon_core.package_identification:_identify(src/testing) by extension 'ros'
[2.436s] DEBUG:colcon.colcon_core.package_identification:Package 'src/testing' with type 'ros.ament_python' and name 'testing'
[2.436s] Level 1:colcon.colcon_core.package_discovery:discover_packages(recursive) using defaults
[2.437s] Level 1:colcon.colcon_core.package_discovery:discover_packages(ignore) discover
[2.437s] Level 1:colcon.colcon_core.package_discovery:discover_packages(ignore) using defaults
[2.437s] Level 1:colcon.colcon_core.package_discovery:discover_packages(path) discover
[2.437s] Level 1:colcon.colcon_core.package_discovery:discover_packages(path) using defaults
[2.584s] Level 1:colcon.colcon_core.package_discovery:discover_packages(prefix_path) check parameters
[2.584s] Level 1:colcon.colcon_core.package_discovery:discover_packages(prefix_path) discover
[2.601s] DEBUG:colcon.colcon_installed_package_information.package_discovery:Found 2 installed packages in /home/lunabotics/lunabotics2024/CSU-Lunabotics-2024/lunabotics/install
[2.604s] DEBUG:colcon.colcon_installed_package_information.package_discovery:Found 1 installed packages in /home/lunabotics/lidar/install
[2.614s] DEBUG:colcon.colcon_installed_package_information.package_discovery:Found 270 installed packages in /opt/ros/humble
[2.625s] Level 1:colcon.colcon_core.package_discovery:discover_packages(prefix_path) using defaults
[2.800s] Level 5:colcon.colcon_core.verb:set package 'rplidar_ros' build argument 'cmake_args' from command line to 'None'
[2.800s] Level 5:colcon.colcon_core.verb:set package 'rplidar_ros' build argument 'cmake_target' from command line to 'None'
[2.800s] Level 5:colcon.colcon_core.verb:set package 'rplidar_ros' build argument 'cmake_target_skip_unavailable' from command line to 'False'
[2.800s] Level 5:colcon.colcon_core.verb:set package 'rplidar_ros' build argument 'cmake_clean_cache' from command line to 'False'
[2.801s] Level 5:colcon.colcon_core.verb:set package 'rplidar_ros' build argument 'cmake_clean_first' from command line to 'False'
[2.801s] Level 5:colcon.colcon_core.verb:set package 'rplidar_ros' build argument 'cmake_force_configure' from command line to 'False'
[2.801s] Level 5:colcon.colcon_core.verb:set package 'rplidar_ros' build argument 'ament_cmake_args' from command line to 'None'
[2.801s] Level 5:colcon.colcon_core.verb:set package 'rplidar_ros' build argument 'catkin_cmake_args' from command line to 'None'
[2.801s] Level 5:colcon.colcon_core.verb:set package 'rplidar_ros' build argument 'catkin_skip_building_tests' from command line to 'False'
[2.801s] DEBUG:colcon.colcon_core.verb:Building package 'rplidar_ros' with the following arguments: {'ament_cmake_args': None, 'build_base': '/home/lunabotics/lunabotics2024/CSU-Lunabotics-2024/lunabotics/build/rplidar_ros', 'catkin_cmake_args': None, 'catkin_skip_building_tests': False, 'cmake_args': None, 'cmake_clean_cache': False, 'cmake_clean_first': False, 'cmake_force_configure': False, 'cmake_target': None, 'cmake_target_skip_unavailable': False, 'install_base': '/home/lunabotics/lunabotics2024/CSU-Lunabotics-2024/lunabotics/install/rplidar_ros', 'merge_install': False, 'path': '/home/lunabotics/lunabotics2024/CSU-Lunabotics-2024/lunabotics/src/rplidar_ros2', 'symlink_install': True, 'test_result_base': None}
[2.802s] Level 5:colcon.colcon_core.verb:set package 'testing' build argument 'cmake_args' from command line to 'None'
[2.803s] Level 5:colcon.colcon_core.verb:set package 'testing' build argument 'cmake_target' from command line to 'None'
[2.803s] Level 5:colcon.colcon_core.verb:set package 'testing' build argument 'cmake_target_skip_unavailable' from command line to 'False'
[2.803s] Level 5:colcon.colcon_core.verb:set package 'testing' build argument 'cmake_clean_cache' from command line to 'False'
[2.803s] Level 5:colcon.colcon_core.verb:set package 'testing' build argument 'cmake_clean_first' from command line to 'False'
[2.803s] Level 5:colcon.colcon_core.verb:set package 'testing' build argument 'cmake_force_configure' from command line to 'False'
[2.803s] Level 5:colcon.colcon_core.verb:set package 'testing' build argument 'ament_cmake_args' from command line to 'None'
[2.803s] Level 5:colcon.colcon_core.verb:set package 'testing' build argument 'catkin_cmake_args' from command line to 'None'
[2.803s] Level 5:colcon.colcon_core.verb:set package 'testing' build argument 'catkin_skip_building_tests' from command line to 'False'
[2.804s] DEBUG:colcon.colcon_core.verb:Building package 'testing' with the following arguments: {'ament_cmake_args': None, 'build_base': '/home/lunabotics/lunabotics2024/CSU-Lunabotics-2024/lunabotics/build/testing', 'catkin_cmake_args': None, 'catkin_skip_building_tests': False, 'cmake_args': None, 'cmake_clean_cache': False, 'cmake_clean_first': False, 'cmake_force_configure': False, 'cmake_target': None, 'cmake_target_skip_unavailable': False, 'install_base': '/home/lunabotics/lunabotics2024/CSU-Lunabotics-2024/lunabotics/install/testing', 'merge_install': False, 'path': '/home/lunabotics/lunabotics2024/CSU-Lunabotics-2024/lunabotics/src/testing', 'symlink_install': True, 'test_result_base': None}
[2.804s] INFO:colcon.colcon_core.executor:Executing jobs using 'parallel' executor
[2.807s] DEBUG:colcon.colcon_parallel_executor.executor.parallel:run_until_complete
[2.808s] INFO:colcon.colcon_ros.task.ament_cmake.build:Building ROS package in '/home/lunabotics/lunabotics2024/CSU-Lunabotics-2024/lunabotics/src/rplidar_ros2' with build type 'ament_cmake'
[2.809s] INFO:colcon.colcon_cmake.task.cmake.build:Building CMake package in '/home/lunabotics/lunabotics2024/CSU-Lunabotics-2024/lunabotics/src/rplidar_ros2'
[2.832s] INFO:colcon.colcon_core.plugin_system:Skipping extension 'colcon_core.shell.bat': Not used on non-Windows systems
[2.833s] INFO:colcon.colcon_core.shell:Skip shell extension 'powershell' for command environment: Not usable outside of PowerShell
[2.833s] DEBUG:colcon.colcon_core.shell:Skip shell extension 'dsv' for command environment
[2.869s] INFO:colcon.colcon_ros.task.ament_python.build:Building ROS package in '/home/lunabotics/lunabotics2024/CSU-Lunabotics-2024/lunabotics/src/testing' with build type 'ament_python'
[2.871s] Level 1:colcon.colcon_core.shell:create_environment_hook('testing', 'ament_prefix_path')
[2.874s] INFO:colcon.colcon_core.shell:Creating environment hook '/home/lunabotics/lunabotics2024/CSU-Lunabotics-2024/lunabotics/install/testing/share/testing/hook/ament_prefix_path.ps1'
[2.880s] INFO:colcon.colcon_core.shell:Creating environment descriptor '/home/lunabotics/lunabotics2024/CSU-Lunabotics-2024/lunabotics/install/testing/share/testing/hook/ament_prefix_path.dsv'
[2.883s] INFO:colcon.colcon_core.shell:Creating environment hook '/home/lunabotics/lunabotics2024/CSU-Lunabotics-2024/lunabotics/install/testing/share/testing/hook/ament_prefix_path.sh'
[2.889s] INFO:colcon.colcon_core.shell:Skip shell extension 'powershell' for command environment: Not usable outside of PowerShell
[2.889s] DEBUG:colcon.colcon_core.shell:Skip shell extension 'dsv' for command environment
[2.960s] DEBUG:colcon.colcon_core.event_handler.log_command:Invoking command in '/home/lunabotics/lunabotics2024/CSU-Lunabotics-2024/lunabotics/build/rplidar_ros': CMAKE_PREFIX_PATH=${CMAKE_PREFIX_PATH}:/home/lunabotics/lunabotics2024/CSU-Lunabotics-2024/lunabotics/install/testing:/opt/ros/humble /usr/bin/cmake --build /home/lunabotics/lunabotics2024/CSU-Lunabotics-2024/lunabotics/build/rplidar_ros -- -j4 -l4
[4.673s] INFO:colcon.colcon_core.task.python.build:Building Python package in '/home/lunabotics/lunabotics2024/CSU-Lunabotics-2024/lunabotics/src/testing'
[4.674s] INFO:colcon.colcon_core.shell:Skip shell extension 'powershell' for command environment: Not usable outside of PowerShell
[4.674s] DEBUG:colcon.colcon_core.shell:Skip shell extension 'dsv' for command environment
[4.699s] DEBUG:colcon.colcon_core.event_handler.log_command:Invoked command in '/home/lunabotics/lunabotics2024/CSU-Lunabotics-2024/lunabotics/build/rplidar_ros' returned '0': CMAKE_PREFIX_PATH=${CMAKE_PREFIX_PATH}:/home/lunabotics/lunabotics2024/CSU-Lunabotics-2024/lunabotics/install/testing:/opt/ros/humble /usr/bin/cmake --build /home/lunabotics/lunabotics2024/CSU-Lunabotics-2024/lunabotics/build/rplidar_ros -- -j4 -l4
[5.000s] DEBUG:colcon.colcon_core.event_handler.log_command:Invoking command in '/home/lunabotics/lunabotics2024/CSU-Lunabotics-2024/lunabotics/build/rplidar_ros': CMAKE_PREFIX_PATH=${CMAKE_PREFIX_PATH}:/home/lunabotics/lunabotics2024/CSU-Lunabotics-2024/lunabotics/install/testing:/opt/ros/humble /usr/bin/cmake --install /home/lunabotics/lunabotics2024/CSU-Lunabotics-2024/lunabotics/build/rplidar_ros
[5.152s] Level 1:colcon.colcon_core.environment:create_environment_scripts_only(rplidar_ros)
[5.154s] DEBUG:colcon.colcon_core.event_handler.log_command:Invoked command in '/home/lunabotics/lunabotics2024/CSU-Lunabotics-2024/lunabotics/build/rplidar_ros' returned '0': CMAKE_PREFIX_PATH=${CMAKE_PREFIX_PATH}:/home/lunabotics/lunabotics2024/CSU-Lunabotics-2024/lunabotics/install/testing:/opt/ros/humble /usr/bin/cmake --install /home/lunabotics/lunabotics2024/CSU-Lunabotics-2024/lunabotics/build/rplidar_ros
[5.185s] Level 1:colcon.colcon_core.environment:checking '/home/lunabotics/lunabotics2024/CSU-Lunabotics-2024/lunabotics/install/rplidar_ros' for CMake module files
[5.188s] Level 1:colcon.colcon_core.environment:checking '/home/lunabotics/lunabotics2024/CSU-Lunabotics-2024/lunabotics/install/rplidar_ros' for CMake config files
[5.194s] Level 1:colcon.colcon_core.shell:create_environment_hook('rplidar_ros', 'cmake_prefix_path')
[5.196s] INFO:colcon.colcon_core.shell:Creating environment hook '/home/lunabotics/lunabotics2024/CSU-Lunabotics-2024/lunabotics/install/rplidar_ros/share/rplidar_ros/hook/cmake_prefix_path.ps1'
[5.198s] INFO:colcon.colcon_core.shell:Creating environment descriptor '/home/lunabotics/lunabotics2024/CSU-Lunabotics-2024/lunabotics/install/rplidar_ros/share/rplidar_ros/hook/cmake_prefix_path.dsv'
[5.200s] INFO:colcon.colcon_core.shell:Creating environment hook '/home/lunabotics/lunabotics2024/CSU-Lunabotics-2024/lunabotics/install/rplidar_ros/share/rplidar_ros/hook/cmake_prefix_path.sh'
[5.203s] Level 1:colcon.colcon_core.environment:checking '/home/lunabotics/lunabotics2024/CSU-Lunabotics-2024/lunabotics/install/rplidar_ros/lib'
[5.204s] Level 1:colcon.colcon_core.shell:create_environment_hook('rplidar_ros', 'ld_library_path_lib')
[5.205s] INFO:colcon.colcon_core.shell:Creating environment hook '/home/lunabotics/lunabotics2024/CSU-Lunabotics-2024/lunabotics/install/rplidar_ros/share/rplidar_ros/hook/ld_library_path_lib.ps1'
[5.207s] INFO:colcon.colcon_core.shell:Creating environment descriptor '/home/lunabotics/lunabotics2024/CSU-Lunabotics-2024/lunabotics/install/rplidar_ros/share/rplidar_ros/hook/ld_library_path_lib.dsv'
[5.209s] INFO:colcon.colcon_core.shell:Creating environment hook '/home/lunabotics/lunabotics2024/CSU-Lunabotics-2024/lunabotics/install/rplidar_ros/share/rplidar_ros/hook/ld_library_path_lib.sh'
[5.211s] Level 1:colcon.colcon_core.environment:checking '/home/lunabotics/lunabotics2024/CSU-Lunabotics-2024/lunabotics/install/rplidar_ros/bin'
[5.211s] Level 1:colcon.colcon_core.environment:checking '/home/lunabotics/lunabotics2024/CSU-Lunabotics-2024/lunabotics/install/rplidar_ros/lib/pkgconfig/rplidar_ros.pc'
[5.212s] Level 1:colcon.colcon_core.environment:checking '/home/lunabotics/lunabotics2024/CSU-Lunabotics-2024/lunabotics/install/rplidar_ros/lib/python3.10/site-packages'
[5.213s] Level 1:colcon.colcon_core.environment:checking '/home/lunabotics/lunabotics2024/CSU-Lunabotics-2024/lunabotics/install/rplidar_ros/bin'
[5.215s] INFO:colcon.colcon_core.shell:Creating package script '/home/lunabotics/lunabotics2024/CSU-Lunabotics-2024/lunabotics/install/rplidar_ros/share/rplidar_ros/package.ps1'
[5.219s] INFO:colcon.colcon_core.shell:Creating package descriptor '/home/lunabotics/lunabotics2024/CSU-Lunabotics-2024/lunabotics/install/rplidar_ros/share/rplidar_ros/package.dsv'
[5.225s] INFO:colcon.colcon_core.shell:Creating package script '/home/lunabotics/lunabotics2024/CSU-Lunabotics-2024/lunabotics/install/rplidar_ros/share/rplidar_ros/package.sh'
[5.230s] INFO:colcon.colcon_core.shell:Creating package script '/home/lunabotics/lunabotics2024/CSU-Lunabotics-2024/lunabotics/install/rplidar_ros/share/rplidar_ros/package.bash'
[5.235s] INFO:colcon.colcon_core.shell:Creating package script '/home/lunabotics/lunabotics2024/CSU-Lunabotics-2024/lunabotics/install/rplidar_ros/share/rplidar_ros/package.zsh'
[5.240s] Level 1:colcon.colcon_core.environment:create_file_with_runtime_dependencies(/home/lunabotics/lunabotics2024/CSU-Lunabotics-2024/lunabotics/install/rplidar_ros/share/colcon-core/packages/rplidar_ros)
[5.484s] Level 1:colcon.colcon_core.environment:create_environment_scripts_only(rplidar_ros)
[5.485s] Level 1:colcon.colcon_core.environment:checking '/home/lunabotics/lunabotics2024/CSU-Lunabotics-2024/lunabotics/install/rplidar_ros' for CMake module files
[5.489s] Level 1:colcon.colcon_core.environment:checking '/home/lunabotics/lunabotics2024/CSU-Lunabotics-2024/lunabotics/install/rplidar_ros' for CMake config files
[5.493s] Level 1:colcon.colcon_core.shell:create_environment_hook('rplidar_ros', 'cmake_prefix_path')
[5.494s] INFO:colcon.colcon_core.shell:Creating environment hook '/home/lunabotics/lunabotics2024/CSU-Lunabotics-2024/lunabotics/install/rplidar_ros/share/rplidar_ros/hook/cmake_prefix_path.ps1'
[5.496s] INFO:colcon.colcon_core.shell:Creating environment descriptor '/home/lunabotics/lunabotics2024/CSU-Lunabotics-2024/lunabotics/install/rplidar_ros/share/rplidar_ros/hook/cmake_prefix_path.dsv'
[5.498s] INFO:colcon.colcon_core.shell:Creating environment hook '/home/lunabotics/lunabotics2024/CSU-Lunabotics-2024/lunabotics/install/rplidar_ros/share/rplidar_ros/hook/cmake_prefix_path.sh'
[5.502s] Level 1:colcon.colcon_core.environment:checking '/home/lunabotics/lunabotics2024/CSU-Lunabotics-2024/lunabotics/install/rplidar_ros/lib'
[5.502s] Level 1:colcon.colcon_core.shell:create_environment_hook('rplidar_ros', 'ld_library_path_lib')
[5.504s] INFO:colcon.colcon_core.shell:Creating environment hook '/home/lunabotics/lunabotics2024/CSU-Lunabotics-2024/lunabotics/install/rplidar_ros/share/rplidar_ros/hook/ld_library_path_lib.ps1'
[5.506s] INFO:colcon.colcon_core.shell:Creating environment descriptor '/home/lunabotics/lunabotics2024/CSU-Lunabotics-2024/lunabotics/install/rplidar_ros/share/rplidar_ros/hook/ld_library_path_lib.dsv'
[5.508s] INFO:colcon.colcon_core.shell:Creating environment hook '/home/lunabotics/lunabotics2024/CSU-Lunabotics-2024/lunabotics/install/rplidar_ros/share/rplidar_ros/hook/ld_library_path_lib.sh'
[5.510s] Level 1:colcon.colcon_core.environment:checking '/home/lunabotics/lunabotics2024/CSU-Lunabotics-2024/lunabotics/install/rplidar_ros/bin'
[5.510s] Level 1:colcon.colcon_core.environment:checking '/home/lunabotics/lunabotics2024/CSU-Lunabotics-2024/lunabotics/install/rplidar_ros/lib/pkgconfig/rplidar_ros.pc'
[5.512s] Level 1:colcon.colcon_core.environment:checking '/home/lunabotics/lunabotics2024/CSU-Lunabotics-2024/lunabotics/install/rplidar_ros/lib/python3.10/site-packages'
[5.513s] Level 1:colcon.colcon_core.environment:checking '/home/lunabotics/lunabotics2024/CSU-Lunabotics-2024/lunabotics/install/rplidar_ros/bin'
[5.514s] INFO:colcon.colcon_core.shell:Creating package script '/home/lunabotics/lunabotics2024/CSU-Lunabotics-2024/lunabotics/install/rplidar_ros/share/rplidar_ros/package.ps1'
[5.517s] INFO:colcon.colcon_core.shell:Creating package descriptor '/home/lunabotics/lunabotics2024/CSU-Lunabotics-2024/lunabotics/install/rplidar_ros/share/rplidar_ros/package.dsv'
[5.520s] INFO:colcon.colcon_core.shell:Creating package script '/home/lunabotics/lunabotics2024/CSU-Lunabotics-2024/lunabotics/install/rplidar_ros/share/rplidar_ros/package.sh'
[5.523s] INFO:colcon.colcon_core.shell:Creating package script '/home/lunabotics/lunabotics2024/CSU-Lunabotics-2024/lunabotics/install/rplidar_ros/share/rplidar_ros/package.bash'
[5.526s] INFO:colcon.colcon_core.shell:Creating package script '/home/lunabotics/lunabotics2024/CSU-Lunabotics-2024/lunabotics/install/rplidar_ros/share/rplidar_ros/package.zsh'
[5.528s] Level 1:colcon.colcon_core.environment:create_file_with_runtime_dependencies(/home/lunabotics/lunabotics2024/CSU-Lunabotics-2024/lunabotics/install/rplidar_ros/share/colcon-core/packages/rplidar_ros)
[7.019s] DEBUG:colcon.colcon_core.event_handler.log_command:Invoking command in '/home/lunabotics/lunabotics2024/CSU-Lunabotics-2024/lunabotics/build/testing': PYTHONPATH=/home/lunabotics/lunabotics2024/CSU-Lunabotics-2024/lunabotics/build/testing/prefix_override:/home/lunabotics/lunabotics2024/CSU-Lunabotics-2024/lunabotics/install/testing/lib/python3.10/site-packages:${PYTHONPATH} /usr/bin/python3 -W ignore:setup.py install is deprecated setup.py develop --editable --build-directory /home/lunabotics/lunabotics2024/CSU-Lunabotics-2024/lunabotics/build/testing/build --no-deps symlink_data
[9.863s] Level 1:colcon.colcon_core.shell:create_environment_hook('testing', 'pythonpath_develop')
[9.865s] INFO:colcon.colcon_core.shell:Creating environment hook '/home/lunabotics/lunabotics2024/CSU-Lunabotics-2024/lunabotics/build/testing/share/testing/hook/pythonpath_develop.ps1'
[9.866s] DEBUG:colcon.colcon_core.event_handler.log_command:Invoked command in '/home/lunabotics/lunabotics2024/CSU-Lunabotics-2024/lunabotics/build/testing' returned '0': PYTHONPATH=/home/lunabotics/lunabotics2024/CSU-Lunabotics-2024/lunabotics/build/testing/prefix_override:/home/lunabotics/lunabotics2024/CSU-Lunabotics-2024/lunabotics/install/testing/lib/python3.10/site-packages:${PYTHONPATH} /usr/bin/python3 -W ignore:setup.py install is deprecated setup.py develop --editable --build-directory /home/lunabotics/lunabotics2024/CSU-Lunabotics-2024/lunabotics/build/testing/build --no-deps symlink_data
[9.868s] INFO:colcon.colcon_core.shell:Creating environment descriptor '/home/lunabotics/lunabotics2024/CSU-Lunabotics-2024/lunabotics/build/testing/share/testing/hook/pythonpath_develop.dsv'
[9.870s] INFO:colcon.colcon_core.shell:Creating environment hook '/home/lunabotics/lunabotics2024/CSU-Lunabotics-2024/lunabotics/build/testing/share/testing/hook/pythonpath_develop.sh'
[9.873s] Level 1:colcon.colcon_core.environment:checking '/home/lunabotics/lunabotics2024/CSU-Lunabotics-2024/lunabotics/install/testing' for CMake module files
[9.875s] Level 1:colcon.colcon_core.environment:checking '/home/lunabotics/lunabotics2024/CSU-Lunabotics-2024/lunabotics/install/testing' for CMake config files
[9.878s] Level 1:colcon.colcon_core.environment:checking '/home/lunabotics/lunabotics2024/CSU-Lunabotics-2024/lunabotics/install/testing/lib'
[9.879s] Level 1:colcon.colcon_core.environment:checking '/home/lunabotics/lunabotics2024/CSU-Lunabotics-2024/lunabotics/install/testing/bin'
[9.879s] Level 1:colcon.colcon_core.environment:checking '/home/lunabotics/lunabotics2024/CSU-Lunabotics-2024/lunabotics/install/testing/lib/pkgconfig/testing.pc'
[9.880s] Level 1:colcon.colcon_core.environment:checking '/home/lunabotics/lunabotics2024/CSU-Lunabotics-2024/lunabotics/install/testing/lib/python3.10/site-packages'
[9.881s] Level 1:colcon.colcon_core.shell:create_environment_hook('testing', 'pythonpath')
[9.881s] INFO:colcon.colcon_core.shell:Creating environment hook '/home/lunabotics/lunabotics2024/CSU-Lunabotics-2024/lunabotics/install/testing/share/testing/hook/pythonpath.ps1'
[9.884s] INFO:colcon.colcon_core.shell:Creating environment descriptor '/home/lunabotics/lunabotics2024/CSU-Lunabotics-2024/lunabotics/install/testing/share/testing/hook/pythonpath.dsv'
[9.886s] INFO:colcon.colcon_core.shell:Creating environment hook '/home/lunabotics/lunabotics2024/CSU-Lunabotics-2024/lunabotics/install/testing/share/testing/hook/pythonpath.sh'
[9.890s] Level 1:colcon.colcon_core.environment:checking '/home/lunabotics/lunabotics2024/CSU-Lunabotics-2024/lunabotics/install/testing/bin'
[9.890s] Level 1:colcon.colcon_core.environment:create_environment_scripts_only(testing)
[9.892s] INFO:colcon.colcon_core.shell:Creating package script '/home/lunabotics/lunabotics2024/CSU-Lunabotics-2024/lunabotics/install/testing/share/testing/package.ps1'
[9.896s] INFO:colcon.colcon_core.shell:Creating package descriptor '/home/lunabotics/lunabotics2024/CSU-Lunabotics-2024/lunabotics/install/testing/share/testing/package.dsv'
[9.899s] INFO:colcon.colcon_core.shell:Creating package script '/home/lunabotics/lunabotics2024/CSU-Lunabotics-2024/lunabotics/install/testing/share/testing/package.sh'
[9.901s] INFO:colcon.colcon_core.shell:Creating package script '/home/lunabotics/lunabotics2024/CSU-Lunabotics-2024/lunabotics/install/testing/share/testing/package.bash'
[9.903s] INFO:colcon.colcon_core.shell:Creating package script '/home/lunabotics/lunabotics2024/CSU-Lunabotics-2024/lunabotics/install/testing/share/testing/package.zsh'
[9.905s] Level 1:colcon.colcon_core.environment:create_file_with_runtime_dependencies(/home/lunabotics/lunabotics2024/CSU-Lunabotics-2024/lunabotics/install/testing/share/colcon-core/packages/testing)
[9.906s] DEBUG:colcon.colcon_parallel_executor.executor.parallel:closing loop
[9.907s] DEBUG:colcon.colcon_parallel_executor.executor.parallel:loop closed
[9.908s] DEBUG:colcon.colcon_parallel_executor.executor.parallel:run_until_complete finished with '0'
[9.908s] DEBUG:colcon.colcon_core.event_reactor:joining thread
[9.945s] INFO:colcon.colcon_core.plugin_system:Skipping extension 'colcon_notification.desktop_notification.terminal_notifier': Not used on non-Darwin systems
[9.945s] INFO:colcon.colcon_core.plugin_system:Skipping extension 'colcon_notification.desktop_notification.win32': Not used on non-Windows systems
[9.946s] INFO:colcon.colcon_notification.desktop_notification:Sending desktop notification using 'notify2'
[10.034s] DEBUG:colcon.colcon_core.event_reactor:joined thread
[10.037s] INFO:colcon.colcon_core.shell:Creating prefix script '/home/lunabotics/lunabotics2024/CSU-Lunabotics-2024/lunabotics/install/local_setup.ps1'
[10.045s] INFO:colcon.colcon_core.shell:Creating prefix util module '/home/lunabotics/lunabotics2024/CSU-Lunabotics-2024/lunabotics/install/_local_setup_util_ps1.py'
[10.053s] INFO:colcon.colcon_core.shell:Creating prefix chain script '/home/lunabotics/lunabotics2024/CSU-Lunabotics-2024/lunabotics/install/setup.ps1'
[10.062s] INFO:colcon.colcon_core.shell:Creating prefix script '/home/lunabotics/lunabotics2024/CSU-Lunabotics-2024/lunabotics/install/local_setup.sh'
[10.069s] INFO:colcon.colcon_core.shell:Creating prefix util module '/home/lunabotics/lunabotics2024/CSU-Lunabotics-2024/lunabotics/install/_local_setup_util_sh.py'
[10.072s] INFO:colcon.colcon_core.shell:Creating prefix chain script '/home/lunabotics/lunabotics2024/CSU-Lunabotics-2024/lunabotics/install/setup.sh'
[10.081s] INFO:colcon.colcon_core.shell:Creating prefix script '/home/lunabotics/lunabotics2024/CSU-Lunabotics-2024/lunabotics/install/local_setup.bash'
[10.086s] INFO:colcon.colcon_core.shell:Creating prefix chain script '/home/lunabotics/lunabotics2024/CSU-Lunabotics-2024/lunabotics/install/setup.bash'
[10.095s] INFO:colcon.colcon_core.shell:Creating prefix script '/home/lunabotics/lunabotics2024/CSU-Lunabotics-2024/lunabotics/install/local_setup.zsh'
[10.100s] INFO:colcon.colcon_core.shell:Creating prefix chain script '/home/lunabotics/lunabotics2024/CSU-Lunabotics-2024/lunabotics/install/setup.zsh'
