running egg_info
creating ../../build/lunabotics/lunabotics.egg-info
writing ../../build/lunabotics/lunabotics.egg-info/PKG-INFO
writing dependency_links to ../../build/lunabotics/lunabotics.egg-info/dependency_links.txt
writing entry points to ../../build/lunabotics/lunabotics.egg-info/entry_points.txt
writing requirements to ../../build/lunabotics/lunabotics.egg-info/requires.txt
writing top-level names to ../../build/lunabotics/lunabotics.egg-info/top_level.txt
writing manifest file '../../build/lunabotics/lunabotics.egg-info/SOURCES.txt'
reading manifest file '../../build/lunabotics/lunabotics.egg-info/SOURCES.txt'
writing manifest file '../../build/lunabotics/lunabotics.egg-info/SOURCES.txt'
running build
running build_py
creating /home/lunabotics/ros_lunabotics/build/lunabotics/build
creating /home/lunabotics/ros_lunabotics/build/lunabotics/build/lib
creating /home/lunabotics/ros_lunabotics/build/lunabotics/build/lib/lunabotics
copying lunabotics/__init__.py -> /home/lunabotics/ros_lunabotics/build/lunabotics/build/lib/lunabotics
running install
running install_lib
creating /home/lunabotics/ros_lunabotics/install/lunabotics/lib/python3.10/site-packages/lunabotics
copying /home/lunabotics/ros_lunabotics/build/lunabotics/build/lib/lunabotics/__init__.py -> /home/lunabotics/ros_lunabotics/install/lunabotics/lib/python3.10/site-packages/lunabotics
byte-compiling /home/lunabotics/ros_lunabotics/install/lunabotics/lib/python3.10/site-packages/lunabotics/__init__.py to __init__.cpython-310.pyc
running install_data
creating /home/lunabotics/ros_lunabotics/install/lunabotics/share/ament_index
creating /home/lunabotics/ros_lunabotics/install/lunabotics/share/ament_index/resource_index
creating /home/lunabotics/ros_lunabotics/install/lunabotics/share/ament_index/resource_index/packages
copying resource/lunabotics -> /home/lunabotics/ros_lunabotics/install/lunabotics/share/ament_index/resource_index/packages
copying package.xml -> /home/lunabotics/ros_lunabotics/install/lunabotics/share/lunabotics
running install_egg_info
Copying ../../build/lunabotics/lunabotics.egg-info to /home/lunabotics/ros_lunabotics/install/lunabotics/lib/python3.10/site-packages/lunabotics-0.0.0-py3.10.egg-info
running install_scripts
writing list of installed files to '/home/lunabotics/ros_lunabotics/build/lunabotics/install.log'
