[3.979s] Invoking command in '/home/lunabotics/ros_lunabotics/src/lunabotics': PYTHONPATH=/home/lunabotics/ros_lunabotics/build/lunabotics/prefix_override:/home/lunabotics/ros_lunabotics/install/lunabotics/lib/python3.10/site-packages:${PYTHONPATH} /usr/bin/python3 setup.py egg_info --egg-base ../../build/lunabotics build --build-base /home/lunabotics/ros_lunabotics/build/lunabotics/build install --record /home/lunabotics/ros_lunabotics/build/lunabotics/install.log --single-version-externally-managed
[5.204s] running egg_info
[5.207s] creating ../../build/lunabotics/lunabotics.egg-info
[5.208s] writing ../../build/lunabotics/lunabotics.egg-info/PKG-INFO
[5.209s] writing dependency_links to ../../build/lunabotics/lunabotics.egg-info/dependency_links.txt
[5.209s] writing entry points to ../../build/lunabotics/lunabotics.egg-info/entry_points.txt
[5.210s] writing requirements to ../../build/lunabotics/lunabotics.egg-info/requires.txt
[5.210s] writing top-level names to ../../build/lunabotics/lunabotics.egg-info/top_level.txt
[5.212s] writing manifest file '../../build/lunabotics/lunabotics.egg-info/SOURCES.txt'
[5.218s] reading manifest file '../../build/lunabotics/lunabotics.egg-info/SOURCES.txt'
[5.221s] writing manifest file '../../build/lunabotics/lunabotics.egg-info/SOURCES.txt'
[5.222s] running build
[5.222s] running build_py
[5.223s] creating /home/lunabotics/ros_lunabotics/build/lunabotics/build
[5.223s] creating /home/lunabotics/ros_lunabotics/build/lunabotics/build/lib
[5.224s] creating /home/lunabotics/ros_lunabotics/build/lunabotics/build/lib/lunabotics
[5.224s] copying lunabotics/__init__.py -> /home/lunabotics/ros_lunabotics/build/lunabotics/build/lib/lunabotics
[5.225s] running install
[5.232s] /usr/lib/python3/dist-packages/setuptools/command/install.py:34: SetuptoolsDeprecationWarning: setup.py install is deprecated. Use build and pip and other standards-based tools.
[5.232s]   warnings.warn(
[5.233s] running install_lib
[5.237s] creating /home/lunabotics/ros_lunabotics/install/lunabotics/lib/python3.10/site-packages/lunabotics
[5.238s] copying /home/lunabotics/ros_lunabotics/build/lunabotics/build/lib/lunabotics/__init__.py -> /home/lunabotics/ros_lunabotics/install/lunabotics/lib/python3.10/site-packages/lunabotics
[5.241s] byte-compiling /home/lunabotics/ros_lunabotics/install/lunabotics/lib/python3.10/site-packages/lunabotics/__init__.py to __init__.cpython-310.pyc
[5.242s] running install_data
[5.245s] creating /home/lunabotics/ros_lunabotics/install/lunabotics/share/ament_index
[5.246s] creating /home/lunabotics/ros_lunabotics/install/lunabotics/share/ament_index/resource_index
[5.246s] creating /home/lunabotics/ros_lunabotics/install/lunabotics/share/ament_index/resource_index/packages
[5.246s] copying resource/lunabotics -> /home/lunabotics/ros_lunabotics/install/lunabotics/share/ament_index/resource_index/packages
[5.247s] copying package.xml -> /home/lunabotics/ros_lunabotics/install/lunabotics/share/lunabotics
[5.247s] running install_egg_info
[5.254s] Copying ../../build/lunabotics/lunabotics.egg-info to /home/lunabotics/ros_lunabotics/install/lunabotics/lib/python3.10/site-packages/lunabotics-0.0.0-py3.10.egg-info
[5.260s] running install_scripts
[5.338s] writing list of installed files to '/home/lunabotics/ros_lunabotics/build/lunabotics/install.log'
[5.455s] Invoked command in '/home/lunabotics/ros_lunabotics/src/lunabotics' returned '0': PYTHONPATH=/home/lunabotics/ros_lunabotics/build/lunabotics/prefix_override:/home/lunabotics/ros_lunabotics/install/lunabotics/lib/python3.10/site-packages:${PYTHONPATH} /usr/bin/python3 setup.py egg_info --egg-base ../../build/lunabotics build --build-base /home/lunabotics/ros_lunabotics/build/lunabotics/build install --record /home/lunabotics/ros_lunabotics/build/lunabotics/install.log --single-version-externally-managed
