[3.717s] Invoking command in '/home/lunabotics/ros_lunabotics/src/lunabotics': PYTHONPATH=/home/lunabotics/ros_lunabotics/build/lunabotics/prefix_override:/home/lunabotics/ros_lunabotics/install/lunabotics/lib/python3.10/site-packages:${PYTHONPATH} /usr/bin/python3 setup.py egg_info --egg-base ../../build/lunabotics build --build-base /home/lunabotics/ros_lunabotics/build/lunabotics/build install --record /home/lunabotics/ros_lunabotics/build/lunabotics/install.log --single-version-externally-managed
[5.002s] running egg_info
[5.005s] writing ../../build/lunabotics/lunabotics.egg-info/PKG-INFO
[5.006s] writing dependency_links to ../../build/lunabotics/lunabotics.egg-info/dependency_links.txt
[5.007s] writing entry points to ../../build/lunabotics/lunabotics.egg-info/entry_points.txt
[5.008s] writing requirements to ../../build/lunabotics/lunabotics.egg-info/requires.txt
[5.008s] writing top-level names to ../../build/lunabotics/lunabotics.egg-info/top_level.txt
[5.017s] reading manifest file '../../build/lunabotics/lunabotics.egg-info/SOURCES.txt'
[5.021s] writing manifest file '../../build/lunabotics/lunabotics.egg-info/SOURCES.txt'
[5.021s] running build
[5.022s] running build_py
[5.022s] copying lunabotics/sub.py -> /home/lunabotics/ros_lunabotics/build/lunabotics/build/lib/lunabotics
[5.024s] running install
[5.025s] running install_lib
[5.028s] copying /home/lunabotics/ros_lunabotics/build/lunabotics/build/lib/lunabotics/sub.py -> /home/lunabotics/ros_lunabotics/install/lunabotics/lib/python3.10/site-packages/lunabotics
[5.031s] byte-compiling /home/lunabotics/ros_lunabotics/install/lunabotics/lib/python3.10/site-packages/lunabotics/sub.py to sub.cpython-310.pyc
[5.033s] running install_data
[5.035s] running install_egg_info
[5.042s] removing '/home/lunabotics/ros_lunabotics/install/lunabotics/lib/python3.10/site-packages/lunabotics-0.0.0-py3.10.egg-info' (and everything under it)
[5.044s] Copying ../../build/lunabotics/lunabotics.egg-info to /home/lunabotics/ros_lunabotics/install/lunabotics/lib/python3.10/site-packages/lunabotics-0.0.0-py3.10.egg-info
[5.049s] running install_scripts
[5.123s] Installing listener script to /home/lunabotics/ros_lunabotics/install/lunabotics/lib/lunabotics
[5.125s] writing list of installed files to '/home/lunabotics/ros_lunabotics/build/lunabotics/install.log'
[5.252s] Invoked command in '/home/lunabotics/ros_lunabotics/src/lunabotics' returned '0': PYTHONPATH=/home/lunabotics/ros_lunabotics/build/lunabotics/prefix_override:/home/lunabotics/ros_lunabotics/install/lunabotics/lib/python3.10/site-packages:${PYTHONPATH} /usr/bin/python3 setup.py egg_info --egg-base ../../build/lunabotics build --build-base /home/lunabotics/ros_lunabotics/build/lunabotics/build install --record /home/lunabotics/ros_lunabotics/build/lunabotics/install.log --single-version-externally-managed
