[6.627s] DEBUG:colcon:Command line arguments: ['/usr/bin/colcon', 'build']
[6.628s] DEBUG:colcon:Parsed command line arguments: Namespace(log_base=None, log_level=None, verb_name='build', build_base='build', install_base='install', merge_install=False, symlink_install=False, test_result_base=None, continue_on_error=False, executor='parallel', parallel_workers=4, event_handlers=None, ignore_user_meta=False, metas=['./colcon.meta'], base_paths=['.'], packages_ignore=None, packages_ignore_regex=None, paths=None, packages_up_to=None, packages_up_to_regex=None, packages_above=None, packages_above_and_dependencies=None, packages_above_depth=None, packages_select_by_dep=None, packages_skip_by_dep=None, packages_skip_up_to=None, packages_select_build_failed=False, packages_skip_build_finished=False, packages_select_test_failures=False, packages_skip_test_passed=False, packages_select=None, packages_skip=None, packages_select_regex=None, packages_skip_regex=None, packages_start=None, packages_end=None, allow_overriding=[], cmake_args=None, cmake_target=None, cmake_target_skip_unavailable=False, cmake_clean_cache=False, cmake_clean_first=False, cmake_force_configure=False, ament_cmake_args=None, catkin_cmake_args=None, catkin_skip_building_tests=False, verb_parser=<colcon_defaults.argument_parser.defaults.DefaultArgumentsDecorator object at 0xffff88a74bb0>, verb_extension=<colcon_core.verb.build.BuildVerb object at 0xffff88ebffd0>, main=<bound method BuildVerb.main of <colcon_core.verb.build.BuildVerb object at 0xffff88ebffd0>>)
[6.971s] Level 1:colcon.colcon_core.package_discovery:discover_packages(colcon_meta) check parameters
[6.972s] Level 1:colcon.colcon_core.package_discovery:discover_packages(recursive) check parameters
[6.972s] Level 1:colcon.colcon_core.package_discovery:discover_packages(ignore) check parameters
[6.972s] Level 1:colcon.colcon_core.package_discovery:discover_packages(path) check parameters
[6.972s] Level 1:colcon.colcon_core.package_discovery:discover_packages(colcon_meta) discover
[6.973s] Level 1:colcon.colcon_core.package_discovery:discover_packages(recursive) discover
[6.973s] INFO:colcon.colcon_core.package_discovery:Crawling recursively for packages in '/home/lunabotics/ros_lunabotics'
[6.973s] Level 1:colcon.colcon_core.package_identification:_identify(.) by extensions ['ignore', 'ignore_ament_install']
[6.973s] Level 1:colcon.colcon_core.package_identification:_identify(.) by extension 'ignore'
[6.974s] Level 1:colcon.colcon_core.package_identification:_identify(.) by extension 'ignore_ament_install'
[6.974s] Level 1:colcon.colcon_core.package_identification:_identify(.) by extensions ['colcon_pkg']
[6.974s] Level 1:colcon.colcon_core.package_identification:_identify(.) by extension 'colcon_pkg'
[6.974s] Level 1:colcon.colcon_core.package_identification:_identify(.) by extensions ['colcon_meta']
[6.974s] Level 1:colcon.colcon_core.package_identification:_identify(.) by extension 'colcon_meta'
[6.975s] Level 1:colcon.colcon_core.package_identification:_identify(.) by extensions ['ros']
[6.975s] Level 1:colcon.colcon_core.package_identification:_identify(.) by extension 'ros'
[7.046s] Level 1:colcon.colcon_core.package_identification:_identify(.) by extensions ['cmake', 'python']
[7.046s] Level 1:colcon.colcon_core.package_identification:_identify(.) by extension 'cmake'
[7.046s] Level 1:colcon.colcon_core.package_identification:_identify(.) by extension 'python'
[7.046s] Level 1:colcon.colcon_core.package_identification:_identify(.) by extensions ['python_setup_py']
[7.046s] Level 1:colcon.colcon_core.package_identification:_identify(.) by extension 'python_setup_py'
[7.047s] Level 1:colcon.colcon_core.package_identification:_identify(build) by extensions ['ignore', 'ignore_ament_install']
[7.047s] Level 1:colcon.colcon_core.package_identification:_identify(build) by extension 'ignore'
[7.047s] Level 1:colcon.colcon_core.package_identification:_identify(build) ignored
[7.048s] Level 1:colcon.colcon_core.package_identification:_identify(install) by extensions ['ignore', 'ignore_ament_install']
[7.048s] Level 1:colcon.colcon_core.package_identification:_identify(install) by extension 'ignore'
[7.049s] Level 1:colcon.colcon_core.package_identification:_identify(install) ignored
[7.049s] Level 1:colcon.colcon_core.package_identification:_identify(log) by extensions ['ignore', 'ignore_ament_install']
[7.049s] Level 1:colcon.colcon_core.package_identification:_identify(log) by extension 'ignore'
[7.050s] Level 1:colcon.colcon_core.package_identification:_identify(log) ignored
[7.050s] Level 1:colcon.colcon_core.package_identification:_identify(src) by extensions ['ignore', 'ignore_ament_install']
[7.050s] Level 1:colcon.colcon_core.package_identification:_identify(src) by extension 'ignore'
[7.050s] Level 1:colcon.colcon_core.package_identification:_identify(src) by extension 'ignore_ament_install'
[7.051s] Level 1:colcon.colcon_core.package_identification:_identify(src) by extensions ['colcon_pkg']
[7.051s] Level 1:colcon.colcon_core.package_identification:_identify(src) by extension 'colcon_pkg'
[7.051s] Level 1:colcon.colcon_core.package_identification:_identify(src) by extensions ['colcon_meta']
[7.051s] Level 1:colcon.colcon_core.package_identification:_identify(src) by extension 'colcon_meta'
[7.051s] Level 1:colcon.colcon_core.package_identification:_identify(src) by extensions ['ros']
[7.051s] Level 1:colcon.colcon_core.package_identification:_identify(src) by extension 'ros'
[7.052s] Level 1:colcon.colcon_core.package_identification:_identify(src) by extensions ['cmake', 'python']
[7.052s] Level 1:colcon.colcon_core.package_identification:_identify(src) by extension 'cmake'
[7.052s] Level 1:colcon.colcon_core.package_identification:_identify(src) by extension 'python'
[7.052s] Level 1:colcon.colcon_core.package_identification:_identify(src) by extensions ['python_setup_py']
[7.052s] Level 1:colcon.colcon_core.package_identification:_identify(src) by extension 'python_setup_py'
[7.054s] Level 1:colcon.colcon_core.package_identification:_identify(src/lidar) by extensions ['ignore', 'ignore_ament_install']
[7.054s] Level 1:colcon.colcon_core.package_identification:_identify(src/lidar) by extension 'ignore'
[7.054s] Level 1:colcon.colcon_core.package_identification:_identify(src/lidar) by extension 'ignore_ament_install'
[7.055s] Level 1:colcon.colcon_core.package_identification:_identify(src/lidar) by extensions ['colcon_pkg']
[7.055s] Level 1:colcon.colcon_core.package_identification:_identify(src/lidar) by extension 'colcon_pkg'
[7.055s] Level 1:colcon.colcon_core.package_identification:_identify(src/lidar) by extensions ['colcon_meta']
[7.055s] Level 1:colcon.colcon_core.package_identification:_identify(src/lidar) by extension 'colcon_meta'
[7.055s] Level 1:colcon.colcon_core.package_identification:_identify(src/lidar) by extensions ['ros']
[7.055s] Level 1:colcon.colcon_core.package_identification:_identify(src/lidar) by extension 'ros'
[7.056s] Level 1:colcon.colcon_core.package_identification:_identify(src/lidar) by extensions ['cmake', 'python']
[7.056s] Level 1:colcon.colcon_core.package_identification:_identify(src/lidar) by extension 'cmake'
[7.056s] Level 1:colcon.colcon_core.package_identification:_identify(src/lidar) by extension 'python'
[7.056s] Level 1:colcon.colcon_core.package_identification:_identify(src/lidar) by extensions ['python_setup_py']
[7.056s] Level 1:colcon.colcon_core.package_identification:_identify(src/lidar) by extension 'python_setup_py'
[7.057s] Level 1:colcon.colcon_core.package_identification:_identify(src/lidar/rplidar_ros2) by extensions ['ignore', 'ignore_ament_install']
[7.058s] Level 1:colcon.colcon_core.package_identification:_identify(src/lidar/rplidar_ros2) by extension 'ignore'
[7.058s] Level 1:colcon.colcon_core.package_identification:_identify(src/lidar/rplidar_ros2) by extension 'ignore_ament_install'
[7.058s] Level 1:colcon.colcon_core.package_identification:_identify(src/lidar/rplidar_ros2) by extensions ['colcon_pkg']
[7.058s] Level 1:colcon.colcon_core.package_identification:_identify(src/lidar/rplidar_ros2) by extension 'colcon_pkg'
[7.059s] Level 1:colcon.colcon_core.package_identification:_identify(src/lidar/rplidar_ros2) by extensions ['colcon_meta']
[7.059s] Level 1:colcon.colcon_core.package_identification:_identify(src/lidar/rplidar_ros2) by extension 'colcon_meta'
[7.059s] Level 1:colcon.colcon_core.package_identification:_identify(src/lidar/rplidar_ros2) by extensions ['ros']
[7.059s] Level 1:colcon.colcon_core.package_identification:_identify(src/lidar/rplidar_ros2) by extension 'ros'
[7.073s] DEBUG:colcon.colcon_core.package_identification:Package 'src/lidar/rplidar_ros2' with type 'ros.ament_cmake' and name 'rplidar_ros'
[7.074s] Level 1:colcon.colcon_core.package_identification:_identify(src/lunabotics) by extensions ['ignore', 'ignore_ament_install']
[7.074s] Level 1:colcon.colcon_core.package_identification:_identify(src/lunabotics) by extension 'ignore'
[7.075s] Level 1:colcon.colcon_core.package_identification:_identify(src/lunabotics) by extension 'ignore_ament_install'
[7.075s] Level 1:colcon.colcon_core.package_identification:_identify(src/lunabotics) by extensions ['colcon_pkg']
[7.075s] Level 1:colcon.colcon_core.package_identification:_identify(src/lunabotics) by extension 'colcon_pkg'
[7.075s] Level 1:colcon.colcon_core.package_identification:_identify(src/lunabotics) by extensions ['colcon_meta']
[7.075s] Level 1:colcon.colcon_core.package_identification:_identify(src/lunabotics) by extension 'colcon_meta'
[7.076s] Level 1:colcon.colcon_core.package_identification:_identify(src/lunabotics) by extensions ['ros']
[7.076s] Level 1:colcon.colcon_core.package_identification:_identify(src/lunabotics) by extension 'ros'
[7.079s] DEBUG:colcon.colcon_core.package_identification:Package 'src/lunabotics' with type 'ros.ament_python' and name 'lunabotics'
[7.079s] Level 1:colcon.colcon_core.package_discovery:discover_packages(recursive) using defaults
[7.079s] Level 1:colcon.colcon_core.package_discovery:discover_packages(ignore) discover
[7.079s] Level 1:colcon.colcon_core.package_discovery:discover_packages(ignore) using defaults
[7.080s] Level 1:colcon.colcon_core.package_discovery:discover_packages(path) discover
[7.080s] Level 1:colcon.colcon_core.package_discovery:discover_packages(path) using defaults
[7.606s] Level 1:colcon.colcon_core.package_discovery:discover_packages(prefix_path) check parameters
[7.606s] Level 1:colcon.colcon_core.package_discovery:discover_packages(prefix_path) discover
[7.780s] DEBUG:colcon.colcon_installed_package_information.package_discovery:Found 270 installed packages in /opt/ros/humble
[7.824s] Level 1:colcon.colcon_core.package_discovery:discover_packages(prefix_path) using defaults
[8.252s] Level 5:colcon.colcon_core.verb:set package 'lunabotics' build argument 'cmake_args' from command line to 'None'
[8.253s] Level 5:colcon.colcon_core.verb:set package 'lunabotics' build argument 'cmake_target' from command line to 'None'
[8.253s] Level 5:colcon.colcon_core.verb:set package 'lunabotics' build argument 'cmake_target_skip_unavailable' from command line to 'False'
[8.253s] Level 5:colcon.colcon_core.verb:set package 'lunabotics' build argument 'cmake_clean_cache' from command line to 'False'
[8.253s] Level 5:colcon.colcon_core.verb:set package 'lunabotics' build argument 'cmake_clean_first' from command line to 'False'
[8.253s] Level 5:colcon.colcon_core.verb:set package 'lunabotics' build argument 'cmake_force_configure' from command line to 'False'
[8.253s] Level 5:colcon.colcon_core.verb:set package 'lunabotics' build argument 'ament_cmake_args' from command line to 'None'
[8.253s] Level 5:colcon.colcon_core.verb:set package 'lunabotics' build argument 'catkin_cmake_args' from command line to 'None'
[8.253s] Level 5:colcon.colcon_core.verb:set package 'lunabotics' build argument 'catkin_skip_building_tests' from command line to 'False'
[8.254s] DEBUG:colcon.colcon_core.verb:Building package 'lunabotics' with the following arguments: {'ament_cmake_args': None, 'build_base': '/home/lunabotics/ros_lunabotics/build/lunabotics', 'catkin_cmake_args': None, 'catkin_skip_building_tests': False, 'cmake_args': None, 'cmake_clean_cache': False, 'cmake_clean_first': False, 'cmake_force_configure': False, 'cmake_target': None, 'cmake_target_skip_unavailable': False, 'install_base': '/home/lunabotics/ros_lunabotics/install/lunabotics', 'merge_install': False, 'path': '/home/lunabotics/ros_lunabotics/src/lunabotics', 'symlink_install': False, 'test_result_base': None}
[8.332s] Level 5:colcon.colcon_core.verb:set package 'rplidar_ros' build argument 'cmake_args' from command line to 'None'
[8.332s] Level 5:colcon.colcon_core.verb:set package 'rplidar_ros' build argument 'cmake_target' from command line to 'None'
[8.333s] Level 5:colcon.colcon_core.verb:set package 'rplidar_ros' build argument 'cmake_target_skip_unavailable' from command line to 'False'
[8.333s] Level 5:colcon.colcon_core.verb:set package 'rplidar_ros' build argument 'cmake_clean_cache' from command line to 'False'
[8.333s] Level 5:colcon.colcon_core.verb:set package 'rplidar_ros' build argument 'cmake_clean_first' from command line to 'False'
[8.333s] Level 5:colcon.colcon_core.verb:set package 'rplidar_ros' build argument 'cmake_force_configure' from command line to 'False'
[8.333s] Level 5:colcon.colcon_core.verb:set package 'rplidar_ros' build argument 'ament_cmake_args' from command line to 'None'
[8.333s] Level 5:colcon.colcon_core.verb:set package 'rplidar_ros' build argument 'catkin_cmake_args' from command line to 'None'
[8.333s] Level 5:colcon.colcon_core.verb:set package 'rplidar_ros' build argument 'catkin_skip_building_tests' from command line to 'False'
[8.333s] DEBUG:colcon.colcon_core.verb:Building package 'rplidar_ros' with the following arguments: {'ament_cmake_args': None, 'build_base': '/home/lunabotics/ros_lunabotics/build/rplidar_ros', 'catkin_cmake_args': None, 'catkin_skip_building_tests': False, 'cmake_args': None, 'cmake_clean_cache': False, 'cmake_clean_first': False, 'cmake_force_configure': False, 'cmake_target': None, 'cmake_target_skip_unavailable': False, 'install_base': '/home/lunabotics/ros_lunabotics/install/rplidar_ros', 'merge_install': False, 'path': '/home/lunabotics/ros_lunabotics/src/lidar/rplidar_ros2', 'symlink_install': False, 'test_result_base': None}
[8.410s] INFO:colcon.colcon_core.executor:Executing jobs using 'parallel' executor
[8.491s] DEBUG:colcon.colcon_parallel_executor.executor.parallel:run_until_complete
[8.492s] INFO:colcon.colcon_ros.task.ament_python.build:Building ROS package in '/home/lunabotics/ros_lunabotics/src/lunabotics' with build type 'ament_python'
[8.493s] Level 1:colcon.colcon_core.shell:create_environment_hook('lunabotics', 'ament_prefix_path')
[8.593s] INFO:colcon.colcon_core.plugin_system:Skipping extension 'colcon_core.shell.bat': Not used on non-Windows systems
[8.594s] INFO:colcon.colcon_core.shell:Creating environment hook '/home/lunabotics/ros_lunabotics/install/lunabotics/share/lunabotics/hook/ament_prefix_path.ps1'
[8.601s] INFO:colcon.colcon_core.shell:Creating environment descriptor '/home/lunabotics/ros_lunabotics/install/lunabotics/share/lunabotics/hook/ament_prefix_path.dsv'
[8.604s] INFO:colcon.colcon_core.shell:Creating environment hook '/home/lunabotics/ros_lunabotics/install/lunabotics/share/lunabotics/hook/ament_prefix_path.sh'
[8.688s] INFO:colcon.colcon_core.shell:Skip shell extension 'powershell' for command environment: Not usable outside of PowerShell
[8.689s] DEBUG:colcon.colcon_core.shell:Skip shell extension 'dsv' for command environment
[8.861s] INFO:colcon.colcon_ros.task.ament_cmake.build:Building ROS package in '/home/lunabotics/ros_lunabotics/src/lidar/rplidar_ros2' with build type 'ament_cmake'
[8.861s] INFO:colcon.colcon_cmake.task.cmake.build:Building CMake package in '/home/lunabotics/ros_lunabotics/src/lidar/rplidar_ros2'
[8.944s] INFO:colcon.colcon_core.shell:Skip shell extension 'powershell' for command environment: Not usable outside of PowerShell
[8.945s] DEBUG:colcon.colcon_core.shell:Skip shell extension 'dsv' for command environment
[10.516s] INFO:colcon.colcon_core.task.python.build:Building Python package in '/home/lunabotics/ros_lunabotics/src/lunabotics'
[10.599s] INFO:colcon.colcon_core.shell:Skip shell extension 'powershell' for command environment: Not usable outside of PowerShell
[10.599s] DEBUG:colcon.colcon_core.shell:Skip shell extension 'dsv' for command environment
[10.784s] DEBUG:colcon.colcon_core.event_handler.log_command:Invoking command in '/home/lunabotics/ros_lunabotics/build/rplidar_ros': CMAKE_PREFIX_PATH=/opt/ros/humble /usr/bin/cmake /home/lunabotics/ros_lunabotics/src/lidar/rplidar_ros2 -DCMAKE_INSTALL_PREFIX=/home/lunabotics/ros_lunabotics/install/rplidar_ros
[13.292s] DEBUG:colcon.colcon_core.event_handler.log_command:Invoking command in '/home/lunabotics/ros_lunabotics/build/lunabotics': PYTHONPATH=/home/lunabotics/ros_lunabotics/build/lunabotics/prefix_override:/home/lunabotics/ros_lunabotics/install/lunabotics/lib/python3.10/site-packages:${PYTHONPATH} /usr/bin/python3 setup.py develop --uninstall --editable --build-directory /home/lunabotics/ros_lunabotics/build/lunabotics/build
[16.147s] DEBUG:colcon.colcon_core.event_handler.log_command:Invoked command in '/home/lunabotics/ros_lunabotics/build/lunabotics' returned '0': PYTHONPATH=/home/lunabotics/ros_lunabotics/build/lunabotics/prefix_override:/home/lunabotics/ros_lunabotics/install/lunabotics/lib/python3.10/site-packages:${PYTHONPATH} /usr/bin/python3 setup.py develop --uninstall --editable --build-directory /home/lunabotics/ros_lunabotics/build/lunabotics/build
[16.157s] DEBUG:colcon.colcon_core.event_handler.log_command:Invoking command in '/home/lunabotics/ros_lunabotics/src/lunabotics': PYTHONPATH=/home/lunabotics/ros_lunabotics/build/lunabotics/prefix_override:/home/lunabotics/ros_lunabotics/install/lunabotics/lib/python3.10/site-packages:${PYTHONPATH} /usr/bin/python3 setup.py egg_info --egg-base ../../build/lunabotics build --build-base /home/lunabotics/ros_lunabotics/build/lunabotics/build install --record /home/lunabotics/ros_lunabotics/build/lunabotics/install.log --single-version-externally-managed
[16.567s] DEBUG:colcon.colcon_core.event_handler.log_command:Invoked command in '/home/lunabotics/ros_lunabotics/build/rplidar_ros' returned '0': CMAKE_PREFIX_PATH=/opt/ros/humble /usr/bin/cmake /home/lunabotics/ros_lunabotics/src/lidar/rplidar_ros2 -DCMAKE_INSTALL_PREFIX=/home/lunabotics/ros_lunabotics/install/rplidar_ros
[16.576s] DEBUG:colcon.colcon_core.event_handler.log_command:Invoking command in '/home/lunabotics/ros_lunabotics/build/rplidar_ros': CMAKE_PREFIX_PATH=/opt/ros/humble /usr/bin/cmake --build /home/lunabotics/ros_lunabotics/build/rplidar_ros -- -j4 -l4
[18.232s] DEBUG:colcon.colcon_core.event_handler.log_command:Invoked command in '/home/lunabotics/ros_lunabotics/src/lunabotics' returned '0': PYTHONPATH=/home/lunabotics/ros_lunabotics/build/lunabotics/prefix_override:/home/lunabotics/ros_lunabotics/install/lunabotics/lib/python3.10/site-packages:${PYTHONPATH} /usr/bin/python3 setup.py egg_info --egg-base ../../build/lunabotics build --build-base /home/lunabotics/ros_lunabotics/build/lunabotics/build install --record /home/lunabotics/ros_lunabotics/build/lunabotics/install.log --single-version-externally-managed
[18.370s] Level 1:colcon.colcon_core.environment:checking '/home/lunabotics/ros_lunabotics/install/lunabotics' for CMake module files
[18.373s] Level 1:colcon.colcon_core.environment:checking '/home/lunabotics/ros_lunabotics/install/lunabotics' for CMake config files
[18.379s] Level 1:colcon.colcon_core.environment:checking '/home/lunabotics/ros_lunabotics/install/lunabotics/lib'
[18.380s] Level 1:colcon.colcon_core.environment:checking '/home/lunabotics/ros_lunabotics/install/lunabotics/bin'
[18.380s] Level 1:colcon.colcon_core.environment:checking '/home/lunabotics/ros_lunabotics/install/lunabotics/lib/pkgconfig/lunabotics.pc'
[18.381s] Level 1:colcon.colcon_core.environment:checking '/home/lunabotics/ros_lunabotics/install/lunabotics/lib/python3.10/site-packages'
[18.381s] Level 1:colcon.colcon_core.shell:create_environment_hook('lunabotics', 'pythonpath')
[18.486s] INFO:colcon.colcon_core.shell:Creating environment hook '/home/lunabotics/ros_lunabotics/install/lunabotics/share/lunabotics/hook/pythonpath.ps1'
[18.488s] INFO:colcon.colcon_core.shell:Creating environment descriptor '/home/lunabotics/ros_lunabotics/install/lunabotics/share/lunabotics/hook/pythonpath.dsv'
[18.490s] INFO:colcon.colcon_core.shell:Creating environment hook '/home/lunabotics/ros_lunabotics/install/lunabotics/share/lunabotics/hook/pythonpath.sh'
[18.495s] Level 1:colcon.colcon_core.environment:checking '/home/lunabotics/ros_lunabotics/install/lunabotics/bin'
[18.496s] Level 1:colcon.colcon_core.environment:create_environment_scripts_only(lunabotics)
[18.653s] INFO:colcon.colcon_core.shell:Creating package script '/home/lunabotics/ros_lunabotics/install/lunabotics/share/lunabotics/package.ps1'
[18.667s] INFO:colcon.colcon_core.shell:Creating package descriptor '/home/lunabotics/ros_lunabotics/install/lunabotics/share/lunabotics/package.dsv'
[18.676s] INFO:colcon.colcon_core.shell:Creating package script '/home/lunabotics/ros_lunabotics/install/lunabotics/share/lunabotics/package.sh'
[18.686s] INFO:colcon.colcon_core.shell:Creating package script '/home/lunabotics/ros_lunabotics/install/lunabotics/share/lunabotics/package.bash'
[18.696s] INFO:colcon.colcon_core.shell:Creating package script '/home/lunabotics/ros_lunabotics/install/lunabotics/share/lunabotics/package.zsh'
[18.716s] Level 1:colcon.colcon_core.environment:create_file_with_runtime_dependencies(/home/lunabotics/ros_lunabotics/install/lunabotics/share/colcon-core/packages/lunabotics)
[57.153s] DEBUG:colcon.colcon_core.event_handler.log_command:Invoked command in '/home/lunabotics/ros_lunabotics/build/rplidar_ros' returned '0': CMAKE_PREFIX_PATH=/opt/ros/humble /usr/bin/cmake --build /home/lunabotics/ros_lunabotics/build/rplidar_ros -- -j4 -l4
[57.386s] DEBUG:colcon.colcon_core.event_handler.log_command:Invoking command in '/home/lunabotics/ros_lunabotics/build/rplidar_ros': CMAKE_PREFIX_PATH=/opt/ros/humble /usr/bin/cmake --install /home/lunabotics/ros_lunabotics/build/rplidar_ros
[57.524s] Level 1:colcon.colcon_core.environment:create_environment_scripts_only(rplidar_ros)
[57.526s] DEBUG:colcon.colcon_core.event_handler.log_command:Invoked command in '/home/lunabotics/ros_lunabotics/build/rplidar_ros' returned '0': CMAKE_PREFIX_PATH=/opt/ros/humble /usr/bin/cmake --install /home/lunabotics/ros_lunabotics/build/rplidar_ros
[57.607s] Level 1:colcon.colcon_core.environment:checking '/home/lunabotics/ros_lunabotics/install/rplidar_ros' for CMake module files
[57.611s] Level 1:colcon.colcon_core.environment:checking '/home/lunabotics/ros_lunabotics/install/rplidar_ros' for CMake config files
[57.616s] Level 1:colcon.colcon_core.shell:create_environment_hook('rplidar_ros', 'cmake_prefix_path')
[57.696s] INFO:colcon.colcon_core.shell:Creating environment hook '/home/lunabotics/ros_lunabotics/install/rplidar_ros/share/rplidar_ros/hook/cmake_prefix_path.ps1'
[57.698s] INFO:colcon.colcon_core.shell:Creating environment descriptor '/home/lunabotics/ros_lunabotics/install/rplidar_ros/share/rplidar_ros/hook/cmake_prefix_path.dsv'
[57.700s] INFO:colcon.colcon_core.shell:Creating environment hook '/home/lunabotics/ros_lunabotics/install/rplidar_ros/share/rplidar_ros/hook/cmake_prefix_path.sh'
[57.702s] Level 1:colcon.colcon_core.environment:checking '/home/lunabotics/ros_lunabotics/install/rplidar_ros/lib'
[57.703s] Level 1:colcon.colcon_core.shell:create_environment_hook('rplidar_ros', 'ld_library_path_lib')
[57.781s] INFO:colcon.colcon_core.shell:Creating environment hook '/home/lunabotics/ros_lunabotics/install/rplidar_ros/share/rplidar_ros/hook/ld_library_path_lib.ps1'
[57.783s] INFO:colcon.colcon_core.shell:Creating environment descriptor '/home/lunabotics/ros_lunabotics/install/rplidar_ros/share/rplidar_ros/hook/ld_library_path_lib.dsv'
[57.785s] INFO:colcon.colcon_core.shell:Creating environment hook '/home/lunabotics/ros_lunabotics/install/rplidar_ros/share/rplidar_ros/hook/ld_library_path_lib.sh'
[57.787s] Level 1:colcon.colcon_core.environment:checking '/home/lunabotics/ros_lunabotics/install/rplidar_ros/bin'
[57.787s] Level 1:colcon.colcon_core.environment:checking '/home/lunabotics/ros_lunabotics/install/rplidar_ros/lib/pkgconfig/rplidar_ros.pc'
[57.788s] Level 1:colcon.colcon_core.environment:checking '/home/lunabotics/ros_lunabotics/install/rplidar_ros/lib/python3.10/site-packages'
[57.789s] Level 1:colcon.colcon_core.environment:checking '/home/lunabotics/ros_lunabotics/install/rplidar_ros/bin'
[57.868s] INFO:colcon.colcon_core.shell:Creating package script '/home/lunabotics/ros_lunabotics/install/rplidar_ros/share/rplidar_ros/package.ps1'
[57.871s] INFO:colcon.colcon_core.shell:Creating package descriptor '/home/lunabotics/ros_lunabotics/install/rplidar_ros/share/rplidar_ros/package.dsv'
[57.873s] INFO:colcon.colcon_core.shell:Creating package script '/home/lunabotics/ros_lunabotics/install/rplidar_ros/share/rplidar_ros/package.sh'
[57.875s] INFO:colcon.colcon_core.shell:Creating package script '/home/lunabotics/ros_lunabotics/install/rplidar_ros/share/rplidar_ros/package.bash'
[57.877s] INFO:colcon.colcon_core.shell:Creating package script '/home/lunabotics/ros_lunabotics/install/rplidar_ros/share/rplidar_ros/package.zsh'
[57.878s] Level 1:colcon.colcon_core.environment:create_file_with_runtime_dependencies(/home/lunabotics/ros_lunabotics/install/rplidar_ros/share/colcon-core/packages/rplidar_ros)
[58.145s] Level 1:colcon.colcon_core.environment:create_environment_scripts_only(rplidar_ros)
[58.225s] Level 1:colcon.colcon_core.environment:checking '/home/lunabotics/ros_lunabotics/install/rplidar_ros' for CMake module files
[58.228s] Level 1:colcon.colcon_core.environment:checking '/home/lunabotics/ros_lunabotics/install/rplidar_ros' for CMake config files
[58.231s] Level 1:colcon.colcon_core.shell:create_environment_hook('rplidar_ros', 'cmake_prefix_path')
[58.310s] INFO:colcon.colcon_core.shell:Creating environment hook '/home/lunabotics/ros_lunabotics/install/rplidar_ros/share/rplidar_ros/hook/cmake_prefix_path.ps1'
[58.312s] INFO:colcon.colcon_core.shell:Creating environment descriptor '/home/lunabotics/ros_lunabotics/install/rplidar_ros/share/rplidar_ros/hook/cmake_prefix_path.dsv'
[58.314s] INFO:colcon.colcon_core.shell:Creating environment hook '/home/lunabotics/ros_lunabotics/install/rplidar_ros/share/rplidar_ros/hook/cmake_prefix_path.sh'
[58.316s] Level 1:colcon.colcon_core.environment:checking '/home/lunabotics/ros_lunabotics/install/rplidar_ros/lib'
[58.317s] Level 1:colcon.colcon_core.shell:create_environment_hook('rplidar_ros', 'ld_library_path_lib')
[58.396s] INFO:colcon.colcon_core.shell:Creating environment hook '/home/lunabotics/ros_lunabotics/install/rplidar_ros/share/rplidar_ros/hook/ld_library_path_lib.ps1'
[58.398s] INFO:colcon.colcon_core.shell:Creating environment descriptor '/home/lunabotics/ros_lunabotics/install/rplidar_ros/share/rplidar_ros/hook/ld_library_path_lib.dsv'
[58.399s] INFO:colcon.colcon_core.shell:Creating environment hook '/home/lunabotics/ros_lunabotics/install/rplidar_ros/share/rplidar_ros/hook/ld_library_path_lib.sh'
[58.401s] Level 1:colcon.colcon_core.environment:checking '/home/lunabotics/ros_lunabotics/install/rplidar_ros/bin'
[58.402s] Level 1:colcon.colcon_core.environment:checking '/home/lunabotics/ros_lunabotics/install/rplidar_ros/lib/pkgconfig/rplidar_ros.pc'
[58.402s] Level 1:colcon.colcon_core.environment:checking '/home/lunabotics/ros_lunabotics/install/rplidar_ros/lib/python3.10/site-packages'
[58.403s] Level 1:colcon.colcon_core.environment:checking '/home/lunabotics/ros_lunabotics/install/rplidar_ros/bin'
[58.483s] INFO:colcon.colcon_core.shell:Creating package script '/home/lunabotics/ros_lunabotics/install/rplidar_ros/share/rplidar_ros/package.ps1'
[58.485s] INFO:colcon.colcon_core.shell:Creating package descriptor '/home/lunabotics/ros_lunabotics/install/rplidar_ros/share/rplidar_ros/package.dsv'
[58.487s] INFO:colcon.colcon_core.shell:Creating package script '/home/lunabotics/ros_lunabotics/install/rplidar_ros/share/rplidar_ros/package.sh'
[58.490s] INFO:colcon.colcon_core.shell:Creating package script '/home/lunabotics/ros_lunabotics/install/rplidar_ros/share/rplidar_ros/package.bash'
[58.491s] INFO:colcon.colcon_core.shell:Creating package script '/home/lunabotics/ros_lunabotics/install/rplidar_ros/share/rplidar_ros/package.zsh'
[58.493s] Level 1:colcon.colcon_core.environment:create_file_with_runtime_dependencies(/home/lunabotics/ros_lunabotics/install/rplidar_ros/share/colcon-core/packages/rplidar_ros)
[58.495s] DEBUG:colcon.colcon_parallel_executor.executor.parallel:closing loop
[58.496s] DEBUG:colcon.colcon_parallel_executor.executor.parallel:loop closed
[58.497s] DEBUG:colcon.colcon_parallel_executor.executor.parallel:run_until_complete finished with '0'
[58.498s] DEBUG:colcon.colcon_core.event_reactor:joining thread
[58.605s] INFO:colcon.colcon_core.plugin_system:Skipping extension 'colcon_notification.desktop_notification.terminal_notifier': Not used on non-Darwin systems
[58.605s] INFO:colcon.colcon_core.plugin_system:Skipping extension 'colcon_notification.desktop_notification.win32': Not used on non-Windows systems
[58.605s] INFO:colcon.colcon_notification.desktop_notification:Sending desktop notification using 'notify2'
[58.688s] DEBUG:colcon.colcon_core.event_reactor:joined thread
[58.792s] INFO:colcon.colcon_core.shell:Creating prefix script '/home/lunabotics/ros_lunabotics/install/local_setup.ps1'
[58.796s] INFO:colcon.colcon_core.shell:Creating prefix util module '/home/lunabotics/ros_lunabotics/install/_local_setup_util_ps1.py'
[58.803s] INFO:colcon.colcon_core.shell:Creating prefix chain script '/home/lunabotics/ros_lunabotics/install/setup.ps1'
[58.888s] INFO:colcon.colcon_core.shell:Creating prefix script '/home/lunabotics/ros_lunabotics/install/local_setup.sh'
[58.891s] INFO:colcon.colcon_core.shell:Creating prefix util module '/home/lunabotics/ros_lunabotics/install/_local_setup_util_sh.py'
[58.893s] INFO:colcon.colcon_core.shell:Creating prefix chain script '/home/lunabotics/ros_lunabotics/install/setup.sh'
[58.975s] INFO:colcon.colcon_core.shell:Creating prefix script '/home/lunabotics/ros_lunabotics/install/local_setup.bash'
[58.979s] INFO:colcon.colcon_core.shell:Creating prefix chain script '/home/lunabotics/ros_lunabotics/install/setup.bash'
[59.061s] INFO:colcon.colcon_core.shell:Creating prefix script '/home/lunabotics/ros_lunabotics/install/local_setup.zsh'
[59.066s] INFO:colcon.colcon_core.shell:Creating prefix chain script '/home/lunabotics/ros_lunabotics/install/setup.zsh'
