[0.473s] DEBUG:colcon:Command line arguments: ['/usr/bin/colcon', 'build', '--symlink-install']
[0.473s] DEBUG:colcon:Parsed command line arguments: Namespace(log_base=None, log_level=None, verb_name='build', build_base='build', install_base='install', merge_install=False, symlink_install=True, test_result_base=None, continue_on_error=False, executor='parallel', parallel_workers=4, event_handlers=None, ignore_user_meta=False, metas=['./colcon.meta'], base_paths=['.'], packages_ignore=None, packages_ignore_regex=None, paths=None, packages_up_to=None, packages_up_to_regex=None, packages_above=None, packages_above_and_dependencies=None, packages_above_depth=None, packages_select_by_dep=None, packages_skip_by_dep=None, packages_skip_up_to=None, packages_select_build_failed=False, packages_skip_build_finished=False, packages_select_test_failures=False, packages_skip_test_passed=False, packages_select=None, packages_skip=None, packages_select_regex=None, packages_skip_regex=None, packages_start=None, packages_end=None, allow_overriding=[], cmake_args=None, cmake_target=None, cmake_target_skip_unavailable=False, cmake_clean_cache=False, cmake_clean_first=False, cmake_force_configure=False, ament_cmake_args=None, catkin_cmake_args=None, catkin_skip_building_tests=False, verb_parser=<colcon_defaults.argument_parser.defaults.DefaultArgumentsDecorator object at 0xffffb16f0d00>, verb_extension=<colcon_core.verb.build.BuildVerb object at 0xffffb18318d0>, main=<bound method BuildVerb.main of <colcon_core.verb.build.BuildVerb object at 0xffffb18318d0>>)
[1.507s] Level 1:colcon.colcon_core.package_discovery:discover_packages(colcon_meta) check parameters
[1.508s] Level 1:colcon.colcon_core.package_discovery:discover_packages(recursive) check parameters
[1.508s] Level 1:colcon.colcon_core.package_discovery:discover_packages(ignore) check parameters
[1.508s] Level 1:colcon.colcon_core.package_discovery:discover_packages(path) check parameters
[1.508s] Level 1:colcon.colcon_core.package_discovery:discover_packages(colcon_meta) discover
[1.509s] Level 1:colcon.colcon_core.package_discovery:discover_packages(recursive) discover
[1.509s] INFO:colcon.colcon_core.package_discovery:Crawling recursively for packages in '/home/lunabotics/lunabotics2024/CSU-Lunabotics-2024/lunabotics'
[1.509s] Level 1:colcon.colcon_core.package_identification:_identify(.) by extensions ['ignore', 'ignore_ament_install']
[1.510s] Level 1:colcon.colcon_core.package_identification:_identify(.) by extension 'ignore'
[1.510s] Level 1:colcon.colcon_core.package_identification:_identify(.) by extension 'ignore_ament_install'
[1.510s] Level 1:colcon.colcon_core.package_identification:_identify(.) by extensions ['colcon_pkg']
[1.510s] Level 1:colcon.colcon_core.package_identification:_identify(.) by extension 'colcon_pkg'
[1.511s] Level 1:colcon.colcon_core.package_identification:_identify(.) by extensions ['colcon_meta']
[1.511s] Level 1:colcon.colcon_core.package_identification:_identify(.) by extension 'colcon_meta'
[1.511s] Level 1:colcon.colcon_core.package_identification:_identify(.) by extensions ['ros']
[1.511s] Level 1:colcon.colcon_core.package_identification:_identify(.) by extension 'ros'
[1.594s] Level 1:colcon.colcon_core.package_identification:_identify(.) by extensions ['cmake', 'python']
[1.594s] Level 1:colcon.colcon_core.package_identification:_identify(.) by extension 'cmake'
[1.594s] Level 1:colcon.colcon_core.package_identification:_identify(.) by extension 'python'
[1.594s] Level 1:colcon.colcon_core.package_identification:_identify(.) by extensions ['python_setup_py']
[1.594s] Level 1:colcon.colcon_core.package_identification:_identify(.) by extension 'python_setup_py'
[1.595s] Level 1:colcon.colcon_core.package_identification:_identify(build) by extensions ['ignore', 'ignore_ament_install']
[1.595s] Level 1:colcon.colcon_core.package_identification:_identify(build) by extension 'ignore'
[1.596s] Level 1:colcon.colcon_core.package_identification:_identify(build) ignored
[1.596s] Level 1:colcon.colcon_core.package_identification:_identify(install) by extensions ['ignore', 'ignore_ament_install']
[1.597s] Level 1:colcon.colcon_core.package_identification:_identify(install) by extension 'ignore'
[1.597s] Level 1:colcon.colcon_core.package_identification:_identify(install) ignored
[1.597s] Level 1:colcon.colcon_core.package_identification:_identify(log) by extensions ['ignore', 'ignore_ament_install']
[1.597s] Level 1:colcon.colcon_core.package_identification:_identify(log) by extension 'ignore'
[1.598s] Level 1:colcon.colcon_core.package_identification:_identify(log) ignored
[1.598s] Level 1:colcon.colcon_core.package_identification:_identify(src) by extensions ['ignore', 'ignore_ament_install']
[1.598s] Level 1:colcon.colcon_core.package_identification:_identify(src) by extension 'ignore'
[1.598s] Level 1:colcon.colcon_core.package_identification:_identify(src) by extension 'ignore_ament_install'
[1.599s] Level 1:colcon.colcon_core.package_identification:_identify(src) by extensions ['colcon_pkg']
[1.599s] Level 1:colcon.colcon_core.package_identification:_identify(src) by extension 'colcon_pkg'
[1.599s] Level 1:colcon.colcon_core.package_identification:_identify(src) by extensions ['colcon_meta']
[1.599s] Level 1:colcon.colcon_core.package_identification:_identify(src) by extension 'colcon_meta'
[1.599s] Level 1:colcon.colcon_core.package_identification:_identify(src) by extensions ['ros']
[1.599s] Level 1:colcon.colcon_core.package_identification:_identify(src) by extension 'ros'
[1.600s] Level 1:colcon.colcon_core.package_identification:_identify(src) by extensions ['cmake', 'python']
[1.600s] Level 1:colcon.colcon_core.package_identification:_identify(src) by extension 'cmake'
[1.600s] Level 1:colcon.colcon_core.package_identification:_identify(src) by extension 'python'
[1.600s] Level 1:colcon.colcon_core.package_identification:_identify(src) by extensions ['python_setup_py']
[1.600s] Level 1:colcon.colcon_core.package_identification:_identify(src) by extension 'python_setup_py'
[1.601s] Level 1:colcon.colcon_core.package_identification:_identify(src/rplidar_ros2) by extensions ['ignore', 'ignore_ament_install']
[1.601s] Level 1:colcon.colcon_core.package_identification:_identify(src/rplidar_ros2) by extension 'ignore'
[1.601s] Level 1:colcon.colcon_core.package_identification:_identify(src/rplidar_ros2) by extension 'ignore_ament_install'
[1.601s] Level 1:colcon.colcon_core.package_identification:_identify(src/rplidar_ros2) by extensions ['colcon_pkg']
[1.602s] Level 1:colcon.colcon_core.package_identification:_identify(src/rplidar_ros2) by extension 'colcon_pkg'
[1.602s] Level 1:colcon.colcon_core.package_identification:_identify(src/rplidar_ros2) by extensions ['colcon_meta']
[1.602s] Level 1:colcon.colcon_core.package_identification:_identify(src/rplidar_ros2) by extension 'colcon_meta'
[1.602s] Level 1:colcon.colcon_core.package_identification:_identify(src/rplidar_ros2) by extensions ['ros']
[1.602s] Level 1:colcon.colcon_core.package_identification:_identify(src/rplidar_ros2) by extension 'ros'
[1.611s] DEBUG:colcon.colcon_core.package_identification:Package 'src/rplidar_ros2' with type 'ros.ament_cmake' and name 'rplidar_ros'
[1.612s] Level 1:colcon.colcon_core.package_identification:_identify(src/testing) by extensions ['ignore', 'ignore_ament_install']
[1.612s] Level 1:colcon.colcon_core.package_identification:_identify(src/testing) by extension 'ignore'
[1.613s] Level 1:colcon.colcon_core.package_identification:_identify(src/testing) by extension 'ignore_ament_install'
[1.613s] Level 1:colcon.colcon_core.package_identification:_identify(src/testing) by extensions ['colcon_pkg']
[1.613s] Level 1:colcon.colcon_core.package_identification:_identify(src/testing) by extension 'colcon_pkg'
[1.613s] Level 1:colcon.colcon_core.package_identification:_identify(src/testing) by extensions ['colcon_meta']
[1.613s] Level 1:colcon.colcon_core.package_identification:_identify(src/testing) by extension 'colcon_meta'
[1.613s] Level 1:colcon.colcon_core.package_identification:_identify(src/testing) by extensions ['ros']
[1.613s] Level 1:colcon.colcon_core.package_identification:_identify(src/testing) by extension 'ros'
[1.616s] DEBUG:colcon.colcon_core.package_identification:Package 'src/testing' with type 'ros.ament_python' and name 'testing'
[1.616s] Level 1:colcon.colcon_core.package_discovery:discover_packages(recursive) using defaults
[1.616s] Level 1:colcon.colcon_core.package_discovery:discover_packages(ignore) discover
[1.616s] Level 1:colcon.colcon_core.package_discovery:discover_packages(ignore) using defaults
[1.616s] Level 1:colcon.colcon_core.package_discovery:discover_packages(path) discover
[1.617s] Level 1:colcon.colcon_core.package_discovery:discover_packages(path) using defaults
[1.691s] Level 1:colcon.colcon_core.package_discovery:discover_packages(prefix_path) check parameters
[1.691s] Level 1:colcon.colcon_core.package_discovery:discover_packages(prefix_path) discover
[1.699s] DEBUG:colcon.colcon_installed_package_information.package_discovery:Found 1 installed packages in /home/lunabotics/lidar/install
[1.701s] DEBUG:colcon.colcon_installed_package_information.package_discovery:Found 2 installed packages in /home/lunabotics/lunabotics2024/CSU-Lunabotics-2024/lunabotics/install
[1.710s] DEBUG:colcon.colcon_installed_package_information.package_discovery:Found 270 installed packages in /opt/ros/humble
[1.721s] Level 1:colcon.colcon_core.package_discovery:discover_packages(prefix_path) using defaults
[1.886s] Level 5:colcon.colcon_core.verb:set package 'rplidar_ros' build argument 'cmake_args' from command line to 'None'
[1.886s] Level 5:colcon.colcon_core.verb:set package 'rplidar_ros' build argument 'cmake_target' from command line to 'None'
[1.886s] Level 5:colcon.colcon_core.verb:set package 'rplidar_ros' build argument 'cmake_target_skip_unavailable' from command line to 'False'
[1.886s] Level 5:colcon.colcon_core.verb:set package 'rplidar_ros' build argument 'cmake_clean_cache' from command line to 'False'
[1.886s] Level 5:colcon.colcon_core.verb:set package 'rplidar_ros' build argument 'cmake_clean_first' from command line to 'False'
[1.886s] Level 5:colcon.colcon_core.verb:set package 'rplidar_ros' build argument 'cmake_force_configure' from command line to 'False'
[1.886s] Level 5:colcon.colcon_core.verb:set package 'rplidar_ros' build argument 'ament_cmake_args' from command line to 'None'
[1.886s] Level 5:colcon.colcon_core.verb:set package 'rplidar_ros' build argument 'catkin_cmake_args' from command line to 'None'
[1.886s] Level 5:colcon.colcon_core.verb:set package 'rplidar_ros' build argument 'catkin_skip_building_tests' from command line to 'False'
[1.887s] DEBUG:colcon.colcon_core.verb:Building package 'rplidar_ros' with the following arguments: {'ament_cmake_args': None, 'build_base': '/home/lunabotics/lunabotics2024/CSU-Lunabotics-2024/lunabotics/build/rplidar_ros', 'catkin_cmake_args': None, 'catkin_skip_building_tests': False, 'cmake_args': None, 'cmake_clean_cache': False, 'cmake_clean_first': False, 'cmake_force_configure': False, 'cmake_target': None, 'cmake_target_skip_unavailable': False, 'install_base': '/home/lunabotics/lunabotics2024/CSU-Lunabotics-2024/lunabotics/install/rplidar_ros', 'merge_install': False, 'path': '/home/lunabotics/lunabotics2024/CSU-Lunabotics-2024/lunabotics/src/rplidar_ros2', 'symlink_install': True, 'test_result_base': None}
[1.888s] Level 5:colcon.colcon_core.verb:set package 'testing' build argument 'cmake_args' from command line to 'None'
[1.888s] Level 5:colcon.colcon_core.verb:set package 'testing' build argument 'cmake_target' from command line to 'None'
[1.888s] Level 5:colcon.colcon_core.verb:set package 'testing' build argument 'cmake_target_skip_unavailable' from command line to 'False'
[1.889s] Level 5:colcon.colcon_core.verb:set package 'testing' build argument 'cmake_clean_cache' from command line to 'False'
[1.889s] Level 5:colcon.colcon_core.verb:set package 'testing' build argument 'cmake_clean_first' from command line to 'False'
[1.889s] Level 5:colcon.colcon_core.verb:set package 'testing' build argument 'cmake_force_configure' from command line to 'False'
[1.889s] Level 5:colcon.colcon_core.verb:set package 'testing' build argument 'ament_cmake_args' from command line to 'None'
[1.889s] Level 5:colcon.colcon_core.verb:set package 'testing' build argument 'catkin_cmake_args' from command line to 'None'
[1.889s] Level 5:colcon.colcon_core.verb:set package 'testing' build argument 'catkin_skip_building_tests' from command line to 'False'
[1.889s] DEBUG:colcon.colcon_core.verb:Building package 'testing' with the following arguments: {'ament_cmake_args': None, 'build_base': '/home/lunabotics/lunabotics2024/CSU-Lunabotics-2024/lunabotics/build/testing', 'catkin_cmake_args': None, 'catkin_skip_building_tests': False, 'cmake_args': None, 'cmake_clean_cache': False, 'cmake_clean_first': False, 'cmake_force_configure': False, 'cmake_target': None, 'cmake_target_skip_unavailable': False, 'install_base': '/home/lunabotics/lunabotics2024/CSU-Lunabotics-2024/lunabotics/install/testing', 'merge_install': False, 'path': '/home/lunabotics/lunabotics2024/CSU-Lunabotics-2024/lunabotics/src/testing', 'symlink_install': True, 'test_result_base': None}
[1.890s] INFO:colcon.colcon_core.executor:Executing jobs using 'parallel' executor
[1.893s] DEBUG:colcon.colcon_parallel_executor.executor.parallel:run_until_complete
[1.894s] INFO:colcon.colcon_ros.task.ament_cmake.build:Building ROS package in '/home/lunabotics/lunabotics2024/CSU-Lunabotics-2024/lunabotics/src/rplidar_ros2' with build type 'ament_cmake'
[1.895s] INFO:colcon.colcon_cmake.task.cmake.build:Building CMake package in '/home/lunabotics/lunabotics2024/CSU-Lunabotics-2024/lunabotics/src/rplidar_ros2'
[1.903s] INFO:colcon.colcon_core.plugin_system:Skipping extension 'colcon_core.shell.bat': Not used on non-Windows systems
[1.904s] INFO:colcon.colcon_core.shell:Skip shell extension 'powershell' for command environment: Not usable outside of PowerShell
[1.904s] DEBUG:colcon.colcon_core.shell:Skip shell extension 'dsv' for command environment
[1.928s] INFO:colcon.colcon_ros.task.ament_python.build:Building ROS package in '/home/lunabotics/lunabotics2024/CSU-Lunabotics-2024/lunabotics/src/testing' with build type 'ament_python'
[1.929s] Level 1:colcon.colcon_core.shell:create_environment_hook('testing', 'ament_prefix_path')
[1.931s] INFO:colcon.colcon_core.shell:Creating environment hook '/home/lunabotics/lunabotics2024/CSU-Lunabotics-2024/lunabotics/install/testing/share/testing/hook/ament_prefix_path.ps1'
[1.934s] INFO:colcon.colcon_core.shell:Creating environment descriptor '/home/lunabotics/lunabotics2024/CSU-Lunabotics-2024/lunabotics/install/testing/share/testing/hook/ament_prefix_path.dsv'
[1.937s] INFO:colcon.colcon_core.shell:Creating environment hook '/home/lunabotics/lunabotics2024/CSU-Lunabotics-2024/lunabotics/install/testing/share/testing/hook/ament_prefix_path.sh'
[1.943s] INFO:colcon.colcon_core.shell:Skip shell extension 'powershell' for command environment: Not usable outside of PowerShell
[1.943s] DEBUG:colcon.colcon_core.shell:Skip shell extension 'dsv' for command environment
[1.989s] DEBUG:colcon.colcon_core.event_handler.log_command:Invoking command in '/home/lunabotics/lunabotics2024/CSU-Lunabotics-2024/lunabotics/build/rplidar_ros': CMAKE_PREFIX_PATH=${CMAKE_PREFIX_PATH}:/opt/ros/humble /usr/bin/cmake --build /home/lunabotics/lunabotics2024/CSU-Lunabotics-2024/lunabotics/build/rplidar_ros -- -j4 -l4
[3.566s] INFO:colcon.colcon_core.task.python.build:Building Python package in '/home/lunabotics/lunabotics2024/CSU-Lunabotics-2024/lunabotics/src/testing'
[3.567s] INFO:colcon.colcon_core.shell:Skip shell extension 'powershell' for command environment: Not usable outside of PowerShell
[3.567s] DEBUG:colcon.colcon_core.shell:Skip shell extension 'dsv' for command environment
[3.592s] DEBUG:colcon.colcon_core.event_handler.log_command:Invoked command in '/home/lunabotics/lunabotics2024/CSU-Lunabotics-2024/lunabotics/build/rplidar_ros' returned '0': CMAKE_PREFIX_PATH=${CMAKE_PREFIX_PATH}:/opt/ros/humble /usr/bin/cmake --build /home/lunabotics/lunabotics2024/CSU-Lunabotics-2024/lunabotics/build/rplidar_ros -- -j4 -l4
[3.881s] DEBUG:colcon.colcon_core.event_handler.log_command:Invoking command in '/home/lunabotics/lunabotics2024/CSU-Lunabotics-2024/lunabotics/build/rplidar_ros': CMAKE_PREFIX_PATH=${CMAKE_PREFIX_PATH}:/opt/ros/humble /usr/bin/cmake --install /home/lunabotics/lunabotics2024/CSU-Lunabotics-2024/lunabotics/build/rplidar_ros
[4.007s] Level 1:colcon.colcon_core.environment:create_environment_scripts_only(rplidar_ros)
[4.009s] DEBUG:colcon.colcon_core.event_handler.log_command:Invoked command in '/home/lunabotics/lunabotics2024/CSU-Lunabotics-2024/lunabotics/build/rplidar_ros' returned '0': CMAKE_PREFIX_PATH=${CMAKE_PREFIX_PATH}:/opt/ros/humble /usr/bin/cmake --install /home/lunabotics/lunabotics2024/CSU-Lunabotics-2024/lunabotics/build/rplidar_ros
[4.021s] Level 1:colcon.colcon_core.environment:checking '/home/lunabotics/lunabotics2024/CSU-Lunabotics-2024/lunabotics/install/rplidar_ros' for CMake module files
[4.025s] Level 1:colcon.colcon_core.environment:checking '/home/lunabotics/lunabotics2024/CSU-Lunabotics-2024/lunabotics/install/rplidar_ros' for CMake config files
[4.029s] Level 1:colcon.colcon_core.shell:create_environment_hook('rplidar_ros', 'cmake_prefix_path')
[4.030s] INFO:colcon.colcon_core.shell:Creating environment hook '/home/lunabotics/lunabotics2024/CSU-Lunabotics-2024/lunabotics/install/rplidar_ros/share/rplidar_ros/hook/cmake_prefix_path.ps1'
[4.032s] INFO:colcon.colcon_core.shell:Creating environment descriptor '/home/lunabotics/lunabotics2024/CSU-Lunabotics-2024/lunabotics/install/rplidar_ros/share/rplidar_ros/hook/cmake_prefix_path.dsv'
[4.034s] INFO:colcon.colcon_core.shell:Creating environment hook '/home/lunabotics/lunabotics2024/CSU-Lunabotics-2024/lunabotics/install/rplidar_ros/share/rplidar_ros/hook/cmake_prefix_path.sh'
[4.038s] Level 1:colcon.colcon_core.environment:checking '/home/lunabotics/lunabotics2024/CSU-Lunabotics-2024/lunabotics/install/rplidar_ros/lib'
[4.039s] Level 1:colcon.colcon_core.shell:create_environment_hook('rplidar_ros', 'ld_library_path_lib')
[4.040s] INFO:colcon.colcon_core.shell:Creating environment hook '/home/lunabotics/lunabotics2024/CSU-Lunabotics-2024/lunabotics/install/rplidar_ros/share/rplidar_ros/hook/ld_library_path_lib.ps1'
[4.043s] INFO:colcon.colcon_core.shell:Creating environment descriptor '/home/lunabotics/lunabotics2024/CSU-Lunabotics-2024/lunabotics/install/rplidar_ros/share/rplidar_ros/hook/ld_library_path_lib.dsv'
[4.045s] INFO:colcon.colcon_core.shell:Creating environment hook '/home/lunabotics/lunabotics2024/CSU-Lunabotics-2024/lunabotics/install/rplidar_ros/share/rplidar_ros/hook/ld_library_path_lib.sh'
[4.048s] Level 1:colcon.colcon_core.environment:checking '/home/lunabotics/lunabotics2024/CSU-Lunabotics-2024/lunabotics/install/rplidar_ros/bin'
[4.048s] Level 1:colcon.colcon_core.environment:checking '/home/lunabotics/lunabotics2024/CSU-Lunabotics-2024/lunabotics/install/rplidar_ros/lib/pkgconfig/rplidar_ros.pc'
[4.049s] Level 1:colcon.colcon_core.environment:checking '/home/lunabotics/lunabotics2024/CSU-Lunabotics-2024/lunabotics/install/rplidar_ros/lib/python3.10/site-packages'
[4.051s] Level 1:colcon.colcon_core.environment:checking '/home/lunabotics/lunabotics2024/CSU-Lunabotics-2024/lunabotics/install/rplidar_ros/bin'
[4.055s] INFO:colcon.colcon_core.shell:Creating package script '/home/lunabotics/lunabotics2024/CSU-Lunabotics-2024/lunabotics/install/rplidar_ros/share/rplidar_ros/package.ps1'
[4.059s] INFO:colcon.colcon_core.shell:Creating package descriptor '/home/lunabotics/lunabotics2024/CSU-Lunabotics-2024/lunabotics/install/rplidar_ros/share/rplidar_ros/package.dsv'
[4.063s] INFO:colcon.colcon_core.shell:Creating package script '/home/lunabotics/lunabotics2024/CSU-Lunabotics-2024/lunabotics/install/rplidar_ros/share/rplidar_ros/package.sh'
[4.068s] INFO:colcon.colcon_core.shell:Creating package script '/home/lunabotics/lunabotics2024/CSU-Lunabotics-2024/lunabotics/install/rplidar_ros/share/rplidar_ros/package.bash'
[4.071s] INFO:colcon.colcon_core.shell:Creating package script '/home/lunabotics/lunabotics2024/CSU-Lunabotics-2024/lunabotics/install/rplidar_ros/share/rplidar_ros/package.zsh'
[4.074s] Level 1:colcon.colcon_core.environment:create_file_with_runtime_dependencies(/home/lunabotics/lunabotics2024/CSU-Lunabotics-2024/lunabotics/install/rplidar_ros/share/colcon-core/packages/rplidar_ros)
[4.316s] Level 1:colcon.colcon_core.environment:create_environment_scripts_only(rplidar_ros)
[4.318s] Level 1:colcon.colcon_core.environment:checking '/home/lunabotics/lunabotics2024/CSU-Lunabotics-2024/lunabotics/install/rplidar_ros' for CMake module files
[4.321s] Level 1:colcon.colcon_core.environment:checking '/home/lunabotics/lunabotics2024/CSU-Lunabotics-2024/lunabotics/install/rplidar_ros' for CMake config files
[4.325s] Level 1:colcon.colcon_core.shell:create_environment_hook('rplidar_ros', 'cmake_prefix_path')
[4.326s] INFO:colcon.colcon_core.shell:Creating environment hook '/home/lunabotics/lunabotics2024/CSU-Lunabotics-2024/lunabotics/install/rplidar_ros/share/rplidar_ros/hook/cmake_prefix_path.ps1'
[4.328s] INFO:colcon.colcon_core.shell:Creating environment descriptor '/home/lunabotics/lunabotics2024/CSU-Lunabotics-2024/lunabotics/install/rplidar_ros/share/rplidar_ros/hook/cmake_prefix_path.dsv'
[4.330s] INFO:colcon.colcon_core.shell:Creating environment hook '/home/lunabotics/lunabotics2024/CSU-Lunabotics-2024/lunabotics/install/rplidar_ros/share/rplidar_ros/hook/cmake_prefix_path.sh'
[4.333s] Level 1:colcon.colcon_core.environment:checking '/home/lunabotics/lunabotics2024/CSU-Lunabotics-2024/lunabotics/install/rplidar_ros/lib'
[4.333s] Level 1:colcon.colcon_core.shell:create_environment_hook('rplidar_ros', 'ld_library_path_lib')
[4.334s] INFO:colcon.colcon_core.shell:Creating environment hook '/home/lunabotics/lunabotics2024/CSU-Lunabotics-2024/lunabotics/install/rplidar_ros/share/rplidar_ros/hook/ld_library_path_lib.ps1'
[4.336s] INFO:colcon.colcon_core.shell:Creating environment descriptor '/home/lunabotics/lunabotics2024/CSU-Lunabotics-2024/lunabotics/install/rplidar_ros/share/rplidar_ros/hook/ld_library_path_lib.dsv'
[4.338s] INFO:colcon.colcon_core.shell:Creating environment hook '/home/lunabotics/lunabotics2024/CSU-Lunabotics-2024/lunabotics/install/rplidar_ros/share/rplidar_ros/hook/ld_library_path_lib.sh'
[4.341s] Level 1:colcon.colcon_core.environment:checking '/home/lunabotics/lunabotics2024/CSU-Lunabotics-2024/lunabotics/install/rplidar_ros/bin'
[4.341s] Level 1:colcon.colcon_core.environment:checking '/home/lunabotics/lunabotics2024/CSU-Lunabotics-2024/lunabotics/install/rplidar_ros/lib/pkgconfig/rplidar_ros.pc'
[4.343s] Level 1:colcon.colcon_core.environment:checking '/home/lunabotics/lunabotics2024/CSU-Lunabotics-2024/lunabotics/install/rplidar_ros/lib/python3.10/site-packages'
[4.344s] Level 1:colcon.colcon_core.environment:checking '/home/lunabotics/lunabotics2024/CSU-Lunabotics-2024/lunabotics/install/rplidar_ros/bin'
[4.346s] INFO:colcon.colcon_core.shell:Creating package script '/home/lunabotics/lunabotics2024/CSU-Lunabotics-2024/lunabotics/install/rplidar_ros/share/rplidar_ros/package.ps1'
[4.349s] INFO:colcon.colcon_core.shell:Creating package descriptor '/home/lunabotics/lunabotics2024/CSU-Lunabotics-2024/lunabotics/install/rplidar_ros/share/rplidar_ros/package.dsv'
[4.352s] INFO:colcon.colcon_core.shell:Creating package script '/home/lunabotics/lunabotics2024/CSU-Lunabotics-2024/lunabotics/install/rplidar_ros/share/rplidar_ros/package.sh'
[4.357s] INFO:colcon.colcon_core.shell:Creating package script '/home/lunabotics/lunabotics2024/CSU-Lunabotics-2024/lunabotics/install/rplidar_ros/share/rplidar_ros/package.bash'
[4.361s] INFO:colcon.colcon_core.shell:Creating package script '/home/lunabotics/lunabotics2024/CSU-Lunabotics-2024/lunabotics/install/rplidar_ros/share/rplidar_ros/package.zsh'
[4.363s] Level 1:colcon.colcon_core.environment:create_file_with_runtime_dependencies(/home/lunabotics/lunabotics2024/CSU-Lunabotics-2024/lunabotics/install/rplidar_ros/share/colcon-core/packages/rplidar_ros)
[5.690s] DEBUG:colcon.colcon_core.event_handler.log_command:Invoking command in '/home/lunabotics/lunabotics2024/CSU-Lunabotics-2024/lunabotics/build/testing': PYTHONPATH=/home/lunabotics/lunabotics2024/CSU-Lunabotics-2024/lunabotics/build/testing/prefix_override:/home/lunabotics/lunabotics2024/CSU-Lunabotics-2024/lunabotics/install/testing/lib/python3.10/site-packages:${PYTHONPATH} /usr/bin/python3 -W ignore:setup.py install is deprecated setup.py develop --editable --build-directory /home/lunabotics/lunabotics2024/CSU-Lunabotics-2024/lunabotics/build/testing/build --no-deps symlink_data
[8.535s] Level 1:colcon.colcon_core.shell:create_environment_hook('testing', 'pythonpath_develop')
[8.536s] INFO:colcon.colcon_core.shell:Creating environment hook '/home/lunabotics/lunabotics2024/CSU-Lunabotics-2024/lunabotics/build/testing/share/testing/hook/pythonpath_develop.ps1'
[8.537s] DEBUG:colcon.colcon_core.event_handler.log_command:Invoked command in '/home/lunabotics/lunabotics2024/CSU-Lunabotics-2024/lunabotics/build/testing' returned '0': PYTHONPATH=/home/lunabotics/lunabotics2024/CSU-Lunabotics-2024/lunabotics/build/testing/prefix_override:/home/lunabotics/lunabotics2024/CSU-Lunabotics-2024/lunabotics/install/testing/lib/python3.10/site-packages:${PYTHONPATH} /usr/bin/python3 -W ignore:setup.py install is deprecated setup.py develop --editable --build-directory /home/lunabotics/lunabotics2024/CSU-Lunabotics-2024/lunabotics/build/testing/build --no-deps symlink_data
[8.539s] INFO:colcon.colcon_core.shell:Creating environment descriptor '/home/lunabotics/lunabotics2024/CSU-Lunabotics-2024/lunabotics/build/testing/share/testing/hook/pythonpath_develop.dsv'
[8.541s] INFO:colcon.colcon_core.shell:Creating environment hook '/home/lunabotics/lunabotics2024/CSU-Lunabotics-2024/lunabotics/build/testing/share/testing/hook/pythonpath_develop.sh'
[8.544s] Level 1:colcon.colcon_core.environment:checking '/home/lunabotics/lunabotics2024/CSU-Lunabotics-2024/lunabotics/install/testing' for CMake module files
[8.547s] Level 1:colcon.colcon_core.environment:checking '/home/lunabotics/lunabotics2024/CSU-Lunabotics-2024/lunabotics/install/testing' for CMake config files
[8.551s] Level 1:colcon.colcon_core.environment:checking '/home/lunabotics/lunabotics2024/CSU-Lunabotics-2024/lunabotics/install/testing/lib'
[8.552s] Level 1:colcon.colcon_core.environment:checking '/home/lunabotics/lunabotics2024/CSU-Lunabotics-2024/lunabotics/install/testing/bin'
[8.552s] Level 1:colcon.colcon_core.environment:checking '/home/lunabotics/lunabotics2024/CSU-Lunabotics-2024/lunabotics/install/testing/lib/pkgconfig/testing.pc'
[8.553s] Level 1:colcon.colcon_core.environment:checking '/home/lunabotics/lunabotics2024/CSU-Lunabotics-2024/lunabotics/install/testing/lib/python3.10/site-packages'
[8.554s] Level 1:colcon.colcon_core.shell:create_environment_hook('testing', 'pythonpath')
[8.555s] INFO:colcon.colcon_core.shell:Creating environment hook '/home/lunabotics/lunabotics2024/CSU-Lunabotics-2024/lunabotics/install/testing/share/testing/hook/pythonpath.ps1'
[8.557s] INFO:colcon.colcon_core.shell:Creating environment descriptor '/home/lunabotics/lunabotics2024/CSU-Lunabotics-2024/lunabotics/install/testing/share/testing/hook/pythonpath.dsv'
[8.559s] INFO:colcon.colcon_core.shell:Creating environment hook '/home/lunabotics/lunabotics2024/CSU-Lunabotics-2024/lunabotics/install/testing/share/testing/hook/pythonpath.sh'
[8.561s] Level 1:colcon.colcon_core.environment:checking '/home/lunabotics/lunabotics2024/CSU-Lunabotics-2024/lunabotics/install/testing/bin'
[8.562s] Level 1:colcon.colcon_core.environment:create_environment_scripts_only(testing)
[8.563s] INFO:colcon.colcon_core.shell:Creating package script '/home/lunabotics/lunabotics2024/CSU-Lunabotics-2024/lunabotics/install/testing/share/testing/package.ps1'
[8.566s] INFO:colcon.colcon_core.shell:Creating package descriptor '/home/lunabotics/lunabotics2024/CSU-Lunabotics-2024/lunabotics/install/testing/share/testing/package.dsv'
[8.568s] INFO:colcon.colcon_core.shell:Creating package script '/home/lunabotics/lunabotics2024/CSU-Lunabotics-2024/lunabotics/install/testing/share/testing/package.sh'
[8.571s] INFO:colcon.colcon_core.shell:Creating package script '/home/lunabotics/lunabotics2024/CSU-Lunabotics-2024/lunabotics/install/testing/share/testing/package.bash'
[8.573s] INFO:colcon.colcon_core.shell:Creating package script '/home/lunabotics/lunabotics2024/CSU-Lunabotics-2024/lunabotics/install/testing/share/testing/package.zsh'
[8.575s] Level 1:colcon.colcon_core.environment:create_file_with_runtime_dependencies(/home/lunabotics/lunabotics2024/CSU-Lunabotics-2024/lunabotics/install/testing/share/colcon-core/packages/testing)
[8.577s] DEBUG:colcon.colcon_parallel_executor.executor.parallel:closing loop
[8.579s] DEBUG:colcon.colcon_parallel_executor.executor.parallel:loop closed
[8.580s] DEBUG:colcon.colcon_parallel_executor.executor.parallel:run_until_complete finished with '0'
[8.581s] DEBUG:colcon.colcon_core.event_reactor:joining thread
[8.607s] INFO:colcon.colcon_core.plugin_system:Skipping extension 'colcon_notification.desktop_notification.terminal_notifier': Not used on non-Darwin systems
[8.607s] INFO:colcon.colcon_core.plugin_system:Skipping extension 'colcon_notification.desktop_notification.win32': Not used on non-Windows systems
[8.608s] INFO:colcon.colcon_notification.desktop_notification:Sending desktop notification using 'notify2'
[8.666s] DEBUG:colcon.colcon_core.event_reactor:joined thread
[8.668s] INFO:colcon.colcon_core.shell:Creating prefix script '/home/lunabotics/lunabotics2024/CSU-Lunabotics-2024/lunabotics/install/local_setup.ps1'
[8.672s] INFO:colcon.colcon_core.shell:Creating prefix util module '/home/lunabotics/lunabotics2024/CSU-Lunabotics-2024/lunabotics/install/_local_setup_util_ps1.py'
[8.679s] INFO:colcon.colcon_core.shell:Creating prefix chain script '/home/lunabotics/lunabotics2024/CSU-Lunabotics-2024/lunabotics/install/setup.ps1'
[8.684s] INFO:colcon.colcon_core.shell:Creating prefix script '/home/lunabotics/lunabotics2024/CSU-Lunabotics-2024/lunabotics/install/local_setup.sh'
[8.688s] INFO:colcon.colcon_core.shell:Creating prefix util module '/home/lunabotics/lunabotics2024/CSU-Lunabotics-2024/lunabotics/install/_local_setup_util_sh.py'
[8.691s] INFO:colcon.colcon_core.shell:Creating prefix chain script '/home/lunabotics/lunabotics2024/CSU-Lunabotics-2024/lunabotics/install/setup.sh'
[8.697s] INFO:colcon.colcon_core.shell:Creating prefix script '/home/lunabotics/lunabotics2024/CSU-Lunabotics-2024/lunabotics/install/local_setup.bash'
[8.700s] INFO:colcon.colcon_core.shell:Creating prefix chain script '/home/lunabotics/lunabotics2024/CSU-Lunabotics-2024/lunabotics/install/setup.bash'
[8.705s] INFO:colcon.colcon_core.shell:Creating prefix script '/home/lunabotics/lunabotics2024/CSU-Lunabotics-2024/lunabotics/install/local_setup.zsh'
[8.709s] INFO:colcon.colcon_core.shell:Creating prefix chain script '/home/lunabotics/lunabotics2024/CSU-Lunabotics-2024/lunabotics/install/setup.zsh'
