[1.897s] Invoking command in '/home/lunabotics/ros_lunabotics/build/rplidar_ros': CMAKE_PREFIX_PATH=/opt/ros/humble /usr/bin/cmake --build /home/lunabotics/ros_lunabotics/build/rplidar_ros -- -j4 -l4
[2.090s] [35m[1mConsolidate compiler generated dependencies of target rplidar_composition_node[0m
[2.211s] [ 77%] Built target rplidar_composition_node
[2.260s] [35m[1mConsolidate compiler generated dependencies of target rplidar_composition[0m
[2.349s] [100%] Built target rplidar_composition
[2.393s] Invoked command in '/home/lunabotics/ros_lunabotics/build/rplidar_ros' returned '0': CMAKE_PREFIX_PATH=/opt/ros/humble /usr/bin/cmake --build /home/lunabotics/ros_lunabotics/build/rplidar_ros -- -j4 -l4
[2.618s] Invoking command in '/home/lunabotics/ros_lunabotics/build/rplidar_ros': CMAKE_PREFIX_PATH=/opt/ros/humble /usr/bin/cmake --install /home/lunabotics/ros_lunabotics/build/rplidar_ros
[2.646s] -- Install configuration: ""
[2.648s] -- Execute custom install script
[2.649s] -- Up-to-date symlink: /home/lunabotics/ros_lunabotics/install/rplidar_ros/lib/rplidar_ros/rplidar_composition
[2.652s] -- Up-to-date symlink: /home/lunabotics/ros_lunabotics/install/rplidar_ros/share/rplidar_ros/launch/rplidar.launch.py
[2.653s] -- Up-to-date symlink: /home/lunabotics/ros_lunabotics/install/rplidar_ros/share/rplidar_ros/launch/rplidar_a3.launch.py
[2.654s] -- Up-to-date symlink: /home/lunabotics/ros_lunabotics/install/rplidar_ros/share/rplidar_ros/launch/rplidar_s1.launch.py
[2.655s] -- Up-to-date symlink: /home/lunabotics/ros_lunabotics/install/rplidar_ros/share/rplidar_ros/launch/rplidar_s1_tcp.launch.py
[2.656s] -- Up-to-date symlink: /home/lunabotics/ros_lunabotics/install/rplidar_ros/share/rplidar_ros/launch/test_rplidar_a3.launch.py
[2.657s] -- Up-to-date symlink: /home/lunabotics/ros_lunabotics/install/rplidar_ros/share/rplidar_ros/launch/view_rplidar.launch.py
[2.658s] -- Up-to-date symlink: /home/lunabotics/ros_lunabotics/install/rplidar_ros/share/rplidar_ros/launch/view_rplidar_a3.launch.py
[2.658s] -- Up-to-date symlink: /home/lunabotics/ros_lunabotics/install/rplidar_ros/share/rplidar_ros/launch/view_rplidar_s1.launch.py
[2.659s] -- Up-to-date symlink: /home/lunabotics/ros_lunabotics/install/rplidar_ros/share/rplidar_ros/launch/view_rplidar_s1_tcp.launch.py
[2.661s] -- Up-to-date symlink: /home/lunabotics/ros_lunabotics/install/rplidar_ros/share/rplidar_ros/rviz/rplidar.rviz
[2.662s] -- Up-to-date symlink: /home/lunabotics/ros_lunabotics/install/rplidar_ros/lib/librplidar_composition_node.so
[2.664s] -- Up-to-date symlink: /home/lunabotics/ros_lunabotics/install/rplidar_ros/include/rplidar_node.hpp
[2.665s] -- Up-to-date symlink: /home/lunabotics/ros_lunabotics/install/rplidar_ros/include/visibility.h
[2.667s] -- Up-to-date symlink: /home/lunabotics/ros_lunabotics/install/rplidar_ros/lib/rplidar_ros/rplidar_composition
[2.668s] -- Up-to-date symlink: /home/lunabotics/ros_lunabotics/install/rplidar_ros/share/ament_index/resource_index/package_run_dependencies/rplidar_ros
[2.670s] -- Up-to-date symlink: /home/lunabotics/ros_lunabotics/install/rplidar_ros/share/ament_index/resource_index/parent_prefix_path/rplidar_ros
[2.671s] -- Up-to-date symlink: /home/lunabotics/ros_lunabotics/install/rplidar_ros/share/rplidar_ros/environment/ament_prefix_path.sh
[2.672s] -- Up-to-date symlink: /home/lunabotics/ros_lunabotics/install/rplidar_ros/share/rplidar_ros/environment/ament_prefix_path.dsv
[2.673s] -- Up-to-date symlink: /home/lunabotics/ros_lunabotics/install/rplidar_ros/share/rplidar_ros/environment/path.sh
[2.674s] -- Up-to-date symlink: /home/lunabotics/ros_lunabotics/install/rplidar_ros/share/rplidar_ros/environment/path.dsv
[2.675s] -- Up-to-date symlink: /home/lunabotics/ros_lunabotics/install/rplidar_ros/share/rplidar_ros/local_setup.bash
[2.676s] -- Up-to-date symlink: /home/lunabotics/ros_lunabotics/install/rplidar_ros/share/rplidar_ros/local_setup.sh
[2.678s] -- Up-to-date symlink: /home/lunabotics/ros_lunabotics/install/rplidar_ros/share/rplidar_ros/local_setup.zsh
[2.679s] -- Up-to-date symlink: /home/lunabotics/ros_lunabotics/install/rplidar_ros/share/rplidar_ros/local_setup.dsv
[2.679s] -- Symlinking: /home/lunabotics/ros_lunabotics/install/rplidar_ros/share/rplidar_ros/package.dsv
[2.714s] -- Up-to-date symlink: /home/lunabotics/ros_lunabotics/install/rplidar_ros/share/ament_index/resource_index/packages/rplidar_ros
[2.715s] -- Up-to-date symlink: /home/lunabotics/ros_lunabotics/install/rplidar_ros/share/ament_index/resource_index/rclcpp_components/rplidar_ros
[2.717s] -- Up-to-date symlink: /home/lunabotics/ros_lunabotics/install/rplidar_ros/share/rplidar_ros/cmake/ament_cmake_export_dependencies-extras.cmake
[2.718s] -- Up-to-date symlink: /home/lunabotics/ros_lunabotics/install/rplidar_ros/share/rplidar_ros/cmake/ament_cmake_export_include_directories-extras.cmake
[2.719s] -- Up-to-date symlink: /home/lunabotics/ros_lunabotics/install/rplidar_ros/share/rplidar_ros/cmake/rplidar_rosConfig.cmake
[2.720s] -- Up-to-date symlink: /home/lunabotics/ros_lunabotics/install/rplidar_ros/share/rplidar_ros/cmake/rplidar_rosConfig-version.cmake
[2.721s] -- Up-to-date symlink: /home/lunabotics/ros_lunabotics/install/rplidar_ros/share/rplidar_ros/package.xml
[2.728s] Invoked command in '/home/lunabotics/ros_lunabotics/build/rplidar_ros' returned '0': CMAKE_PREFIX_PATH=/opt/ros/humble /usr/bin/cmake --install /home/lunabotics/ros_lunabotics/build/rplidar_ros
